<?xml version="1.0" encoding="UTF-8"?>
<testsuite xmlns:xsi="http://www.w3.org/2001/XMLSchema-instance" xsi:noNamespaceSchemaLocation="https://maven.apache.org/surefire/maven-surefire-plugin/xsd/surefire-test-report-3.0.xsd" version="3.0" name="tests.TestAppointments" time="682.408" tests="15" errors="2" skipped="0" failures="0">
  <properties>
[...]
</properties>
  <testcase name="checkCancelAppointmentAfterChangeKUNAG" classname="tests.TestAppointments" time="46.244">
    <system-out><![CDATA[auto-9d4c84055b41
Request SOAP Message:
<SOAP-ENV:Envelope xmlns:SOAP-ENV="http://schemas.xmlsoap.org/soap/envelope/" xmlns:ns="http://schemas.datacontract.org/2004/07/" xmlns:tem="http://tempuri.org/"><SOAP-ENV:Header/><SOAP-ENV:Body><tem:Load><tem:packages><ns:DT_TrOrder_OutDeliv><ns:Document><ns:DT_TrOrder_OutDelivDocument><ns:COMMENT_TXT>123</ns:COMMENT_TXT><ns:COST>500</ns:COST><ns:DATE_ARR>123</ns:DATE_ARR><ns:DATE_LICENSE>123</ns:DATE_LICENSE><ns:DATE_SEND>20240130</ns:DATE_SEND><ns:DATE_SEND_BY>20240130</ns:DATE_SEND_BY><ns:DATE_SEND_FR>20231110</ns:DATE_SEND_FR><ns:DATE_WU>123</ns:DATE_WU><ns:DRIVER>123</ns:DRIVER><ns:DRIVER_LICENSE>123</ns:DRIVER_LICENSE><ns:DRIVER_PHONE>123</ns:DRIVER_PHONE><ns:Delivery><ns:DT_TrOrder_OutDelivDocumentDelivery><ns:ADDRESS_DESCR>РіРѕСЂРѕРґ РњРѕСЃРєРІР°, СѓР»РёС†Р° Р§РµСЂРµРјСѓС€РєРёРЅСЃРєР°СЏ РЅР°Р±РµСЂРµР¶РЅР°СЏ, РґРѕРј 18</ns:ADDRESS_DESCR><ns:BLDAT>123</ns:BLDAT><ns:DES_LOC>123</ns:DES_LOC><ns:DES_LOC_TEXT>РўРµСЃС‚РѕРІС‹Р№ РџРћ РњРѕСЃРєРІР° </ns:DES_LOC_TEXT><ns:DeliveryItem><ns:DT_TrOrder_OutDelivDocumentDeliveryDeliveryItem><ns:ARKTX>РњР°СЃР»Рѕ РјРѕС‚ Р› РђРІР°РЅРі РЈР»СЊС‚СЂР° PLUS SAE 10W-40 </ns:ARKTX><ns:BISMT>123456</ns:BISMT><ns:BRGEW>217.880</ns:BRGEW><ns:CHARG>123</ns:CHARG><ns:DENSITY>123</ns:DENSITY><ns:GEWEI>KG</ns:GEWEI><ns:LFIMG>123</ns:LFIMG><ns:LGMNG>217.650</ns:LGMNG><ns:LGORT>0001</ns:LGORT><ns:MATKL>3127</ns:MATKL><ns:MATNR>00000000000000022</ns:MATNR><ns:MEINS>KG</ns:MEINS><ns:NTGEW>0.080</ns:NTGEW><ns:POSNR>000020</ns:POSNR><ns:TEMPB>123</ns:TEMPB><ns:VISCOSITY>123</ns:VISCOSITY><ns:VRKME>KG</ns:VRKME><ns:WERKS>2420</ns:WERKS><ns:ZBP_TEXT>123</ns:ZBP_TEXT><ns:ZMT_TEXT>123</ns:ZMT_TEXT></ns:DT_TrOrder_OutDelivDocumentDeliveryDeliveryItem></ns:DeliveryItem><ns:INCO1>CPT</ns:INCO1><ns:INCO2>(РўРќРџ) Рђ/Рџ Р”РћРњРћР”Р•Р”РћР’Рћ</ns:INCO2><ns:KUNAG>147838</ns:KUNAG><ns:KUNAG_NAME>РћРћРћ Р Р�Рљ РїРѕРєСѓРїР°С‚РµР»СЏ</ns:KUNAG_NAME><ns:KUNNR/><ns:KUNNR_NAME>РћРћРћ Р Р�Рљ Р“СЂСѓР·РѕРїРѕР»СѓС‡Р°С‚РµР»СЊ</ns:KUNNR_NAME><ns:LADGR>123</ns:LADGR><ns:LADGR_TEXT>123</ns:LADGR_TEXT><ns:LFART>ZMLI</ns:LFART><ns:SRC_LOC>SP_2420</ns:SRC_LOC><ns:SRC_LOC_TXT>РџРћ 2420 Р›Р›Рљ РўРџРџ Р’РѕР»РіРѕРіСЂР°Рґ</ns:SRC_LOC_TXT><ns:STAGE_ROUTE>00001</ns:STAGE_ROUTE><ns:TRATY_STAGE>9018</ns:TRATY_STAGE><ns:VBELN>7000239609</ns:VBELN><ns:VBTYP>J</ns:VBTYP><ns:VKORG>2400</ns:VKORG><ns:VSTEL>2420</ns:VSTEL><ns:XABLN>123</ns:XABLN><ns:XPOS>55,720722</ns:XPOS><ns:YPOS>37.774463</ns:YPOS></ns:DT_TrOrder_OutDelivDocumentDelivery></ns:Delivery><ns:LICENSE>123</ns:LICENSE><ns:NET_DURATION>180</ns:NET_DURATION><ns:SEND_TO_SYSTEM>123</ns:SEND_TO_SYSTEM><ns:SIGN_DEL/><ns:STATUS>01</ns:STATUS><ns:STATUS_RECORD>123</ns:STATUS_RECORD><ns:TDLNR>147838</ns:TDLNR><ns:TDLNR_NAME>Р›Рљ РўСѓРґР°-РЎСЋРґР°</ns:TDLNR_NAME><ns:TIME_ARR>123</ns:TIME_ARR><ns:TIME_SEND>000000</ns:TIME_SEND><ns:TIME_SEND_BY>000000</ns:TIME_SEND_BY><ns:TIME_SEND_FR>000000</ns:TIME_SEND_FR><ns:TOR_ID>auto-9d4c84055b41</ns:TOR_ID><ns:TRATY>123</ns:TRATY><ns:TRATY_TXT>123</ns:TRATY_TXT><ns:VEHICLE_CONTAINER>123</ns:VEHICLE_CONTAINER><ns:VEHICLE_NUMBER>123</ns:VEHICLE_NUMBER><ns:VSBED>123</ns:VSBED><ns:VSBED_TXT>123</ns:VSBED_TXT><ns:VSTEL_TOR>2420</ns:VSTEL_TOR><ns:VSTEL_TOR_TEXT>РђРґСЂРµСЃ РїСѓРЅРєС‚Р° РѕС‚РіСЂСѓР·РєРё РњРѕСЃРєРІР°</ns:VSTEL_TOR_TEXT></ns:DT_TrOrder_OutDelivDocument></ns:Document><ns:GuidMsgOutb>165A59AB7CA7RFDABBB9d4c84055b41</ns:GuidMsgOutb><ns:SystemReceiver>123</ns:SystemReceiver><ns:SystemSender>123</ns:SystemSender></ns:DT_TrOrder_OutDeliv></tem:packages></tem:Load></SOAP-ENV:Body></SOAP-ENV:Envelope>

Select day: 1/31/2024
Select slot: 09:00
auto-9d4c84055b41
Request SOAP Message:
<SOAP-ENV:Envelope xmlns:SOAP-ENV="http://schemas.xmlsoap.org/soap/envelope/" xmlns:ns="http://schemas.datacontract.org/2004/07/" xmlns:tem="http://tempuri.org/"><SOAP-ENV:Header/><SOAP-ENV:Body><tem:Load><tem:packages><ns:DT_TrOrder_OutDeliv><ns:Document><ns:DT_TrOrder_OutDelivDocument><ns:COMMENT_TXT>123</ns:COMMENT_TXT><ns:COST>500</ns:COST><ns:DATE_ARR>123</ns:DATE_ARR><ns:DATE_LICENSE>123</ns:DATE_LICENSE><ns:DATE_SEND>20240130</ns:DATE_SEND><ns:DATE_SEND_BY>20240130</ns:DATE_SEND_BY><ns:DATE_SEND_FR>20231110</ns:DATE_SEND_FR><ns:DATE_WU>123</ns:DATE_WU><ns:DRIVER>123</ns:DRIVER><ns:DRIVER_LICENSE>123</ns:DRIVER_LICENSE><ns:DRIVER_PHONE>123</ns:DRIVER_PHONE><ns:Delivery><ns:DT_TrOrder_OutDelivDocumentDelivery><ns:ADDRESS_DESCR>РіРѕСЂРѕРґ РњРѕСЃРєРІР°, СѓР»РёС†Р° Р§РµСЂРµРјСѓС€РєРёРЅСЃРєР°СЏ РЅР°Р±РµСЂРµР¶РЅР°СЏ, РґРѕРј 18</ns:ADDRESS_DESCR><ns:BLDAT>123</ns:BLDAT><ns:DES_LOC>123</ns:DES_LOC><ns:DES_LOC_TEXT>РўРµСЃС‚РѕРІС‹Р№ РџРћ РњРѕСЃРєРІР° </ns:DES_LOC_TEXT><ns:DeliveryItem><ns:DT_TrOrder_OutDelivDocumentDeliveryDeliveryItem><ns:ARKTX>РњР°СЃР»Рѕ РјРѕС‚ Р› РђРІР°РЅРі РЈР»СЊС‚СЂР° PLUS SAE 10W-40 </ns:ARKTX><ns:BISMT>123456</ns:BISMT><ns:BRGEW>217.880</ns:BRGEW><ns:CHARG>123</ns:CHARG><ns:DENSITY>123</ns:DENSITY><ns:GEWEI>KG</ns:GEWEI><ns:LFIMG>123</ns:LFIMG><ns:LGMNG>217.650</ns:LGMNG><ns:LGORT>0001</ns:LGORT><ns:MATKL>3127</ns:MATKL><ns:MATNR>00000000000000022</ns:MATNR><ns:MEINS>KG</ns:MEINS><ns:NTGEW>0.080</ns:NTGEW><ns:POSNR>000020</ns:POSNR><ns:TEMPB>123</ns:TEMPB><ns:VISCOSITY>123</ns:VISCOSITY><ns:VRKME>KG</ns:VRKME><ns:WERKS>2420</ns:WERKS><ns:ZBP_TEXT>123</ns:ZBP_TEXT><ns:ZMT_TEXT>123</ns:ZMT_TEXT></ns:DT_TrOrder_OutDelivDocumentDeliveryDeliveryItem></ns:DeliveryItem><ns:INCO1>CPT</ns:INCO1><ns:INCO2>(РўРќРџ) Рђ/Рџ Р”РћРњРћР”Р•Р”РћР’Рћ</ns:INCO2><ns:KUNAG>181688</ns:KUNAG><ns:KUNAG_NAME>РћРћРћ Р Р�Рљ РїРѕРєСѓРїР°С‚РµР»СЏ</ns:KUNAG_NAME><ns:KUNNR/><ns:KUNNR_NAME>РћРћРћ Р Р�Рљ Р“СЂСѓР·РѕРїРѕР»СѓС‡Р°С‚РµР»СЊ</ns:KUNNR_NAME><ns:LADGR>123</ns:LADGR><ns:LADGR_TEXT>123</ns:LADGR_TEXT><ns:LFART>ZMLI</ns:LFART><ns:SRC_LOC>SP_2420</ns:SRC_LOC><ns:SRC_LOC_TXT>РџРћ 2420 Р›Р›Рљ РўРџРџ Р’РѕР»РіРѕРіСЂР°Рґ</ns:SRC_LOC_TXT><ns:STAGE_ROUTE>00001</ns:STAGE_ROUTE><ns:TRATY_STAGE>9018</ns:TRATY_STAGE><ns:VBELN>7000239609</ns:VBELN><ns:VBTYP>J</ns:VBTYP><ns:VKORG>2400</ns:VKORG><ns:VSTEL>2420</ns:VSTEL><ns:XABLN>123</ns:XABLN><ns:XPOS>55,720722</ns:XPOS><ns:YPOS>37.774463</ns:YPOS></ns:DT_TrOrder_OutDelivDocumentDelivery></ns:Delivery><ns:LICENSE>123</ns:LICENSE><ns:NET_DURATION>180</ns:NET_DURATION><ns:SEND_TO_SYSTEM>123</ns:SEND_TO_SYSTEM><ns:SIGN_DEL/><ns:STATUS>01</ns:STATUS><ns:STATUS_RECORD>123</ns:STATUS_RECORD><ns:TDLNR>147838</ns:TDLNR><ns:TDLNR_NAME>Р›Рљ РўСѓРґР°-РЎСЋРґР°</ns:TDLNR_NAME><ns:TIME_ARR>123</ns:TIME_ARR><ns:TIME_SEND>000000</ns:TIME_SEND><ns:TIME_SEND_BY>000000</ns:TIME_SEND_BY><ns:TIME_SEND_FR>000000</ns:TIME_SEND_FR><ns:TOR_ID>auto-9d4c84055b41</ns:TOR_ID><ns:TRATY>123</ns:TRATY><ns:TRATY_TXT>123</ns:TRATY_TXT><ns:VEHICLE_CONTAINER>123</ns:VEHICLE_CONTAINER><ns:VEHICLE_NUMBER>123</ns:VEHICLE_NUMBER><ns:VSBED>123</ns:VSBED><ns:VSBED_TXT>123</ns:VSBED_TXT><ns:VSTEL_TOR>2420</ns:VSTEL_TOR><ns:VSTEL_TOR_TEXT>РђРґСЂРµСЃ РїСѓРЅРєС‚Р° РѕС‚РіСЂСѓР·РєРё РњРѕСЃРєРІР°</ns:VSTEL_TOR_TEXT></ns:DT_TrOrder_OutDelivDocument></ns:Document><ns:GuidMsgOutb>165A59AB7CA7RFDABBB95ba453dd38f</ns:GuidMsgOutb><ns:SystemReceiver>123</ns:SystemReceiver><ns:SystemSender>123</ns:SystemSender></ns:DT_TrOrder_OutDeliv></tem:packages></tem:Load></SOAP-ENV:Body></SOAP-ENV:Envelope>

]]></system-out>
    <system-err><![CDATA[SLF4J: Failed to load class "org.slf4j.impl.StaticLoggerBinder".
SLF4J: Defaulting to no-operation (NOP) logger implementation
SLF4J: See http://www.slf4j.org/codes.html#StaticLoggerBinder for further details.
янв. 30, 2024 4:02:16 PM org.openqa.selenium.remote.tracing.opentelemetry.OpenTelemetryTracer createTracer
INFO: Using OpenTelemetry for tracing
]]></system-err>
  </testcase>
  <testcase name="checkCancelAppointmentAfterChangeKUNNR" classname="tests.TestAppointments" time="46.46">
    <system-out><![CDATA[auto-9e5ead01500d
Request SOAP Message:
<SOAP-ENV:Envelope xmlns:SOAP-ENV="http://schemas.xmlsoap.org/soap/envelope/" xmlns:ns="http://schemas.datacontract.org/2004/07/" xmlns:tem="http://tempuri.org/"><SOAP-ENV:Header/><SOAP-ENV:Body><tem:Load><tem:packages><ns:DT_TrOrder_OutDeliv><ns:Document><ns:DT_TrOrder_OutDelivDocument><ns:COMMENT_TXT>123</ns:COMMENT_TXT><ns:COST>500</ns:COST><ns:DATE_ARR>123</ns:DATE_ARR><ns:DATE_LICENSE>123</ns:DATE_LICENSE><ns:DATE_SEND>20240130</ns:DATE_SEND><ns:DATE_SEND_BY>20240130</ns:DATE_SEND_BY><ns:DATE_SEND_FR>20231110</ns:DATE_SEND_FR><ns:DATE_WU>123</ns:DATE_WU><ns:DRIVER>123</ns:DRIVER><ns:DRIVER_LICENSE>123</ns:DRIVER_LICENSE><ns:DRIVER_PHONE>123</ns:DRIVER_PHONE><ns:Delivery><ns:DT_TrOrder_OutDelivDocumentDelivery><ns:ADDRESS_DESCR>РіРѕСЂРѕРґ РњРѕСЃРєРІР°, СѓР»РёС†Р° Р§РµСЂРµРјСѓС€РєРёРЅСЃРєР°СЏ РЅР°Р±РµСЂРµР¶РЅР°СЏ, РґРѕРј 18</ns:ADDRESS_DESCR><ns:BLDAT>123</ns:BLDAT><ns:DES_LOC>123</ns:DES_LOC><ns:DES_LOC_TEXT>РўРµСЃС‚РѕРІС‹Р№ РџРћ РњРѕСЃРєРІР° </ns:DES_LOC_TEXT><ns:DeliveryItem><ns:DT_TrOrder_OutDelivDocumentDeliveryDeliveryItem><ns:ARKTX>РњР°СЃР»Рѕ РјРѕС‚ Р› РђРІР°РЅРі РЈР»СЊС‚СЂР° PLUS SAE 10W-40 </ns:ARKTX><ns:BISMT>123456</ns:BISMT><ns:BRGEW>217.880</ns:BRGEW><ns:CHARG>123</ns:CHARG><ns:DENSITY>123</ns:DENSITY><ns:GEWEI>KG</ns:GEWEI><ns:LFIMG>123</ns:LFIMG><ns:LGMNG>217.650</ns:LGMNG><ns:LGORT>0001</ns:LGORT><ns:MATKL>3127</ns:MATKL><ns:MATNR>00000000000000022</ns:MATNR><ns:MEINS>KG</ns:MEINS><ns:NTGEW>0.080</ns:NTGEW><ns:POSNR>000020</ns:POSNR><ns:TEMPB>123</ns:TEMPB><ns:VISCOSITY>123</ns:VISCOSITY><ns:VRKME>KG</ns:VRKME><ns:WERKS>2420</ns:WERKS><ns:ZBP_TEXT>123</ns:ZBP_TEXT><ns:ZMT_TEXT>123</ns:ZMT_TEXT></ns:DT_TrOrder_OutDelivDocumentDeliveryDeliveryItem></ns:DeliveryItem><ns:INCO1>CPT</ns:INCO1><ns:INCO2>(РўРќРџ) Рђ/Рџ Р”РћРњРћР”Р•Р”РћР’Рћ</ns:INCO2><ns:KUNAG>147838</ns:KUNAG><ns:KUNAG_NAME>РћРћРћ Р Р�Рљ РїРѕРєСѓРїР°С‚РµР»СЏ</ns:KUNAG_NAME><ns:KUNNR/><ns:KUNNR_NAME>РћРћРћ Р Р�Рљ Р“СЂСѓР·РѕРїРѕР»СѓС‡Р°С‚РµР»СЊ</ns:KUNNR_NAME><ns:LADGR>123</ns:LADGR><ns:LADGR_TEXT>123</ns:LADGR_TEXT><ns:LFART>ZMLI</ns:LFART><ns:SRC_LOC>SP_2420</ns:SRC_LOC><ns:SRC_LOC_TXT>РџРћ 2420 Р›Р›Рљ РўРџРџ Р’РѕР»РіРѕРіСЂР°Рґ</ns:SRC_LOC_TXT><ns:STAGE_ROUTE>00001</ns:STAGE_ROUTE><ns:TRATY_STAGE>9018</ns:TRATY_STAGE><ns:VBELN>7000239609</ns:VBELN><ns:VBTYP>J</ns:VBTYP><ns:VKORG>2400</ns:VKORG><ns:VSTEL>2420</ns:VSTEL><ns:XABLN>123</ns:XABLN><ns:XPOS>55,720722</ns:XPOS><ns:YPOS>37.774463</ns:YPOS></ns:DT_TrOrder_OutDelivDocumentDelivery></ns:Delivery><ns:LICENSE>123</ns:LICENSE><ns:NET_DURATION>180</ns:NET_DURATION><ns:SEND_TO_SYSTEM>123</ns:SEND_TO_SYSTEM><ns:SIGN_DEL/><ns:STATUS>01</ns:STATUS><ns:STATUS_RECORD>123</ns:STATUS_RECORD><ns:TDLNR>147838</ns:TDLNR><ns:TDLNR_NAME>Р›Рљ РўСѓРґР°-РЎСЋРґР°</ns:TDLNR_NAME><ns:TIME_ARR>123</ns:TIME_ARR><ns:TIME_SEND>000000</ns:TIME_SEND><ns:TIME_SEND_BY>000000</ns:TIME_SEND_BY><ns:TIME_SEND_FR>000000</ns:TIME_SEND_FR><ns:TOR_ID>auto-9e5ead01500d</ns:TOR_ID><ns:TRATY>123</ns:TRATY><ns:TRATY_TXT>123</ns:TRATY_TXT><ns:VEHICLE_CONTAINER>123</ns:VEHICLE_CONTAINER><ns:VEHICLE_NUMBER>123</ns:VEHICLE_NUMBER><ns:VSBED>123</ns:VSBED><ns:VSBED_TXT>123</ns:VSBED_TXT><ns:VSTEL_TOR>2420</ns:VSTEL_TOR><ns:VSTEL_TOR_TEXT>РђРґСЂРµСЃ РїСѓРЅРєС‚Р° РѕС‚РіСЂСѓР·РєРё РњРѕСЃРєРІР°</ns:VSTEL_TOR_TEXT></ns:DT_TrOrder_OutDelivDocument></ns:Document><ns:GuidMsgOutb>165A59AB7CA7RFDABBB9e5ead01500d</ns:GuidMsgOutb><ns:SystemReceiver>123</ns:SystemReceiver><ns:SystemSender>123</ns:SystemSender></ns:DT_TrOrder_OutDeliv></tem:packages></tem:Load></SOAP-ENV:Body></SOAP-ENV:Envelope>

Select day: 1/31/2024
Select slot: 09:00
auto-9e5ead01500d
Request SOAP Message:
<SOAP-ENV:Envelope xmlns:SOAP-ENV="http://schemas.xmlsoap.org/soap/envelope/" xmlns:ns="http://schemas.datacontract.org/2004/07/" xmlns:tem="http://tempuri.org/"><SOAP-ENV:Header/><SOAP-ENV:Body><tem:Load><tem:packages><ns:DT_TrOrder_OutDeliv><ns:Document><ns:DT_TrOrder_OutDelivDocument><ns:COMMENT_TXT>123</ns:COMMENT_TXT><ns:COST>500</ns:COST><ns:DATE_ARR>123</ns:DATE_ARR><ns:DATE_LICENSE>123</ns:DATE_LICENSE><ns:DATE_SEND>20240130</ns:DATE_SEND><ns:DATE_SEND_BY>20240130</ns:DATE_SEND_BY><ns:DATE_SEND_FR>20231110</ns:DATE_SEND_FR><ns:DATE_WU>123</ns:DATE_WU><ns:DRIVER>123</ns:DRIVER><ns:DRIVER_LICENSE>123</ns:DRIVER_LICENSE><ns:DRIVER_PHONE>123</ns:DRIVER_PHONE><ns:Delivery><ns:DT_TrOrder_OutDelivDocumentDelivery><ns:ADDRESS_DESCR>РіРѕСЂРѕРґ РњРѕСЃРєРІР°, СѓР»РёС†Р° Р§РµСЂРµРјСѓС€РєРёРЅСЃРєР°СЏ РЅР°Р±РµСЂРµР¶РЅР°СЏ, РґРѕРј 18</ns:ADDRESS_DESCR><ns:BLDAT>123</ns:BLDAT><ns:DES_LOC>123</ns:DES_LOC><ns:DES_LOC_TEXT>РўРµСЃС‚РѕРІС‹Р№ РџРћ РњРѕСЃРєРІР° </ns:DES_LOC_TEXT><ns:DeliveryItem><ns:DT_TrOrder_OutDelivDocumentDeliveryDeliveryItem><ns:ARKTX>РњР°СЃР»Рѕ РјРѕС‚ Р› РђРІР°РЅРі РЈР»СЊС‚СЂР° PLUS SAE 10W-40 </ns:ARKTX><ns:BISMT>123456</ns:BISMT><ns:BRGEW>217.880</ns:BRGEW><ns:CHARG>123</ns:CHARG><ns:DENSITY>123</ns:DENSITY><ns:GEWEI>KG</ns:GEWEI><ns:LFIMG>123</ns:LFIMG><ns:LGMNG>217.650</ns:LGMNG><ns:LGORT>0001</ns:LGORT><ns:MATKL>3127</ns:MATKL><ns:MATNR>00000000000000022</ns:MATNR><ns:MEINS>KG</ns:MEINS><ns:NTGEW>0.080</ns:NTGEW><ns:POSNR>000020</ns:POSNR><ns:TEMPB>123</ns:TEMPB><ns:VISCOSITY>123</ns:VISCOSITY><ns:VRKME>KG</ns:VRKME><ns:WERKS>2420</ns:WERKS><ns:ZBP_TEXT>123</ns:ZBP_TEXT><ns:ZMT_TEXT>123</ns:ZMT_TEXT></ns:DT_TrOrder_OutDelivDocumentDeliveryDeliveryItem></ns:DeliveryItem><ns:INCO1>CPT</ns:INCO1><ns:INCO2>(РўРќРџ) Рђ/Рџ Р”РћРњРћР”Р•Р”РћР’Рћ</ns:INCO2><ns:KUNAG>147838</ns:KUNAG><ns:KUNAG_NAME>РћРћРћ Р Р�Рљ РїРѕРєСѓРїР°С‚РµР»СЏ</ns:KUNAG_NAME><ns:KUNNR>123</ns:KUNNR><ns:KUNNR_NAME>РћРћРћ Р Р�Рљ Р“СЂСѓР·РѕРїРѕР»СѓС‡Р°С‚РµР»СЊ</ns:KUNNR_NAME><ns:LADGR>123</ns:LADGR><ns:LADGR_TEXT>123</ns:LADGR_TEXT><ns:LFART>ZMLI</ns:LFART><ns:SRC_LOC>SP_2420</ns:SRC_LOC><ns:SRC_LOC_TXT>РџРћ 2420 Р›Р›Рљ РўРџРџ Р’РѕР»РіРѕРіСЂР°Рґ</ns:SRC_LOC_TXT><ns:STAGE_ROUTE>00001</ns:STAGE_ROUTE><ns:TRATY_STAGE>9018</ns:TRATY_STAGE><ns:VBELN>7000239609</ns:VBELN><ns:VBTYP>J</ns:VBTYP><ns:VKORG>2400</ns:VKORG><ns:VSTEL>2420</ns:VSTEL><ns:XABLN>123</ns:XABLN><ns:XPOS>55,720722</ns:XPOS><ns:YPOS>37.774463</ns:YPOS></ns:DT_TrOrder_OutDelivDocumentDelivery></ns:Delivery><ns:LICENSE>123</ns:LICENSE><ns:NET_DURATION>180</ns:NET_DURATION><ns:SEND_TO_SYSTEM>123</ns:SEND_TO_SYSTEM><ns:SIGN_DEL/><ns:STATUS>01</ns:STATUS><ns:STATUS_RECORD>123</ns:STATUS_RECORD><ns:TDLNR>147838</ns:TDLNR><ns:TDLNR_NAME>Р›Рљ РўСѓРґР°-РЎСЋРґР°</ns:TDLNR_NAME><ns:TIME_ARR>123</ns:TIME_ARR><ns:TIME_SEND>000000</ns:TIME_SEND><ns:TIME_SEND_BY>000000</ns:TIME_SEND_BY><ns:TIME_SEND_FR>000000</ns:TIME_SEND_FR><ns:TOR_ID>auto-9e5ead01500d</ns:TOR_ID><ns:TRATY>123</ns:TRATY><ns:TRATY_TXT>123</ns:TRATY_TXT><ns:VEHICLE_CONTAINER>123</ns:VEHICLE_CONTAINER><ns:VEHICLE_NUMBER>123</ns:VEHICLE_NUMBER><ns:VSBED>123</ns:VSBED><ns:VSBED_TXT>123</ns:VSBED_TXT><ns:VSTEL_TOR>2420</ns:VSTEL_TOR><ns:VSTEL_TOR_TEXT>РђРґСЂРµСЃ РїСѓРЅРєС‚Р° РѕС‚РіСЂСѓР·РєРё РњРѕСЃРєРІР°</ns:VSTEL_TOR_TEXT></ns:DT_TrOrder_OutDelivDocument></ns:Document><ns:GuidMsgOutb>165A59AB7CA7RFDABBB388a3f09d326</ns:GuidMsgOutb><ns:SystemReceiver>123</ns:SystemReceiver><ns:SystemSender>123</ns:SystemSender></ns:DT_TrOrder_OutDeliv></tem:packages></tem:Load></SOAP-ENV:Body></SOAP-ENV:Envelope>

]]></system-out>
  </testcase>
  <testcase name="checkCancelAppointmentAfterChangeTDLNR" classname="tests.TestAppointments" time="42.307">
    <system-out><![CDATA[auto-97543b05d81a
Request SOAP Message:
<SOAP-ENV:Envelope xmlns:SOAP-ENV="http://schemas.xmlsoap.org/soap/envelope/" xmlns:ns="http://schemas.datacontract.org/2004/07/" xmlns:tem="http://tempuri.org/"><SOAP-ENV:Header/><SOAP-ENV:Body><tem:Load><tem:packages><ns:DT_TrOrder_OutDeliv><ns:Document><ns:DT_TrOrder_OutDelivDocument><ns:COMMENT_TXT>123</ns:COMMENT_TXT><ns:COST>500</ns:COST><ns:DATE_ARR>123</ns:DATE_ARR><ns:DATE_LICENSE>123</ns:DATE_LICENSE><ns:DATE_SEND>20240130</ns:DATE_SEND><ns:DATE_SEND_BY>20240130</ns:DATE_SEND_BY><ns:DATE_SEND_FR>20231110</ns:DATE_SEND_FR><ns:DATE_WU>123</ns:DATE_WU><ns:DRIVER>123</ns:DRIVER><ns:DRIVER_LICENSE>123</ns:DRIVER_LICENSE><ns:DRIVER_PHONE>123</ns:DRIVER_PHONE><ns:Delivery><ns:DT_TrOrder_OutDelivDocumentDelivery><ns:ADDRESS_DESCR>РіРѕСЂРѕРґ РњРѕСЃРєРІР°, СѓР»РёС†Р° Р§РµСЂРµРјСѓС€РєРёРЅСЃРєР°СЏ РЅР°Р±РµСЂРµР¶РЅР°СЏ, РґРѕРј 18</ns:ADDRESS_DESCR><ns:BLDAT>123</ns:BLDAT><ns:DES_LOC>123</ns:DES_LOC><ns:DES_LOC_TEXT>РўРµСЃС‚РѕРІС‹Р№ РџРћ РњРѕСЃРєРІР° </ns:DES_LOC_TEXT><ns:DeliveryItem><ns:DT_TrOrder_OutDelivDocumentDeliveryDeliveryItem><ns:ARKTX>РњР°СЃР»Рѕ РјРѕС‚ Р› РђРІР°РЅРі РЈР»СЊС‚СЂР° PLUS SAE 10W-40 </ns:ARKTX><ns:BISMT>123456</ns:BISMT><ns:BRGEW>217.880</ns:BRGEW><ns:CHARG>123</ns:CHARG><ns:DENSITY>123</ns:DENSITY><ns:GEWEI>KG</ns:GEWEI><ns:LFIMG>123</ns:LFIMG><ns:LGMNG>217.650</ns:LGMNG><ns:LGORT>0001</ns:LGORT><ns:MATKL>3127</ns:MATKL><ns:MATNR>00000000000000022</ns:MATNR><ns:MEINS>KG</ns:MEINS><ns:NTGEW>0.080</ns:NTGEW><ns:POSNR>000020</ns:POSNR><ns:TEMPB>123</ns:TEMPB><ns:VISCOSITY>123</ns:VISCOSITY><ns:VRKME>KG</ns:VRKME><ns:WERKS>2420</ns:WERKS><ns:ZBP_TEXT>123</ns:ZBP_TEXT><ns:ZMT_TEXT>123</ns:ZMT_TEXT></ns:DT_TrOrder_OutDelivDocumentDeliveryDeliveryItem></ns:DeliveryItem><ns:INCO1>CPT</ns:INCO1><ns:INCO2>(РўРќРџ) Рђ/Рџ Р”РћРњРћР”Р•Р”РћР’Рћ</ns:INCO2><ns:KUNAG>147838</ns:KUNAG><ns:KUNAG_NAME>РћРћРћ Р Р�Рљ РїРѕРєСѓРїР°С‚РµР»СЏ</ns:KUNAG_NAME><ns:KUNNR/><ns:KUNNR_NAME>РћРћРћ Р Р�Рљ Р“СЂСѓР·РѕРїРѕР»СѓС‡Р°С‚РµР»СЊ</ns:KUNNR_NAME><ns:LADGR>123</ns:LADGR><ns:LADGR_TEXT>123</ns:LADGR_TEXT><ns:LFART>ZMLI</ns:LFART><ns:SRC_LOC>SP_2420</ns:SRC_LOC><ns:SRC_LOC_TXT>РџРћ 2420 Р›Р›Рљ РўРџРџ Р’РѕР»РіРѕРіСЂР°Рґ</ns:SRC_LOC_TXT><ns:STAGE_ROUTE>00001</ns:STAGE_ROUTE><ns:TRATY_STAGE>9018</ns:TRATY_STAGE><ns:VBELN>7000239609</ns:VBELN><ns:VBTYP>J</ns:VBTYP><ns:VKORG>2400</ns:VKORG><ns:VSTEL>2420</ns:VSTEL><ns:XABLN>123</ns:XABLN><ns:XPOS>55,720722</ns:XPOS><ns:YPOS>37.774463</ns:YPOS></ns:DT_TrOrder_OutDelivDocumentDelivery></ns:Delivery><ns:LICENSE>123</ns:LICENSE><ns:NET_DURATION>180</ns:NET_DURATION><ns:SEND_TO_SYSTEM>123</ns:SEND_TO_SYSTEM><ns:SIGN_DEL/><ns:STATUS>01</ns:STATUS><ns:STATUS_RECORD>123</ns:STATUS_RECORD><ns:TDLNR>147838</ns:TDLNR><ns:TDLNR_NAME>Р›Рљ РўСѓРґР°-РЎСЋРґР°</ns:TDLNR_NAME><ns:TIME_ARR>123</ns:TIME_ARR><ns:TIME_SEND>000000</ns:TIME_SEND><ns:TIME_SEND_BY>000000</ns:TIME_SEND_BY><ns:TIME_SEND_FR>000000</ns:TIME_SEND_FR><ns:TOR_ID>auto-97543b05d81a</ns:TOR_ID><ns:TRATY>123</ns:TRATY><ns:TRATY_TXT>123</ns:TRATY_TXT><ns:VEHICLE_CONTAINER>123</ns:VEHICLE_CONTAINER><ns:VEHICLE_NUMBER>123</ns:VEHICLE_NUMBER><ns:VSBED>123</ns:VSBED><ns:VSBED_TXT>123</ns:VSBED_TXT><ns:VSTEL_TOR>2420</ns:VSTEL_TOR><ns:VSTEL_TOR_TEXT>РђРґСЂРµСЃ РїСѓРЅРєС‚Р° РѕС‚РіСЂСѓР·РєРё РњРѕСЃРєРІР°</ns:VSTEL_TOR_TEXT></ns:DT_TrOrder_OutDelivDocument></ns:Document><ns:GuidMsgOutb>165A59AB7CA7RFDABBB97543b05d81a</ns:GuidMsgOutb><ns:SystemReceiver>123</ns:SystemReceiver><ns:SystemSender>123</ns:SystemSender></ns:DT_TrOrder_OutDeliv></tem:packages></tem:Load></SOAP-ENV:Body></SOAP-ENV:Envelope>

Select day: 1/31/2024
Select slot: 09:00
auto-97543b05d81a
Request SOAP Message:
<SOAP-ENV:Envelope xmlns:SOAP-ENV="http://schemas.xmlsoap.org/soap/envelope/" xmlns:ns="http://schemas.datacontract.org/2004/07/" xmlns:tem="http://tempuri.org/"><SOAP-ENV:Header/><SOAP-ENV:Body><tem:Load><tem:packages><ns:DT_TrOrder_OutDeliv><ns:Document><ns:DT_TrOrder_OutDelivDocument><ns:COMMENT_TXT>123</ns:COMMENT_TXT><ns:COST>500</ns:COST><ns:DATE_ARR>123</ns:DATE_ARR><ns:DATE_LICENSE>123</ns:DATE_LICENSE><ns:DATE_SEND>20240130</ns:DATE_SEND><ns:DATE_SEND_BY>20240130</ns:DATE_SEND_BY><ns:DATE_SEND_FR>20231110</ns:DATE_SEND_FR><ns:DATE_WU>123</ns:DATE_WU><ns:DRIVER>123</ns:DRIVER><ns:DRIVER_LICENSE>123</ns:DRIVER_LICENSE><ns:DRIVER_PHONE>123</ns:DRIVER_PHONE><ns:Delivery><ns:DT_TrOrder_OutDelivDocumentDelivery><ns:ADDRESS_DESCR>РіРѕСЂРѕРґ РњРѕСЃРєРІР°, СѓР»РёС†Р° Р§РµСЂРµРјСѓС€РєРёРЅСЃРєР°СЏ РЅР°Р±РµСЂРµР¶РЅР°СЏ, РґРѕРј 18</ns:ADDRESS_DESCR><ns:BLDAT>123</ns:BLDAT><ns:DES_LOC>123</ns:DES_LOC><ns:DES_LOC_TEXT>РўРµСЃС‚РѕРІС‹Р№ РџРћ РњРѕСЃРєРІР° </ns:DES_LOC_TEXT><ns:DeliveryItem><ns:DT_TrOrder_OutDelivDocumentDeliveryDeliveryItem><ns:ARKTX>РњР°СЃР»Рѕ РјРѕС‚ Р› РђРІР°РЅРі РЈР»СЊС‚СЂР° PLUS SAE 10W-40 </ns:ARKTX><ns:BISMT>123456</ns:BISMT><ns:BRGEW>217.880</ns:BRGEW><ns:CHARG>123</ns:CHARG><ns:DENSITY>123</ns:DENSITY><ns:GEWEI>KG</ns:GEWEI><ns:LFIMG>123</ns:LFIMG><ns:LGMNG>217.650</ns:LGMNG><ns:LGORT>0001</ns:LGORT><ns:MATKL>3127</ns:MATKL><ns:MATNR>00000000000000022</ns:MATNR><ns:MEINS>KG</ns:MEINS><ns:NTGEW>0.080</ns:NTGEW><ns:POSNR>000020</ns:POSNR><ns:TEMPB>123</ns:TEMPB><ns:VISCOSITY>123</ns:VISCOSITY><ns:VRKME>KG</ns:VRKME><ns:WERKS>2420</ns:WERKS><ns:ZBP_TEXT>123</ns:ZBP_TEXT><ns:ZMT_TEXT>123</ns:ZMT_TEXT></ns:DT_TrOrder_OutDelivDocumentDeliveryDeliveryItem></ns:DeliveryItem><ns:INCO1>CPT</ns:INCO1><ns:INCO2>(РўРќРџ) Рђ/Рџ Р”РћРњРћР”Р•Р”РћР’Рћ</ns:INCO2><ns:KUNAG>147838</ns:KUNAG><ns:KUNAG_NAME>РћРћРћ Р Р�Рљ РїРѕРєСѓРїР°С‚РµР»СЏ</ns:KUNAG_NAME><ns:KUNNR/><ns:KUNNR_NAME>РћРћРћ Р Р�Рљ Р“СЂСѓР·РѕРїРѕР»СѓС‡Р°С‚РµР»СЊ</ns:KUNNR_NAME><ns:LADGR>123</ns:LADGR><ns:LADGR_TEXT>123</ns:LADGR_TEXT><ns:LFART>ZMLI</ns:LFART><ns:SRC_LOC>SP_2420</ns:SRC_LOC><ns:SRC_LOC_TXT>РџРћ 2420 Р›Р›Рљ РўРџРџ Р’РѕР»РіРѕРіСЂР°Рґ</ns:SRC_LOC_TXT><ns:STAGE_ROUTE>00001</ns:STAGE_ROUTE><ns:TRATY_STAGE>9018</ns:TRATY_STAGE><ns:VBELN>7000239609</ns:VBELN><ns:VBTYP>J</ns:VBTYP><ns:VKORG>2400</ns:VKORG><ns:VSTEL>2420</ns:VSTEL><ns:XABLN>123</ns:XABLN><ns:XPOS>55,720722</ns:XPOS><ns:YPOS>37.774463</ns:YPOS></ns:DT_TrOrder_OutDelivDocumentDelivery></ns:Delivery><ns:LICENSE>123</ns:LICENSE><ns:NET_DURATION>180</ns:NET_DURATION><ns:SEND_TO_SYSTEM>123</ns:SEND_TO_SYSTEM><ns:SIGN_DEL/><ns:STATUS>01</ns:STATUS><ns:STATUS_RECORD>123</ns:STATUS_RECORD><ns:TDLNR>181688</ns:TDLNR><ns:TDLNR_NAME>Р›Рљ РўСѓРґР°-РЎСЋРґР°</ns:TDLNR_NAME><ns:TIME_ARR>123</ns:TIME_ARR><ns:TIME_SEND>000000</ns:TIME_SEND><ns:TIME_SEND_BY>000000</ns:TIME_SEND_BY><ns:TIME_SEND_FR>000000</ns:TIME_SEND_FR><ns:TOR_ID>auto-97543b05d81a</ns:TOR_ID><ns:TRATY>123</ns:TRATY><ns:TRATY_TXT>123</ns:TRATY_TXT><ns:VEHICLE_CONTAINER>123</ns:VEHICLE_CONTAINER><ns:VEHICLE_NUMBER>123</ns:VEHICLE_NUMBER><ns:VSBED>123</ns:VSBED><ns:VSBED_TXT>123</ns:VSBED_TXT><ns:VSTEL_TOR>2420</ns:VSTEL_TOR><ns:VSTEL_TOR_TEXT>РђРґСЂРµСЃ РїСѓРЅРєС‚Р° РѕС‚РіСЂСѓР·РєРё РњРѕСЃРєРІР°</ns:VSTEL_TOR_TEXT></ns:DT_TrOrder_OutDelivDocument></ns:Document><ns:GuidMsgOutb>165A59AB7CA7RFDABBB917e5a431aa7</ns:GuidMsgOutb><ns:SystemReceiver>123</ns:SystemReceiver><ns:SystemSender>123</ns:SystemSender></ns:DT_TrOrder_OutDeliv></tem:packages></tem:Load></SOAP-ENV:Body></SOAP-ENV:Envelope>

]]></system-out>
  </testcase>
  <testcase name="checkCancelAppointmentAfterChangeVSTEL" classname="tests.TestAppointments" time="55.839">
    <error message="no such element: Unable to locate element: {&quot;method&quot;:&quot;xpath&quot;,&quot;selector&quot;:&quot;/html/body/div[1]/div/div[2]/div/div[1]/div/section/div[1]/div/div/div[2]/div[2]/table/tbody/tr/td[37]/div/div&quot;}&#10;  (Session info: chrome=120.0.6099.224)&#10;For documentation on this error, please visit: https://www.selenium.dev/documentation/webdriver/troubleshooting/errors#no-such-element-exception&#10;Build info: version: &apos;4.13.0&apos;, revision: &apos;ba948ece5b*&apos;&#10;System info: os.name: &apos;Windows 10&apos;, os.arch: &apos;amd64&apos;, os.version: &apos;10.0&apos;, java.version: &apos;17.0.5&apos;&#10;Driver info: org.openqa.selenium.remote.RemoteWebDriver&#10;Command: [da7a988da4ef17ef3b48442dd3ee02c2, findElement {using=xpath, value=/html/body/div[1]/div/div[2]/div/div[1]/div/section/div[1]/div/div/div[2]/div[2]/table/tbody/tr/td[37]/div/div}]&#10;Capabilities {acceptInsecureCerts: false, browserName: chrome, browserVersion: 120.0.6099.224, chrome: {chromedriverVersion: 120.0.6099.109 (3419140ab66..., userDataDir: /tmp/.org.chromium.Chromium...}, fedcm:accounts: true, goog:chromeOptions: {debuggerAddress: localhost:36537}, networkConnectionEnabled: false, pageLoadStrategy: normal, platformName: linux, proxy: Proxy(), se:bidiEnabled: false, se:cdp: ws://10.1.0.120:4444/sessio..., se:cdpVersion: 120.0.6099.224, se:vnc: ws://10.1.0.120:4444/sessio..., se:vncEnabled: true, se:vncLocalAddress: ws://10.1.0.120:7900, setWindowRect: true, strictFileInteractability: false, timeouts: {implicit: 0, pageLoad: 300000, script: 30000}, unhandledPromptBehavior: dismiss and notify, webauthn:extension:credBlob: true, webauthn:extension:largeBlob: true, webauthn:extension:minPinLength: true, webauthn:extension:prf: true, webauthn:virtualAuthenticators: true}&#10;Session ID: da7a988da4ef17ef3b48442dd3ee02c2" type="org.openqa.selenium.NoSuchElementException"><![CDATA[org.openqa.selenium.NoSuchElementException: 
no such element: Unable to locate element: {"method":"xpath","selector":"/html/body/div[1]/div/div[2]/div/div[1]/div/section/div[1]/div/div/div[2]/div[2]/table/tbody/tr/td[37]/div/div"}
  (Session info: chrome=120.0.6099.224)
For documentation on this error, please visit: https://www.selenium.dev/documentation/webdriver/troubleshooting/errors#no-such-element-exception
Build info: version: '4.13.0', revision: 'ba948ece5b*'
System info: os.name: 'Windows 10', os.arch: 'amd64', os.version: '10.0', java.version: '17.0.5'
Driver info: org.openqa.selenium.remote.RemoteWebDriver
Command: [da7a988da4ef17ef3b48442dd3ee02c2, findElement {using=xpath, value=/html/body/div[1]/div/div[2]/div/div[1]/div/section/div[1]/div/div/div[2]/div[2]/table/tbody/tr/td[37]/div/div}]
Capabilities {acceptInsecureCerts: false, browserName: chrome, browserVersion: 120.0.6099.224, chrome: {chromedriverVersion: 120.0.6099.109 (3419140ab66..., userDataDir: /tmp/.org.chromium.Chromium...}, fedcm:accounts: true, goog:chromeOptions: {debuggerAddress: localhost:36537}, networkConnectionEnabled: false, pageLoadStrategy: normal, platformName: linux, proxy: Proxy(), se:bidiEnabled: false, se:cdp: ws://10.1.0.120:4444/sessio..., se:cdpVersion: 120.0.6099.224, se:vnc: ws://10.1.0.120:4444/sessio..., se:vncEnabled: true, se:vncLocalAddress: ws://10.1.0.120:7900, setWindowRect: true, strictFileInteractability: false, timeouts: {implicit: 0, pageLoad: 300000, script: 30000}, unhandledPromptBehavior: dismiss and notify, webauthn:extension:credBlob: true, webauthn:extension:largeBlob: true, webauthn:extension:minPinLength: true, webauthn:extension:prf: true, webauthn:virtualAuthenticators: true}
Session ID: da7a988da4ef17ef3b48442dd3ee02c2
	at java.base/jdk.internal.reflect.NativeConstructorAccessorImpl.newInstance0(Native Method)
	at java.base/jdk.internal.reflect.NativeConstructorAccessorImpl.newInstance(NativeConstructorAccessorImpl.java:77)
	at java.base/jdk.internal.reflect.DelegatingConstructorAccessorImpl.newInstance(DelegatingConstructorAccessorImpl.java:45)
	at java.base/java.lang.reflect.Constructor.newInstanceWithCaller(Constructor.java:499)
	at java.base/java.lang.reflect.Constructor.newInstance(Constructor.java:480)
	at org.openqa.selenium.remote.codec.w3c.W3CHttpResponseCodec.createException(W3CHttpResponseCodec.java:200)
	at org.openqa.selenium.remote.codec.w3c.W3CHttpResponseCodec.decode(W3CHttpResponseCodec.java:133)
	at org.openqa.selenium.remote.codec.w3c.W3CHttpResponseCodec.decode(W3CHttpResponseCodec.java:52)
	at org.openqa.selenium.remote.HttpCommandExecutor.execute(HttpCommandExecutor.java:191)
	at org.openqa.selenium.remote.TracedCommandExecutor.execute(TracedCommandExecutor.java:51)
	at org.openqa.selenium.remote.RemoteWebDriver.execute(RemoteWebDriver.java:602)
	at org.openqa.selenium.remote.ElementLocation$ElementFinder$2.findElement(ElementLocation.java:165)
	at org.openqa.selenium.remote.ElementLocation.findElement(ElementLocation.java:59)
	at org.openqa.selenium.remote.RemoteWebDriver.findElement(RemoteWebDriver.java:359)
	at org.openqa.selenium.remote.RemoteWebDriver.findElement(RemoteWebDriver.java:353)
	at po.AppointmentPage.getCodeAppointment(AppointmentPage.java:72)
	at tests.TestAppointments.checkCancelAppointmentAfterChangeVSTEL(TestAppointments.java:269)
	at java.base/jdk.internal.reflect.NativeMethodAccessorImpl.invoke0(Native Method)
	at java.base/jdk.internal.reflect.NativeMethodAccessorImpl.invoke(NativeMethodAccessorImpl.java:77)
	at java.base/jdk.internal.reflect.DelegatingMethodAccessorImpl.invoke(DelegatingMethodAccessorImpl.java:43)
	at java.base/java.lang.reflect.Method.invoke(Method.java:568)
	at org.junit.runners.model.FrameworkMethod$1.runReflectiveCall(FrameworkMethod.java:59)
	at org.junit.internal.runners.model.ReflectiveCallable.run(ReflectiveCallable.java:12)
	at org.junit.runners.model.FrameworkMethod.invokeExplosively(FrameworkMethod.java:56)
	at org.junit.internal.runners.statements.InvokeMethod.evaluate(InvokeMethod.java:17)
	at org.junit.internal.runners.statements.RunBefores.evaluate(RunBefores.java:26)
	at org.junit.internal.runners.statements.RunAfters.evaluate(RunAfters.java:27)
	at org.junit.runners.ParentRunner$3.evaluate(ParentRunner.java:306)
	at org.junit.runners.BlockJUnit4ClassRunner$1.evaluate(BlockJUnit4ClassRunner.java:100)
	at org.junit.runners.ParentRunner.runLeaf(ParentRunner.java:366)
	at org.junit.runners.BlockJUnit4ClassRunner.runChild(BlockJUnit4ClassRunner.java:103)
	at org.junit.runners.BlockJUnit4ClassRunner.runChild(BlockJUnit4ClassRunner.java:63)
	at org.junit.runners.ParentRunner$4.run(ParentRunner.java:331)
	at org.junit.runners.ParentRunner$1.schedule(ParentRunner.java:79)
	at org.junit.runners.ParentRunner.runChildren(ParentRunner.java:329)
	at org.junit.runners.ParentRunner.access$100(ParentRunner.java:66)
	at org.junit.runners.ParentRunner$2.evaluate(ParentRunner.java:293)
	at org.junit.runners.ParentRunner$3.evaluate(ParentRunner.java:306)
	at org.junit.runners.ParentRunner.run(ParentRunner.java:413)
	at org.apache.maven.surefire.junit4.JUnit4Provider.execute(JUnit4Provider.java:316)
	at org.apache.maven.surefire.junit4.JUnit4Provider.executeWithRerun(JUnit4Provider.java:240)
	at org.apache.maven.surefire.junit4.JUnit4Provider.executeTestSet(JUnit4Provider.java:214)
	at org.apache.maven.surefire.junit4.JUnit4Provider.invoke(JUnit4Provider.java:155)
	at org.apache.maven.surefire.booter.ForkedBooter.runSuitesInProcess(ForkedBooter.java:385)
	at org.apache.maven.surefire.booter.ForkedBooter.execute(ForkedBooter.java:162)
	at org.apache.maven.surefire.booter.ForkedBooter.run(ForkedBooter.java:507)
	at org.apache.maven.surefire.booter.ForkedBooter.main(ForkedBooter.java:495)
]]></error>
    <system-out><![CDATA[auto-c0f09576e552
Request SOAP Message:
<SOAP-ENV:Envelope xmlns:SOAP-ENV="http://schemas.xmlsoap.org/soap/envelope/" xmlns:ns="http://schemas.datacontract.org/2004/07/" xmlns:tem="http://tempuri.org/"><SOAP-ENV:Header/><SOAP-ENV:Body><tem:Load><tem:packages><ns:DT_TrOrder_OutDeliv><ns:Document><ns:DT_TrOrder_OutDelivDocument><ns:COMMENT_TXT>123</ns:COMMENT_TXT><ns:COST>500</ns:COST><ns:DATE_ARR>123</ns:DATE_ARR><ns:DATE_LICENSE>123</ns:DATE_LICENSE><ns:DATE_SEND>20240130</ns:DATE_SEND><ns:DATE_SEND_BY>20240130</ns:DATE_SEND_BY><ns:DATE_SEND_FR>20231110</ns:DATE_SEND_FR><ns:DATE_WU>123</ns:DATE_WU><ns:DRIVER>123</ns:DRIVER><ns:DRIVER_LICENSE>123</ns:DRIVER_LICENSE><ns:DRIVER_PHONE>123</ns:DRIVER_PHONE><ns:Delivery><ns:DT_TrOrder_OutDelivDocumentDelivery><ns:ADDRESS_DESCR>РіРѕСЂРѕРґ РњРѕСЃРєРІР°, СѓР»РёС†Р° Р§РµСЂРµРјСѓС€РєРёРЅСЃРєР°СЏ РЅР°Р±РµСЂРµР¶РЅР°СЏ, РґРѕРј 18</ns:ADDRESS_DESCR><ns:BLDAT>123</ns:BLDAT><ns:DES_LOC>123</ns:DES_LOC><ns:DES_LOC_TEXT>РўРµСЃС‚РѕРІС‹Р№ РџРћ РњРѕСЃРєРІР° </ns:DES_LOC_TEXT><ns:DeliveryItem><ns:DT_TrOrder_OutDelivDocumentDeliveryDeliveryItem><ns:ARKTX>РњР°СЃР»Рѕ РјРѕС‚ Р› РђРІР°РЅРі РЈР»СЊС‚СЂР° PLUS SAE 10W-40 </ns:ARKTX><ns:BISMT>123456</ns:BISMT><ns:BRGEW>217.880</ns:BRGEW><ns:CHARG>123</ns:CHARG><ns:DENSITY>123</ns:DENSITY><ns:GEWEI>KG</ns:GEWEI><ns:LFIMG>123</ns:LFIMG><ns:LGMNG>217.650</ns:LGMNG><ns:LGORT>0001</ns:LGORT><ns:MATKL>3127</ns:MATKL><ns:MATNR>00000000000000022</ns:MATNR><ns:MEINS>KG</ns:MEINS><ns:NTGEW>0.080</ns:NTGEW><ns:POSNR>000020</ns:POSNR><ns:TEMPB>123</ns:TEMPB><ns:VISCOSITY>123</ns:VISCOSITY><ns:VRKME>KG</ns:VRKME><ns:WERKS>2420</ns:WERKS><ns:ZBP_TEXT>123</ns:ZBP_TEXT><ns:ZMT_TEXT>123</ns:ZMT_TEXT></ns:DT_TrOrder_OutDelivDocumentDeliveryDeliveryItem></ns:DeliveryItem><ns:INCO1>CPT</ns:INCO1><ns:INCO2>(РўРќРџ) Рђ/Рџ Р”РћРњРћР”Р•Р”РћР’Рћ</ns:INCO2><ns:KUNAG>147838</ns:KUNAG><ns:KUNAG_NAME>РћРћРћ Р Р�Рљ РїРѕРєСѓРїР°С‚РµР»СЏ</ns:KUNAG_NAME><ns:KUNNR/><ns:KUNNR_NAME>РћРћРћ Р Р�Рљ Р“СЂСѓР·РѕРїРѕР»СѓС‡Р°С‚РµР»СЊ</ns:KUNNR_NAME><ns:LADGR>123</ns:LADGR><ns:LADGR_TEXT>123</ns:LADGR_TEXT><ns:LFART>ZMLI</ns:LFART><ns:SRC_LOC>SP_2420</ns:SRC_LOC><ns:SRC_LOC_TXT>РџРћ 2420 Р›Р›Рљ РўРџРџ Р’РѕР»РіРѕРіСЂР°Рґ</ns:SRC_LOC_TXT><ns:STAGE_ROUTE>00001</ns:STAGE_ROUTE><ns:TRATY_STAGE>9018</ns:TRATY_STAGE><ns:VBELN>7000239609</ns:VBELN><ns:VBTYP>J</ns:VBTYP><ns:VKORG>2400</ns:VKORG><ns:VSTEL>2420</ns:VSTEL><ns:XABLN>123</ns:XABLN><ns:XPOS>55,720722</ns:XPOS><ns:YPOS>37.774463</ns:YPOS></ns:DT_TrOrder_OutDelivDocumentDelivery></ns:Delivery><ns:LICENSE>123</ns:LICENSE><ns:NET_DURATION>180</ns:NET_DURATION><ns:SEND_TO_SYSTEM>123</ns:SEND_TO_SYSTEM><ns:SIGN_DEL/><ns:STATUS>01</ns:STATUS><ns:STATUS_RECORD>123</ns:STATUS_RECORD><ns:TDLNR>147838</ns:TDLNR><ns:TDLNR_NAME>Р›Рљ РўСѓРґР°-РЎСЋРґР°</ns:TDLNR_NAME><ns:TIME_ARR>123</ns:TIME_ARR><ns:TIME_SEND>000000</ns:TIME_SEND><ns:TIME_SEND_BY>000000</ns:TIME_SEND_BY><ns:TIME_SEND_FR>000000</ns:TIME_SEND_FR><ns:TOR_ID>auto-c0f09576e552</ns:TOR_ID><ns:TRATY>123</ns:TRATY><ns:TRATY_TXT>123</ns:TRATY_TXT><ns:VEHICLE_CONTAINER>123</ns:VEHICLE_CONTAINER><ns:VEHICLE_NUMBER>123</ns:VEHICLE_NUMBER><ns:VSBED>123</ns:VSBED><ns:VSBED_TXT>123</ns:VSBED_TXT><ns:VSTEL_TOR>2420</ns:VSTEL_TOR><ns:VSTEL_TOR_TEXT>РђРґСЂРµСЃ РїСѓРЅРєС‚Р° РѕС‚РіСЂСѓР·РєРё РњРѕСЃРєРІР°</ns:VSTEL_TOR_TEXT></ns:DT_TrOrder_OutDelivDocument></ns:Document><ns:GuidMsgOutb>165A59AB7CA7RFDABBBc0f09576e552</ns:GuidMsgOutb><ns:SystemReceiver>123</ns:SystemReceiver><ns:SystemSender>123</ns:SystemSender></ns:DT_TrOrder_OutDeliv></tem:packages></tem:Load></SOAP-ENV:Body></SOAP-ENV:Envelope>

Select day: 1/31/2024
Select slot: 09:00
auto-c0f09576e552
Request SOAP Message:
<SOAP-ENV:Envelope xmlns:SOAP-ENV="http://schemas.xmlsoap.org/soap/envelope/" xmlns:ns="http://schemas.datacontract.org/2004/07/" xmlns:tem="http://tempuri.org/"><SOAP-ENV:Header/><SOAP-ENV:Body><tem:Load><tem:packages><ns:DT_TrOrder_OutDeliv><ns:Document><ns:DT_TrOrder_OutDelivDocument><ns:COMMENT_TXT>123</ns:COMMENT_TXT><ns:COST>500</ns:COST><ns:DATE_ARR>123</ns:DATE_ARR><ns:DATE_LICENSE>123</ns:DATE_LICENSE><ns:DATE_SEND>20240130</ns:DATE_SEND><ns:DATE_SEND_BY>20240130</ns:DATE_SEND_BY><ns:DATE_SEND_FR>20231110</ns:DATE_SEND_FR><ns:DATE_WU>123</ns:DATE_WU><ns:DRIVER>123</ns:DRIVER><ns:DRIVER_LICENSE>123</ns:DRIVER_LICENSE><ns:DRIVER_PHONE>123</ns:DRIVER_PHONE><ns:Delivery><ns:DT_TrOrder_OutDelivDocumentDelivery><ns:ADDRESS_DESCR>РіРѕСЂРѕРґ РњРѕСЃРєРІР°, СѓР»РёС†Р° Р§РµСЂРµРјСѓС€РєРёРЅСЃРєР°СЏ РЅР°Р±РµСЂРµР¶РЅР°СЏ, РґРѕРј 18</ns:ADDRESS_DESCR><ns:BLDAT>123</ns:BLDAT><ns:DES_LOC>123</ns:DES_LOC><ns:DES_LOC_TEXT>РўРµСЃС‚РѕРІС‹Р№ РџРћ РњРѕСЃРєРІР° </ns:DES_LOC_TEXT><ns:DeliveryItem><ns:DT_TrOrder_OutDelivDocumentDeliveryDeliveryItem><ns:ARKTX>РњР°СЃР»Рѕ РјРѕС‚ Р› РђРІР°РЅРі РЈР»СЊС‚СЂР° PLUS SAE 10W-40 </ns:ARKTX><ns:BISMT>123456</ns:BISMT><ns:BRGEW>217.880</ns:BRGEW><ns:CHARG>123</ns:CHARG><ns:DENSITY>123</ns:DENSITY><ns:GEWEI>KG</ns:GEWEI><ns:LFIMG>123</ns:LFIMG><ns:LGMNG>217.650</ns:LGMNG><ns:LGORT>0001</ns:LGORT><ns:MATKL>3127</ns:MATKL><ns:MATNR>00000000000000022</ns:MATNR><ns:MEINS>KG</ns:MEINS><ns:NTGEW>0.080</ns:NTGEW><ns:POSNR>000020</ns:POSNR><ns:TEMPB>123</ns:TEMPB><ns:VISCOSITY>123</ns:VISCOSITY><ns:VRKME>KG</ns:VRKME><ns:WERKS>2420</ns:WERKS><ns:ZBP_TEXT>123</ns:ZBP_TEXT><ns:ZMT_TEXT>123</ns:ZMT_TEXT></ns:DT_TrOrder_OutDelivDocumentDeliveryDeliveryItem></ns:DeliveryItem><ns:INCO1>CPT</ns:INCO1><ns:INCO2>(РўРќРџ) Рђ/Рџ Р”РћРњРћР”Р•Р”РћР’Рћ</ns:INCO2><ns:KUNAG>147838</ns:KUNAG><ns:KUNAG_NAME>РћРћРћ Р Р�Рљ РїРѕРєСѓРїР°С‚РµР»СЏ</ns:KUNAG_NAME><ns:KUNNR/><ns:KUNNR_NAME>РћРћРћ Р Р�Рљ Р“СЂСѓР·РѕРїРѕР»СѓС‡Р°С‚РµР»СЊ</ns:KUNNR_NAME><ns:LADGR>123</ns:LADGR><ns:LADGR_TEXT>123</ns:LADGR_TEXT><ns:LFART>ZMLI</ns:LFART><ns:SRC_LOC>SP_2420</ns:SRC_LOC><ns:SRC_LOC_TXT>РџРћ 2420 Р›Р›Рљ РўРџРџ Р’РѕР»РіРѕРіСЂР°Рґ</ns:SRC_LOC_TXT><ns:STAGE_ROUTE>00001</ns:STAGE_ROUTE><ns:TRATY_STAGE>9018</ns:TRATY_STAGE><ns:VBELN>7000239609</ns:VBELN><ns:VBTYP>J</ns:VBTYP><ns:VKORG>2400</ns:VKORG><ns:VSTEL>423</ns:VSTEL><ns:XABLN>123</ns:XABLN><ns:XPOS>55,720722</ns:XPOS><ns:YPOS>37.774463</ns:YPOS></ns:DT_TrOrder_OutDelivDocumentDelivery></ns:Delivery><ns:LICENSE>123</ns:LICENSE><ns:NET_DURATION>180</ns:NET_DURATION><ns:SEND_TO_SYSTEM>123</ns:SEND_TO_SYSTEM><ns:SIGN_DEL/><ns:STATUS>01</ns:STATUS><ns:STATUS_RECORD>123</ns:STATUS_RECORD><ns:TDLNR>147838</ns:TDLNR><ns:TDLNR_NAME>Р›Рљ РўСѓРґР°-РЎСЋРґР°</ns:TDLNR_NAME><ns:TIME_ARR>123</ns:TIME_ARR><ns:TIME_SEND>000000</ns:TIME_SEND><ns:TIME_SEND_BY>000000</ns:TIME_SEND_BY><ns:TIME_SEND_FR>000000</ns:TIME_SEND_FR><ns:TOR_ID>auto-c0f09576e552</ns:TOR_ID><ns:TRATY>123</ns:TRATY><ns:TRATY_TXT>123</ns:TRATY_TXT><ns:VEHICLE_CONTAINER>123</ns:VEHICLE_CONTAINER><ns:VEHICLE_NUMBER>123</ns:VEHICLE_NUMBER><ns:VSBED>123</ns:VSBED><ns:VSBED_TXT>123</ns:VSBED_TXT><ns:VSTEL_TOR>2420</ns:VSTEL_TOR><ns:VSTEL_TOR_TEXT>РђРґСЂРµСЃ РїСѓРЅРєС‚Р° РѕС‚РіСЂСѓР·РєРё РњРѕСЃРєРІР°</ns:VSTEL_TOR_TEXT></ns:DT_TrOrder_OutDelivDocument></ns:Document><ns:GuidMsgOutb>165A59AB7CA7RFDABBB4e634e707f66</ns:GuidMsgOutb><ns:SystemReceiver>123</ns:SystemReceiver><ns:SystemSender>123</ns:SystemSender></ns:DT_TrOrder_OutDeliv></tem:packages></tem:Load></SOAP-ENV:Body></SOAP-ENV:Envelope>

]]></system-out>
  </testcase>
  <testcase name="checkCreateAppointmentBuyer" classname="tests.TestAppointments" time="44.897">
    <error message="element click intercepted: Element &lt;a id=&quot;pageSearchButton&quot; href=&quot;javascript: find();&quot; class=&quot;easyui-linkbutton send-serv l-btn l-btn-small l-btn-focus&quot; data-options=&quot;iconCls:&apos;icon-search&apos;&quot; group=&quot;&quot;&gt;...&lt;/a&gt; is not clickable at point (672, 625). Other element would receive the click: &lt;div class=&quot;window-mask&quot; style=&quot;display: block; z-index: 9006; position: fixed;&quot;&gt;&lt;/div&gt;&#10;  (Session info: chrome=120.0.6099.224)&#10;Build info: version: &apos;4.13.0&apos;, revision: &apos;ba948ece5b*&apos;&#10;System info: os.name: &apos;Windows 10&apos;, os.arch: &apos;amd64&apos;, os.version: &apos;10.0&apos;, java.version: &apos;17.0.5&apos;&#10;Driver info: org.openqa.selenium.remote.RemoteWebDriver&#10;Command: [261df2fd204b5ee0e93f8933ead90630, clickElement {id=9E352482D96DD8BE8ED220DCEC538186_element_340}]&#10;Capabilities {acceptInsecureCerts: false, browserName: chrome, browserVersion: 120.0.6099.224, chrome: {chromedriverVersion: 120.0.6099.109 (3419140ab66..., userDataDir: /tmp/.org.chromium.Chromium...}, fedcm:accounts: true, goog:chromeOptions: {debuggerAddress: localhost:33615}, networkConnectionEnabled: false, pageLoadStrategy: normal, platformName: linux, proxy: Proxy(), se:bidiEnabled: false, se:cdp: ws://10.1.0.120:4444/sessio..., se:cdpVersion: 120.0.6099.224, se:vnc: ws://10.1.0.120:4444/sessio..., se:vncEnabled: true, se:vncLocalAddress: ws://10.1.0.120:7900, setWindowRect: true, strictFileInteractability: false, timeouts: {implicit: 0, pageLoad: 300000, script: 30000}, unhandledPromptBehavior: dismiss and notify, webauthn:extension:credBlob: true, webauthn:extension:largeBlob: true, webauthn:extension:minPinLength: true, webauthn:extension:prf: true, webauthn:virtualAuthenticators: true}&#10;Element: [[RemoteWebDriver: chrome on linux (261df2fd204b5ee0e93f8933ead90630)] -&gt; id: pageSearchButton]&#10;Session ID: 261df2fd204b5ee0e93f8933ead90630" type="org.openqa.selenium.ElementClickInterceptedException"><![CDATA[org.openqa.selenium.ElementClickInterceptedException: 
element click intercepted: Element <a id="pageSearchButton" href="javascript: find();" class="easyui-linkbutton send-serv l-btn l-btn-small l-btn-focus" data-options="iconCls:'icon-search'" group="">...</a> is not clickable at point (672, 625). Other element would receive the click: <div class="window-mask" style="display: block; z-index: 9006; position: fixed;"></div>
  (Session info: chrome=120.0.6099.224)
Build info: version: '4.13.0', revision: 'ba948ece5b*'
System info: os.name: 'Windows 10', os.arch: 'amd64', os.version: '10.0', java.version: '17.0.5'
Driver info: org.openqa.selenium.remote.RemoteWebDriver
Command: [261df2fd204b5ee0e93f8933ead90630, clickElement {id=9E352482D96DD8BE8ED220DCEC538186_element_340}]
Capabilities {acceptInsecureCerts: false, browserName: chrome, browserVersion: 120.0.6099.224, chrome: {chromedriverVersion: 120.0.6099.109 (3419140ab66..., userDataDir: /tmp/.org.chromium.Chromium...}, fedcm:accounts: true, goog:chromeOptions: {debuggerAddress: localhost:33615}, networkConnectionEnabled: false, pageLoadStrategy: normal, platformName: linux, proxy: Proxy(), se:bidiEnabled: false, se:cdp: ws://10.1.0.120:4444/sessio..., se:cdpVersion: 120.0.6099.224, se:vnc: ws://10.1.0.120:4444/sessio..., se:vncEnabled: true, se:vncLocalAddress: ws://10.1.0.120:7900, setWindowRect: true, strictFileInteractability: false, timeouts: {implicit: 0, pageLoad: 300000, script: 30000}, unhandledPromptBehavior: dismiss and notify, webauthn:extension:credBlob: true, webauthn:extension:largeBlob: true, webauthn:extension:minPinLength: true, webauthn:extension:prf: true, webauthn:virtualAuthenticators: true}
Element: [[RemoteWebDriver: chrome on linux (261df2fd204b5ee0e93f8933ead90630)] -> id: pageSearchButton]
Session ID: 261df2fd204b5ee0e93f8933ead90630
	at java.base/jdk.internal.reflect.NativeConstructorAccessorImpl.newInstance0(Native Method)
	at java.base/jdk.internal.reflect.NativeConstructorAccessorImpl.newInstance(NativeConstructorAccessorImpl.java:77)
	at java.base/jdk.internal.reflect.DelegatingConstructorAccessorImpl.newInstance(DelegatingConstructorAccessorImpl.java:45)
	at java.base/java.lang.reflect.Constructor.newInstanceWithCaller(Constructor.java:499)
	at java.base/java.lang.reflect.Constructor.newInstance(Constructor.java:480)
	at org.openqa.selenium.remote.codec.w3c.W3CHttpResponseCodec.createException(W3CHttpResponseCodec.java:200)
	at org.openqa.selenium.remote.codec.w3c.W3CHttpResponseCodec.decode(W3CHttpResponseCodec.java:133)
	at org.openqa.selenium.remote.codec.w3c.W3CHttpResponseCodec.decode(W3CHttpResponseCodec.java:52)
	at org.openqa.selenium.remote.HttpCommandExecutor.execute(HttpCommandExecutor.java:191)
	at org.openqa.selenium.remote.TracedCommandExecutor.execute(TracedCommandExecutor.java:51)
	at org.openqa.selenium.remote.RemoteWebDriver.execute(RemoteWebDriver.java:602)
	at org.openqa.selenium.remote.RemoteWebElement.execute(RemoteWebElement.java:224)
	at org.openqa.selenium.remote.RemoteWebElement.click(RemoteWebElement.java:77)
	at po.BasePage.waitAndClick(BasePage.java:32)
	at po.AppointmentPage.pushBtnSearch(AppointmentPage.java:50)
	at tests.TestAppointments.checkCreateAppointmentBuyer(TestAppointments.java:70)
	at java.base/jdk.internal.reflect.NativeMethodAccessorImpl.invoke0(Native Method)
	at java.base/jdk.internal.reflect.NativeMethodAccessorImpl.invoke(NativeMethodAccessorImpl.java:77)
	at java.base/jdk.internal.reflect.DelegatingMethodAccessorImpl.invoke(DelegatingMethodAccessorImpl.java:43)
	at java.base/java.lang.reflect.Method.invoke(Method.java:568)
	at org.junit.runners.model.FrameworkMethod$1.runReflectiveCall(FrameworkMethod.java:59)
	at org.junit.internal.runners.model.ReflectiveCallable.run(ReflectiveCallable.java:12)
	at org.junit.runners.model.FrameworkMethod.invokeExplosively(FrameworkMethod.java:56)
	at org.junit.internal.runners.statements.InvokeMethod.evaluate(InvokeMethod.java:17)
	at org.junit.internal.runners.statements.RunBefores.evaluate(RunBefores.java:26)
	at org.junit.internal.runners.statements.RunAfters.evaluate(RunAfters.java:27)
	at org.junit.runners.ParentRunner$3.evaluate(ParentRunner.java:306)
	at org.junit.runners.BlockJUnit4ClassRunner$1.evaluate(BlockJUnit4ClassRunner.java:100)
	at org.junit.runners.ParentRunner.runLeaf(ParentRunner.java:366)
	at org.junit.runners.BlockJUnit4ClassRunner.runChild(BlockJUnit4ClassRunner.java:103)
	at org.junit.runners.BlockJUnit4ClassRunner.runChild(BlockJUnit4ClassRunner.java:63)
	at org.junit.runners.ParentRunner$4.run(ParentRunner.java:331)
	at org.junit.runners.ParentRunner$1.schedule(ParentRunner.java:79)
	at org.junit.runners.ParentRunner.runChildren(ParentRunner.java:329)
	at org.junit.runners.ParentRunner.access$100(ParentRunner.java:66)
	at org.junit.runners.ParentRunner$2.evaluate(ParentRunner.java:293)
	at org.junit.runners.ParentRunner$3.evaluate(ParentRunner.java:306)
	at org.junit.runners.ParentRunner.run(ParentRunner.java:413)
	at org.apache.maven.surefire.junit4.JUnit4Provider.execute(JUnit4Provider.java:316)
	at org.apache.maven.surefire.junit4.JUnit4Provider.executeWithRerun(JUnit4Provider.java:240)
	at org.apache.maven.surefire.junit4.JUnit4Provider.executeTestSet(JUnit4Provider.java:214)
	at org.apache.maven.surefire.junit4.JUnit4Provider.invoke(JUnit4Provider.java:155)
	at org.apache.maven.surefire.booter.ForkedBooter.runSuitesInProcess(ForkedBooter.java:385)
	at org.apache.maven.surefire.booter.ForkedBooter.execute(ForkedBooter.java:162)
	at org.apache.maven.surefire.booter.ForkedBooter.run(ForkedBooter.java:507)
	at org.apache.maven.surefire.booter.ForkedBooter.main(ForkedBooter.java:495)
]]></error>
    <system-out><![CDATA[auto-9a133dfb4255
Request SOAP Message:
<SOAP-ENV:Envelope xmlns:SOAP-ENV="http://schemas.xmlsoap.org/soap/envelope/" xmlns:ns="http://schemas.datacontract.org/2004/07/" xmlns:tem="http://tempuri.org/"><SOAP-ENV:Header/><SOAP-ENV:Body><tem:Load><tem:packages><ns:DT_TrOrder_OutDeliv><ns:Document><ns:DT_TrOrder_OutDelivDocument><ns:COMMENT_TXT>123</ns:COMMENT_TXT><ns:COST>500</ns:COST><ns:DATE_ARR>123</ns:DATE_ARR><ns:DATE_LICENSE>123</ns:DATE_LICENSE><ns:DATE_SEND>20240130</ns:DATE_SEND><ns:DATE_SEND_BY>20240130</ns:DATE_SEND_BY><ns:DATE_SEND_FR>20231110</ns:DATE_SEND_FR><ns:DATE_WU>123</ns:DATE_WU><ns:DRIVER>123</ns:DRIVER><ns:DRIVER_LICENSE>123</ns:DRIVER_LICENSE><ns:DRIVER_PHONE>123</ns:DRIVER_PHONE><ns:Delivery><ns:DT_TrOrder_OutDelivDocumentDelivery><ns:ADDRESS_DESCR>РіРѕСЂРѕРґ РњРѕСЃРєРІР°, СѓР»РёС†Р° Р§РµСЂРµРјСѓС€РєРёРЅСЃРєР°СЏ РЅР°Р±РµСЂРµР¶РЅР°СЏ, РґРѕРј 18</ns:ADDRESS_DESCR><ns:BLDAT>123</ns:BLDAT><ns:DES_LOC>123</ns:DES_LOC><ns:DES_LOC_TEXT>РўРµСЃС‚РѕРІС‹Р№ РџРћ РњРѕСЃРєРІР° </ns:DES_LOC_TEXT><ns:DeliveryItem><ns:DT_TrOrder_OutDelivDocumentDeliveryDeliveryItem><ns:ARKTX>РњР°СЃР»Рѕ РјРѕС‚ Р› РђРІР°РЅРі РЈР»СЊС‚СЂР° PLUS SAE 10W-40 </ns:ARKTX><ns:BISMT>123456</ns:BISMT><ns:BRGEW>217.880</ns:BRGEW><ns:CHARG>123</ns:CHARG><ns:DENSITY>123</ns:DENSITY><ns:GEWEI>KG</ns:GEWEI><ns:LFIMG>123</ns:LFIMG><ns:LGMNG>217.650</ns:LGMNG><ns:LGORT>0001</ns:LGORT><ns:MATKL>3127</ns:MATKL><ns:MATNR>00000000000000022</ns:MATNR><ns:MEINS>KG</ns:MEINS><ns:NTGEW>0.080</ns:NTGEW><ns:POSNR>000020</ns:POSNR><ns:TEMPB>123</ns:TEMPB><ns:VISCOSITY>123</ns:VISCOSITY><ns:VRKME>KG</ns:VRKME><ns:WERKS>2420</ns:WERKS><ns:ZBP_TEXT>123</ns:ZBP_TEXT><ns:ZMT_TEXT>123</ns:ZMT_TEXT></ns:DT_TrOrder_OutDelivDocumentDeliveryDeliveryItem></ns:DeliveryItem><ns:INCO1>CPT</ns:INCO1><ns:INCO2>(РўРќРџ) Рђ/Рџ Р”РћРњРћР”Р•Р”РћР’Рћ</ns:INCO2><ns:KUNAG>147838</ns:KUNAG><ns:KUNAG_NAME>РћРћРћ Р Р�Рљ РїРѕРєСѓРїР°С‚РµР»СЏ</ns:KUNAG_NAME><ns:KUNNR/><ns:KUNNR_NAME>РћРћРћ Р Р�Рљ Р“СЂСѓР·РѕРїРѕР»СѓС‡Р°С‚РµР»СЊ</ns:KUNNR_NAME><ns:LADGR>123</ns:LADGR><ns:LADGR_TEXT>123</ns:LADGR_TEXT><ns:LFART>ZMLI</ns:LFART><ns:SRC_LOC>SP_2420</ns:SRC_LOC><ns:SRC_LOC_TXT>РџРћ 2420 Р›Р›Рљ РўРџРџ Р’РѕР»РіРѕРіСЂР°Рґ</ns:SRC_LOC_TXT><ns:STAGE_ROUTE>00001</ns:STAGE_ROUTE><ns:TRATY_STAGE>9018</ns:TRATY_STAGE><ns:VBELN>7000239609</ns:VBELN><ns:VBTYP>J</ns:VBTYP><ns:VKORG>2400</ns:VKORG><ns:VSTEL>2420</ns:VSTEL><ns:XABLN>123</ns:XABLN><ns:XPOS>55,720722</ns:XPOS><ns:YPOS>37.774463</ns:YPOS></ns:DT_TrOrder_OutDelivDocumentDelivery></ns:Delivery><ns:LICENSE>123</ns:LICENSE><ns:NET_DURATION>180</ns:NET_DURATION><ns:SEND_TO_SYSTEM>123</ns:SEND_TO_SYSTEM><ns:SIGN_DEL/><ns:STATUS>01</ns:STATUS><ns:STATUS_RECORD>123</ns:STATUS_RECORD><ns:TDLNR/><ns:TDLNR_NAME>Р›Рљ РўСѓРґР°-РЎСЋРґР°</ns:TDLNR_NAME><ns:TIME_ARR>123</ns:TIME_ARR><ns:TIME_SEND>000000</ns:TIME_SEND><ns:TIME_SEND_BY>000000</ns:TIME_SEND_BY><ns:TIME_SEND_FR>000000</ns:TIME_SEND_FR><ns:TOR_ID>auto-9a133dfb4255</ns:TOR_ID><ns:TRATY>123</ns:TRATY><ns:TRATY_TXT>123</ns:TRATY_TXT><ns:VEHICLE_CONTAINER>123</ns:VEHICLE_CONTAINER><ns:VEHICLE_NUMBER>123</ns:VEHICLE_NUMBER><ns:VSBED>123</ns:VSBED><ns:VSBED_TXT>123</ns:VSBED_TXT><ns:VSTEL_TOR>2420</ns:VSTEL_TOR><ns:VSTEL_TOR_TEXT>РђРґСЂРµСЃ РїСѓРЅРєС‚Р° РѕС‚РіСЂСѓР·РєРё РњРѕСЃРєРІР°</ns:VSTEL_TOR_TEXT></ns:DT_TrOrder_OutDelivDocument></ns:Document><ns:GuidMsgOutb>165A59AB7CA7RFDABBB9a133dfb4255</ns:GuidMsgOutb><ns:SystemReceiver>123</ns:SystemReceiver><ns:SystemSender>123</ns:SystemSender></ns:DT_TrOrder_OutDeliv></tem:packages></tem:Load></SOAP-ENV:Body></SOAP-ENV:Envelope>

Select day: 1/31/2024
Select slot: 09:00
]]></system-out>
  </testcase>
  <testcase name="checkCreateAppointmentLogist" classname="tests.TestAppointments" time="50.709">
    <system-out><![CDATA[auto-4f8f0d971df7
Request SOAP Message:
<SOAP-ENV:Envelope xmlns:SOAP-ENV="http://schemas.xmlsoap.org/soap/envelope/" xmlns:ns="http://schemas.datacontract.org/2004/07/" xmlns:tem="http://tempuri.org/"><SOAP-ENV:Header/><SOAP-ENV:Body><tem:Load><tem:packages><ns:DT_TrOrder_OutDeliv><ns:Document><ns:DT_TrOrder_OutDelivDocument><ns:COMMENT_TXT>123</ns:COMMENT_TXT><ns:COST>500</ns:COST><ns:DATE_ARR>123</ns:DATE_ARR><ns:DATE_LICENSE>123</ns:DATE_LICENSE><ns:DATE_SEND>20240130</ns:DATE_SEND><ns:DATE_SEND_BY>20240130</ns:DATE_SEND_BY><ns:DATE_SEND_FR>20231110</ns:DATE_SEND_FR><ns:DATE_WU>123</ns:DATE_WU><ns:DRIVER>123</ns:DRIVER><ns:DRIVER_LICENSE>123</ns:DRIVER_LICENSE><ns:DRIVER_PHONE>123</ns:DRIVER_PHONE><ns:Delivery><ns:DT_TrOrder_OutDelivDocumentDelivery><ns:ADDRESS_DESCR>РіРѕСЂРѕРґ РњРѕСЃРєРІР°, СѓР»РёС†Р° Р§РµСЂРµРјСѓС€РєРёРЅСЃРєР°СЏ РЅР°Р±РµСЂРµР¶РЅР°СЏ, РґРѕРј 18</ns:ADDRESS_DESCR><ns:BLDAT>123</ns:BLDAT><ns:DES_LOC>123</ns:DES_LOC><ns:DES_LOC_TEXT>РўРµСЃС‚РѕРІС‹Р№ РџРћ РњРѕСЃРєРІР° </ns:DES_LOC_TEXT><ns:DeliveryItem><ns:DT_TrOrder_OutDelivDocumentDeliveryDeliveryItem><ns:ARKTX>РњР°СЃР»Рѕ РјРѕС‚ Р› РђРІР°РЅРі РЈР»СЊС‚СЂР° PLUS SAE 10W-40 </ns:ARKTX><ns:BISMT>123456</ns:BISMT><ns:BRGEW>217.880</ns:BRGEW><ns:CHARG>123</ns:CHARG><ns:DENSITY>123</ns:DENSITY><ns:GEWEI>KG</ns:GEWEI><ns:LFIMG>123</ns:LFIMG><ns:LGMNG>217.650</ns:LGMNG><ns:LGORT>0001</ns:LGORT><ns:MATKL>3127</ns:MATKL><ns:MATNR>00000000000000022</ns:MATNR><ns:MEINS>KG</ns:MEINS><ns:NTGEW>0.080</ns:NTGEW><ns:POSNR>000020</ns:POSNR><ns:TEMPB>123</ns:TEMPB><ns:VISCOSITY>123</ns:VISCOSITY><ns:VRKME>KG</ns:VRKME><ns:WERKS>2420</ns:WERKS><ns:ZBP_TEXT>123</ns:ZBP_TEXT><ns:ZMT_TEXT>123</ns:ZMT_TEXT></ns:DT_TrOrder_OutDelivDocumentDeliveryDeliveryItem></ns:DeliveryItem><ns:INCO1>CPT</ns:INCO1><ns:INCO2>(РўРќРџ) Рђ/Рџ Р”РћРњРћР”Р•Р”РћР’Рћ</ns:INCO2><ns:KUNAG>147838</ns:KUNAG><ns:KUNAG_NAME>РћРћРћ Р Р�Рљ РїРѕРєСѓРїР°С‚РµР»СЏ</ns:KUNAG_NAME><ns:KUNNR/><ns:KUNNR_NAME>РћРћРћ Р Р�Рљ Р“СЂСѓР·РѕРїРѕР»СѓС‡Р°С‚РµР»СЊ</ns:KUNNR_NAME><ns:LADGR>123</ns:LADGR><ns:LADGR_TEXT>123</ns:LADGR_TEXT><ns:LFART>ZMLI</ns:LFART><ns:SRC_LOC>SP_2420</ns:SRC_LOC><ns:SRC_LOC_TXT>РџРћ 2420 Р›Р›Рљ РўРџРџ Р’РѕР»РіРѕРіСЂР°Рґ</ns:SRC_LOC_TXT><ns:STAGE_ROUTE>00001</ns:STAGE_ROUTE><ns:TRATY_STAGE>9018</ns:TRATY_STAGE><ns:VBELN>7000239609</ns:VBELN><ns:VBTYP>J</ns:VBTYP><ns:VKORG>2400</ns:VKORG><ns:VSTEL>2420</ns:VSTEL><ns:XABLN>123</ns:XABLN><ns:XPOS>55,720722</ns:XPOS><ns:YPOS>37.774463</ns:YPOS></ns:DT_TrOrder_OutDelivDocumentDelivery></ns:Delivery><ns:LICENSE>123</ns:LICENSE><ns:NET_DURATION>180</ns:NET_DURATION><ns:SEND_TO_SYSTEM>123</ns:SEND_TO_SYSTEM><ns:SIGN_DEL/><ns:STATUS>01</ns:STATUS><ns:STATUS_RECORD>123</ns:STATUS_RECORD><ns:TDLNR>147838</ns:TDLNR><ns:TDLNR_NAME>Р›Рљ РўСѓРґР°-РЎСЋРґР°</ns:TDLNR_NAME><ns:TIME_ARR>123</ns:TIME_ARR><ns:TIME_SEND>000000</ns:TIME_SEND><ns:TIME_SEND_BY>000000</ns:TIME_SEND_BY><ns:TIME_SEND_FR>000000</ns:TIME_SEND_FR><ns:TOR_ID>auto-4f8f0d971df7</ns:TOR_ID><ns:TRATY>123</ns:TRATY><ns:TRATY_TXT>123</ns:TRATY_TXT><ns:VEHICLE_CONTAINER>123</ns:VEHICLE_CONTAINER><ns:VEHICLE_NUMBER>123</ns:VEHICLE_NUMBER><ns:VSBED>123</ns:VSBED><ns:VSBED_TXT>123</ns:VSBED_TXT><ns:VSTEL_TOR>2420</ns:VSTEL_TOR><ns:VSTEL_TOR_TEXT>РђРґСЂРµСЃ РїСѓРЅРєС‚Р° РѕС‚РіСЂСѓР·РєРё РњРѕСЃРєРІР°</ns:VSTEL_TOR_TEXT></ns:DT_TrOrder_OutDelivDocument></ns:Document><ns:GuidMsgOutb>165A59AB7CA7RFDABBB4f8f0d971df7</ns:GuidMsgOutb><ns:SystemReceiver>123</ns:SystemReceiver><ns:SystemSender>123</ns:SystemSender></ns:DT_TrOrder_OutDeliv></tem:packages></tem:Load></SOAP-ENV:Body></SOAP-ENV:Envelope>

Select day: 1/31/2024
Select slot: 09:12
]]></system-out>
  </testcase>
  <testcase name="checkDeleteAppointmentSingDel" classname="tests.TestAppointments" time="44.382">
    <system-out><![CDATA[auto-8bdb420e5a41
Request SOAP Message:
<SOAP-ENV:Envelope xmlns:SOAP-ENV="http://schemas.xmlsoap.org/soap/envelope/" xmlns:ns="http://schemas.datacontract.org/2004/07/" xmlns:tem="http://tempuri.org/"><SOAP-ENV:Header/><SOAP-ENV:Body><tem:Load><tem:packages><ns:DT_TrOrder_OutDeliv><ns:Document><ns:DT_TrOrder_OutDelivDocument><ns:COMMENT_TXT>123</ns:COMMENT_TXT><ns:COST>500</ns:COST><ns:DATE_ARR>123</ns:DATE_ARR><ns:DATE_LICENSE>123</ns:DATE_LICENSE><ns:DATE_SEND>20240130</ns:DATE_SEND><ns:DATE_SEND_BY>20240130</ns:DATE_SEND_BY><ns:DATE_SEND_FR>20231110</ns:DATE_SEND_FR><ns:DATE_WU>123</ns:DATE_WU><ns:DRIVER>123</ns:DRIVER><ns:DRIVER_LICENSE>123</ns:DRIVER_LICENSE><ns:DRIVER_PHONE>123</ns:DRIVER_PHONE><ns:Delivery><ns:DT_TrOrder_OutDelivDocumentDelivery><ns:ADDRESS_DESCR>РіРѕСЂРѕРґ РњРѕСЃРєРІР°, СѓР»РёС†Р° Р§РµСЂРµРјСѓС€РєРёРЅСЃРєР°СЏ РЅР°Р±РµСЂРµР¶РЅР°СЏ, РґРѕРј 18</ns:ADDRESS_DESCR><ns:BLDAT>123</ns:BLDAT><ns:DES_LOC>123</ns:DES_LOC><ns:DES_LOC_TEXT>РўРµСЃС‚РѕРІС‹Р№ РџРћ РњРѕСЃРєРІР° </ns:DES_LOC_TEXT><ns:DeliveryItem><ns:DT_TrOrder_OutDelivDocumentDeliveryDeliveryItem><ns:ARKTX>РњР°СЃР»Рѕ РјРѕС‚ Р› РђРІР°РЅРі РЈР»СЊС‚СЂР° PLUS SAE 10W-40 </ns:ARKTX><ns:BISMT>123456</ns:BISMT><ns:BRGEW>217.880</ns:BRGEW><ns:CHARG>123</ns:CHARG><ns:DENSITY>123</ns:DENSITY><ns:GEWEI>KG</ns:GEWEI><ns:LFIMG>123</ns:LFIMG><ns:LGMNG>217.650</ns:LGMNG><ns:LGORT>0001</ns:LGORT><ns:MATKL>3127</ns:MATKL><ns:MATNR>00000000000000022</ns:MATNR><ns:MEINS>KG</ns:MEINS><ns:NTGEW>0.080</ns:NTGEW><ns:POSNR>000020</ns:POSNR><ns:TEMPB>123</ns:TEMPB><ns:VISCOSITY>123</ns:VISCOSITY><ns:VRKME>KG</ns:VRKME><ns:WERKS>2420</ns:WERKS><ns:ZBP_TEXT>123</ns:ZBP_TEXT><ns:ZMT_TEXT>123</ns:ZMT_TEXT></ns:DT_TrOrder_OutDelivDocumentDeliveryDeliveryItem></ns:DeliveryItem><ns:INCO1>CPT</ns:INCO1><ns:INCO2>(РўРќРџ) Рђ/Рџ Р”РћРњРћР”Р•Р”РћР’Рћ</ns:INCO2><ns:KUNAG>147838</ns:KUNAG><ns:KUNAG_NAME>РћРћРћ Р Р�Рљ РїРѕРєСѓРїР°С‚РµР»СЏ</ns:KUNAG_NAME><ns:KUNNR/><ns:KUNNR_NAME>РћРћРћ Р Р�Рљ Р“СЂСѓР·РѕРїРѕР»СѓС‡Р°С‚РµР»СЊ</ns:KUNNR_NAME><ns:LADGR>123</ns:LADGR><ns:LADGR_TEXT>123</ns:LADGR_TEXT><ns:LFART>ZMLI</ns:LFART><ns:SRC_LOC>SP_2420</ns:SRC_LOC><ns:SRC_LOC_TXT>РџРћ 2420 Р›Р›Рљ РўРџРџ Р’РѕР»РіРѕРіСЂР°Рґ</ns:SRC_LOC_TXT><ns:STAGE_ROUTE>00001</ns:STAGE_ROUTE><ns:TRATY_STAGE>9018</ns:TRATY_STAGE><ns:VBELN>7000239609</ns:VBELN><ns:VBTYP>J</ns:VBTYP><ns:VKORG>2400</ns:VKORG><ns:VSTEL>2420</ns:VSTEL><ns:XABLN>123</ns:XABLN><ns:XPOS>55,720722</ns:XPOS><ns:YPOS>37.774463</ns:YPOS></ns:DT_TrOrder_OutDelivDocumentDelivery></ns:Delivery><ns:LICENSE>123</ns:LICENSE><ns:NET_DURATION>180</ns:NET_DURATION><ns:SEND_TO_SYSTEM>123</ns:SEND_TO_SYSTEM><ns:SIGN_DEL/><ns:STATUS>01</ns:STATUS><ns:STATUS_RECORD>123</ns:STATUS_RECORD><ns:TDLNR>147838</ns:TDLNR><ns:TDLNR_NAME>Р›Рљ РўСѓРґР°-РЎСЋРґР°</ns:TDLNR_NAME><ns:TIME_ARR>123</ns:TIME_ARR><ns:TIME_SEND>000000</ns:TIME_SEND><ns:TIME_SEND_BY>000000</ns:TIME_SEND_BY><ns:TIME_SEND_FR>000000</ns:TIME_SEND_FR><ns:TOR_ID>auto-8bdb420e5a41</ns:TOR_ID><ns:TRATY>123</ns:TRATY><ns:TRATY_TXT>123</ns:TRATY_TXT><ns:VEHICLE_CONTAINER>123</ns:VEHICLE_CONTAINER><ns:VEHICLE_NUMBER>123</ns:VEHICLE_NUMBER><ns:VSBED>123</ns:VSBED><ns:VSBED_TXT>123</ns:VSBED_TXT><ns:VSTEL_TOR>2420</ns:VSTEL_TOR><ns:VSTEL_TOR_TEXT>РђРґСЂРµСЃ РїСѓРЅРєС‚Р° РѕС‚РіСЂСѓР·РєРё РњРѕСЃРєРІР°</ns:VSTEL_TOR_TEXT></ns:DT_TrOrder_OutDelivDocument></ns:Document><ns:GuidMsgOutb>165A59AB7CA7RFDABBB8bdb420e5a41</ns:GuidMsgOutb><ns:SystemReceiver>123</ns:SystemReceiver><ns:SystemSender>123</ns:SystemSender></ns:DT_TrOrder_OutDeliv></tem:packages></tem:Load></SOAP-ENV:Body></SOAP-ENV:Envelope>

Select day: 1/31/2024
Select slot: 09:24
auto-8bdb420e5a41
Request SOAP Message:
<SOAP-ENV:Envelope xmlns:SOAP-ENV="http://schemas.xmlsoap.org/soap/envelope/" xmlns:ns="http://schemas.datacontract.org/2004/07/" xmlns:tem="http://tempuri.org/"><SOAP-ENV:Header/><SOAP-ENV:Body><tem:Load><tem:packages><ns:DT_TrOrder_OutDeliv><ns:Document><ns:DT_TrOrder_OutDelivDocument><ns:COMMENT_TXT>123</ns:COMMENT_TXT><ns:COST>500</ns:COST><ns:DATE_ARR>123</ns:DATE_ARR><ns:DATE_LICENSE>123</ns:DATE_LICENSE><ns:DATE_SEND>20240130</ns:DATE_SEND><ns:DATE_SEND_BY>20240130</ns:DATE_SEND_BY><ns:DATE_SEND_FR>20231110</ns:DATE_SEND_FR><ns:DATE_WU>123</ns:DATE_WU><ns:DRIVER>123</ns:DRIVER><ns:DRIVER_LICENSE>123</ns:DRIVER_LICENSE><ns:DRIVER_PHONE>123</ns:DRIVER_PHONE><ns:Delivery><ns:DT_TrOrder_OutDelivDocumentDelivery><ns:ADDRESS_DESCR>РіРѕСЂРѕРґ РњРѕСЃРєРІР°, СѓР»РёС†Р° Р§РµСЂРµРјСѓС€РєРёРЅСЃРєР°СЏ РЅР°Р±РµСЂРµР¶РЅР°СЏ, РґРѕРј 18</ns:ADDRESS_DESCR><ns:BLDAT>123</ns:BLDAT><ns:DES_LOC>123</ns:DES_LOC><ns:DES_LOC_TEXT>РўРµСЃС‚РѕРІС‹Р№ РџРћ РњРѕСЃРєРІР° </ns:DES_LOC_TEXT><ns:DeliveryItem><ns:DT_TrOrder_OutDelivDocumentDeliveryDeliveryItem><ns:ARKTX>РњР°СЃР»Рѕ РјРѕС‚ Р› РђРІР°РЅРі РЈР»СЊС‚СЂР° PLUS SAE 10W-40 </ns:ARKTX><ns:BISMT>123456</ns:BISMT><ns:BRGEW>217.880</ns:BRGEW><ns:CHARG>123</ns:CHARG><ns:DENSITY>123</ns:DENSITY><ns:GEWEI>KG</ns:GEWEI><ns:LFIMG>123</ns:LFIMG><ns:LGMNG>217.650</ns:LGMNG><ns:LGORT>0001</ns:LGORT><ns:MATKL>3127</ns:MATKL><ns:MATNR>00000000000000022</ns:MATNR><ns:MEINS>KG</ns:MEINS><ns:NTGEW>0.080</ns:NTGEW><ns:POSNR>000020</ns:POSNR><ns:TEMPB>123</ns:TEMPB><ns:VISCOSITY>123</ns:VISCOSITY><ns:VRKME>KG</ns:VRKME><ns:WERKS>2420</ns:WERKS><ns:ZBP_TEXT>123</ns:ZBP_TEXT><ns:ZMT_TEXT>123</ns:ZMT_TEXT></ns:DT_TrOrder_OutDelivDocumentDeliveryDeliveryItem></ns:DeliveryItem><ns:INCO1>CPT</ns:INCO1><ns:INCO2>(РўРќРџ) Рђ/Рџ Р”РћРњРћР”Р•Р”РћР’Рћ</ns:INCO2><ns:KUNAG>147838</ns:KUNAG><ns:KUNAG_NAME>РћРћРћ Р Р�Рљ РїРѕРєСѓРїР°С‚РµР»СЏ</ns:KUNAG_NAME><ns:KUNNR/><ns:KUNNR_NAME>РћРћРћ Р Р�Рљ Р“СЂСѓР·РѕРїРѕР»СѓС‡Р°С‚РµР»СЊ</ns:KUNNR_NAME><ns:LADGR>123</ns:LADGR><ns:LADGR_TEXT>123</ns:LADGR_TEXT><ns:LFART>ZMLI</ns:LFART><ns:SRC_LOC>SP_2420</ns:SRC_LOC><ns:SRC_LOC_TXT>РџРћ 2420 Р›Р›Рљ РўРџРџ Р’РѕР»РіРѕРіСЂР°Рґ</ns:SRC_LOC_TXT><ns:STAGE_ROUTE>00001</ns:STAGE_ROUTE><ns:TRATY_STAGE>9018</ns:TRATY_STAGE><ns:VBELN>7000239609</ns:VBELN><ns:VBTYP>J</ns:VBTYP><ns:VKORG>2400</ns:VKORG><ns:VSTEL>2420</ns:VSTEL><ns:XABLN>123</ns:XABLN><ns:XPOS>55,720722</ns:XPOS><ns:YPOS>37.774463</ns:YPOS></ns:DT_TrOrder_OutDelivDocumentDelivery></ns:Delivery><ns:LICENSE>123</ns:LICENSE><ns:NET_DURATION>180</ns:NET_DURATION><ns:SEND_TO_SYSTEM>123</ns:SEND_TO_SYSTEM><ns:SIGN_DEL>X</ns:SIGN_DEL><ns:STATUS>01</ns:STATUS><ns:STATUS_RECORD>123</ns:STATUS_RECORD><ns:TDLNR>147838</ns:TDLNR><ns:TDLNR_NAME>Р›Рљ РўСѓРґР°-РЎСЋРґР°</ns:TDLNR_NAME><ns:TIME_ARR>123</ns:TIME_ARR><ns:TIME_SEND>000000</ns:TIME_SEND><ns:TIME_SEND_BY>000000</ns:TIME_SEND_BY><ns:TIME_SEND_FR>000000</ns:TIME_SEND_FR><ns:TOR_ID>auto-8bdb420e5a41</ns:TOR_ID><ns:TRATY>123</ns:TRATY><ns:TRATY_TXT>123</ns:TRATY_TXT><ns:VEHICLE_CONTAINER>123</ns:VEHICLE_CONTAINER><ns:VEHICLE_NUMBER>123</ns:VEHICLE_NUMBER><ns:VSBED>123</ns:VSBED><ns:VSBED_TXT>123</ns:VSBED_TXT><ns:VSTEL_TOR>2420</ns:VSTEL_TOR><ns:VSTEL_TOR_TEXT>РђРґСЂРµСЃ РїСѓРЅРєС‚Р° РѕС‚РіСЂСѓР·РєРё РњРѕСЃРєРІР°</ns:VSTEL_TOR_TEXT></ns:DT_TrOrder_OutDelivDocument></ns:Document><ns:GuidMsgOutb>165A59AB7CA7RFDABBBc77bdbd7514e</ns:GuidMsgOutb><ns:SystemReceiver>123</ns:SystemReceiver><ns:SystemSender>123</ns:SystemSender></ns:DT_TrOrder_OutDeliv></tem:packages></tem:Load></SOAP-ENV:Body></SOAP-ENV:Envelope>

]]></system-out>
  </testcase>
  <testcase name="checkExecutedStatus" classname="tests.TestAppointments" time="44.983">
    <system-out><![CDATA[auto-325f76f16401
Request SOAP Message:
<SOAP-ENV:Envelope xmlns:SOAP-ENV="http://schemas.xmlsoap.org/soap/envelope/" xmlns:ns="http://schemas.datacontract.org/2004/07/" xmlns:tem="http://tempuri.org/"><SOAP-ENV:Header/><SOAP-ENV:Body><tem:Load><tem:packages><ns:DT_TrOrder_OutDeliv><ns:Document><ns:DT_TrOrder_OutDelivDocument><ns:COMMENT_TXT>123</ns:COMMENT_TXT><ns:COST>500</ns:COST><ns:DATE_ARR>123</ns:DATE_ARR><ns:DATE_LICENSE>123</ns:DATE_LICENSE><ns:DATE_SEND>20240130</ns:DATE_SEND><ns:DATE_SEND_BY>20240130</ns:DATE_SEND_BY><ns:DATE_SEND_FR>20231110</ns:DATE_SEND_FR><ns:DATE_WU>123</ns:DATE_WU><ns:DRIVER>123</ns:DRIVER><ns:DRIVER_LICENSE>123</ns:DRIVER_LICENSE><ns:DRIVER_PHONE>123</ns:DRIVER_PHONE><ns:Delivery><ns:DT_TrOrder_OutDelivDocumentDelivery><ns:ADDRESS_DESCR>РіРѕСЂРѕРґ РњРѕСЃРєРІР°, СѓР»РёС†Р° Р§РµСЂРµРјСѓС€РєРёРЅСЃРєР°СЏ РЅР°Р±РµСЂРµР¶РЅР°СЏ, РґРѕРј 18</ns:ADDRESS_DESCR><ns:BLDAT>123</ns:BLDAT><ns:DES_LOC>123</ns:DES_LOC><ns:DES_LOC_TEXT>РўРµСЃС‚РѕРІС‹Р№ РџРћ РњРѕСЃРєРІР° </ns:DES_LOC_TEXT><ns:DeliveryItem><ns:DT_TrOrder_OutDelivDocumentDeliveryDeliveryItem><ns:ARKTX>РњР°СЃР»Рѕ РјРѕС‚ Р› РђРІР°РЅРі РЈР»СЊС‚СЂР° PLUS SAE 10W-40 </ns:ARKTX><ns:BISMT>123456</ns:BISMT><ns:BRGEW>217.880</ns:BRGEW><ns:CHARG>123</ns:CHARG><ns:DENSITY>123</ns:DENSITY><ns:GEWEI>KG</ns:GEWEI><ns:LFIMG>123</ns:LFIMG><ns:LGMNG>217.650</ns:LGMNG><ns:LGORT>0001</ns:LGORT><ns:MATKL>3127</ns:MATKL><ns:MATNR>00000000000000022</ns:MATNR><ns:MEINS>KG</ns:MEINS><ns:NTGEW>0.080</ns:NTGEW><ns:POSNR>000020</ns:POSNR><ns:TEMPB>123</ns:TEMPB><ns:VISCOSITY>123</ns:VISCOSITY><ns:VRKME>KG</ns:VRKME><ns:WERKS>2420</ns:WERKS><ns:ZBP_TEXT>123</ns:ZBP_TEXT><ns:ZMT_TEXT>123</ns:ZMT_TEXT></ns:DT_TrOrder_OutDelivDocumentDeliveryDeliveryItem></ns:DeliveryItem><ns:INCO1>CPT</ns:INCO1><ns:INCO2>(РўРќРџ) Рђ/Рџ Р”РћРњРћР”Р•Р”РћР’Рћ</ns:INCO2><ns:KUNAG>147838</ns:KUNAG><ns:KUNAG_NAME>РћРћРћ Р Р�Рљ РїРѕРєСѓРїР°С‚РµР»СЏ</ns:KUNAG_NAME><ns:KUNNR/><ns:KUNNR_NAME>РћРћРћ Р Р�Рљ Р“СЂСѓР·РѕРїРѕР»СѓС‡Р°С‚РµР»СЊ</ns:KUNNR_NAME><ns:LADGR>123</ns:LADGR><ns:LADGR_TEXT>123</ns:LADGR_TEXT><ns:LFART>ZMLI</ns:LFART><ns:SRC_LOC>SP_2420</ns:SRC_LOC><ns:SRC_LOC_TXT>РџРћ 2420 Р›Р›Рљ РўРџРџ Р’РѕР»РіРѕРіСЂР°Рґ</ns:SRC_LOC_TXT><ns:STAGE_ROUTE>00001</ns:STAGE_ROUTE><ns:TRATY_STAGE>9018</ns:TRATY_STAGE><ns:VBELN>7000239609</ns:VBELN><ns:VBTYP>J</ns:VBTYP><ns:VKORG>2400</ns:VKORG><ns:VSTEL>2420</ns:VSTEL><ns:XABLN>123</ns:XABLN><ns:XPOS>55,720722</ns:XPOS><ns:YPOS>37.774463</ns:YPOS></ns:DT_TrOrder_OutDelivDocumentDelivery></ns:Delivery><ns:LICENSE>123</ns:LICENSE><ns:NET_DURATION>180</ns:NET_DURATION><ns:SEND_TO_SYSTEM>123</ns:SEND_TO_SYSTEM><ns:SIGN_DEL/><ns:STATUS>01</ns:STATUS><ns:STATUS_RECORD>123</ns:STATUS_RECORD><ns:TDLNR>147838</ns:TDLNR><ns:TDLNR_NAME>Р›Рљ РўСѓРґР°-РЎСЋРґР°</ns:TDLNR_NAME><ns:TIME_ARR>123</ns:TIME_ARR><ns:TIME_SEND>000000</ns:TIME_SEND><ns:TIME_SEND_BY>000000</ns:TIME_SEND_BY><ns:TIME_SEND_FR>000000</ns:TIME_SEND_FR><ns:TOR_ID>auto-325f76f16401</ns:TOR_ID><ns:TRATY>123</ns:TRATY><ns:TRATY_TXT>123</ns:TRATY_TXT><ns:VEHICLE_CONTAINER>123</ns:VEHICLE_CONTAINER><ns:VEHICLE_NUMBER>123</ns:VEHICLE_NUMBER><ns:VSBED>123</ns:VSBED><ns:VSBED_TXT>123</ns:VSBED_TXT><ns:VSTEL_TOR>2420</ns:VSTEL_TOR><ns:VSTEL_TOR_TEXT>РђРґСЂРµСЃ РїСѓРЅРєС‚Р° РѕС‚РіСЂСѓР·РєРё РњРѕСЃРєРІР°</ns:VSTEL_TOR_TEXT></ns:DT_TrOrder_OutDelivDocument></ns:Document><ns:GuidMsgOutb>165A59AB7CA7RFDABBB325f76f16401</ns:GuidMsgOutb><ns:SystemReceiver>123</ns:SystemReceiver><ns:SystemSender>123</ns:SystemSender></ns:DT_TrOrder_OutDeliv></tem:packages></tem:Load></SOAP-ENV:Body></SOAP-ENV:Envelope>

Select day: 1/31/2024
Select slot: 09:24
auto-325f76f16401
Request SOAP Message:
<SOAP-ENV:Envelope xmlns:SOAP-ENV="http://schemas.xmlsoap.org/soap/envelope/" xmlns:ns="http://schemas.datacontract.org/2004/07/" xmlns:tem="http://tempuri.org/"><SOAP-ENV:Header/><SOAP-ENV:Body><tem:Load><tem:packages><ns:DT_TrOrder_OutDeliv><ns:Document><ns:DT_TrOrder_OutDelivDocument><ns:COMMENT_TXT>123</ns:COMMENT_TXT><ns:COST>500</ns:COST><ns:DATE_ARR>123</ns:DATE_ARR><ns:DATE_LICENSE>123</ns:DATE_LICENSE><ns:DATE_SEND>20240130</ns:DATE_SEND><ns:DATE_SEND_BY>20240130</ns:DATE_SEND_BY><ns:DATE_SEND_FR>20231110</ns:DATE_SEND_FR><ns:DATE_WU>123</ns:DATE_WU><ns:DRIVER>123</ns:DRIVER><ns:DRIVER_LICENSE>123</ns:DRIVER_LICENSE><ns:DRIVER_PHONE>123</ns:DRIVER_PHONE><ns:Delivery><ns:DT_TrOrder_OutDelivDocumentDelivery><ns:ADDRESS_DESCR>РіРѕСЂРѕРґ РњРѕСЃРєРІР°, СѓР»РёС†Р° Р§РµСЂРµРјСѓС€РєРёРЅСЃРєР°СЏ РЅР°Р±РµСЂРµР¶РЅР°СЏ, РґРѕРј 18</ns:ADDRESS_DESCR><ns:BLDAT>123</ns:BLDAT><ns:DES_LOC>123</ns:DES_LOC><ns:DES_LOC_TEXT>РўРµСЃС‚РѕРІС‹Р№ РџРћ РњРѕСЃРєРІР° </ns:DES_LOC_TEXT><ns:DeliveryItem><ns:DT_TrOrder_OutDelivDocumentDeliveryDeliveryItem><ns:ARKTX>РњР°СЃР»Рѕ РјРѕС‚ Р› РђРІР°РЅРі РЈР»СЊС‚СЂР° PLUS SAE 10W-40 </ns:ARKTX><ns:BISMT>123456</ns:BISMT><ns:BRGEW>217.880</ns:BRGEW><ns:CHARG>123</ns:CHARG><ns:DENSITY>123</ns:DENSITY><ns:GEWEI>KG</ns:GEWEI><ns:LFIMG>123</ns:LFIMG><ns:LGMNG>217.650</ns:LGMNG><ns:LGORT>0001</ns:LGORT><ns:MATKL>3127</ns:MATKL><ns:MATNR>00000000000000022</ns:MATNR><ns:MEINS>KG</ns:MEINS><ns:NTGEW>0.080</ns:NTGEW><ns:POSNR>000020</ns:POSNR><ns:TEMPB>123</ns:TEMPB><ns:VISCOSITY>123</ns:VISCOSITY><ns:VRKME>KG</ns:VRKME><ns:WERKS>2420</ns:WERKS><ns:ZBP_TEXT>123</ns:ZBP_TEXT><ns:ZMT_TEXT>123</ns:ZMT_TEXT></ns:DT_TrOrder_OutDelivDocumentDeliveryDeliveryItem></ns:DeliveryItem><ns:INCO1>CPT</ns:INCO1><ns:INCO2>(РўРќРџ) Рђ/Рџ Р”РћРњРћР”Р•Р”РћР’Рћ</ns:INCO2><ns:KUNAG>147838</ns:KUNAG><ns:KUNAG_NAME>РћРћРћ Р Р�Рљ РїРѕРєСѓРїР°С‚РµР»СЏ</ns:KUNAG_NAME><ns:KUNNR/><ns:KUNNR_NAME>РћРћРћ Р Р�Рљ Р“СЂСѓР·РѕРїРѕР»СѓС‡Р°С‚РµР»СЊ</ns:KUNNR_NAME><ns:LADGR>123</ns:LADGR><ns:LADGR_TEXT>123</ns:LADGR_TEXT><ns:LFART>ZMLI</ns:LFART><ns:SRC_LOC>SP_2420</ns:SRC_LOC><ns:SRC_LOC_TXT>РџРћ 2420 Р›Р›Рљ РўРџРџ Р’РѕР»РіРѕРіСЂР°Рґ</ns:SRC_LOC_TXT><ns:STAGE_ROUTE>00001</ns:STAGE_ROUTE><ns:TRATY_STAGE>9018</ns:TRATY_STAGE><ns:VBELN>7000239609</ns:VBELN><ns:VBTYP>J</ns:VBTYP><ns:VKORG>2400</ns:VKORG><ns:VSTEL>2420</ns:VSTEL><ns:XABLN>123</ns:XABLN><ns:XPOS>55,720722</ns:XPOS><ns:YPOS>37.774463</ns:YPOS></ns:DT_TrOrder_OutDelivDocumentDelivery></ns:Delivery><ns:LICENSE>123</ns:LICENSE><ns:NET_DURATION>180</ns:NET_DURATION><ns:SEND_TO_SYSTEM>123</ns:SEND_TO_SYSTEM><ns:SIGN_DEL/><ns:STATUS>04</ns:STATUS><ns:STATUS_RECORD>123</ns:STATUS_RECORD><ns:TDLNR>147838</ns:TDLNR><ns:TDLNR_NAME>Р›Рљ РўСѓРґР°-РЎСЋРґР°</ns:TDLNR_NAME><ns:TIME_ARR>123</ns:TIME_ARR><ns:TIME_SEND>000000</ns:TIME_SEND><ns:TIME_SEND_BY>000000</ns:TIME_SEND_BY><ns:TIME_SEND_FR>000000</ns:TIME_SEND_FR><ns:TOR_ID>auto-325f76f16401</ns:TOR_ID><ns:TRATY>123</ns:TRATY><ns:TRATY_TXT>123</ns:TRATY_TXT><ns:VEHICLE_CONTAINER>123</ns:VEHICLE_CONTAINER><ns:VEHICLE_NUMBER>123</ns:VEHICLE_NUMBER><ns:VSBED>123</ns:VSBED><ns:VSBED_TXT>123</ns:VSBED_TXT><ns:VSTEL_TOR>2420</ns:VSTEL_TOR><ns:VSTEL_TOR_TEXT>РђРґСЂРµСЃ РїСѓРЅРєС‚Р° РѕС‚РіСЂСѓР·РєРё РњРѕСЃРєРІР°</ns:VSTEL_TOR_TEXT></ns:DT_TrOrder_OutDelivDocument></ns:Document><ns:GuidMsgOutb>165A59AB7CA7RFDABBBed4441caef1a</ns:GuidMsgOutb><ns:SystemReceiver>123</ns:SystemReceiver><ns:SystemSender>123</ns:SystemSender></ns:DT_TrOrder_OutDeliv></tem:packages></tem:Load></SOAP-ENV:Body></SOAP-ENV:Envelope>

]]></system-out>
  </testcase>
  <testcase name="checkCancelAppointmentOnButton" classname="tests.TestAppointments" time="44.809">
    <system-out><![CDATA[auto-f9c253b52cc6
Request SOAP Message:
<SOAP-ENV:Envelope xmlns:SOAP-ENV="http://schemas.xmlsoap.org/soap/envelope/" xmlns:ns="http://schemas.datacontract.org/2004/07/" xmlns:tem="http://tempuri.org/"><SOAP-ENV:Header/><SOAP-ENV:Body><tem:Load><tem:packages><ns:DT_TrOrder_OutDeliv><ns:Document><ns:DT_TrOrder_OutDelivDocument><ns:COMMENT_TXT>123</ns:COMMENT_TXT><ns:COST>500</ns:COST><ns:DATE_ARR>123</ns:DATE_ARR><ns:DATE_LICENSE>123</ns:DATE_LICENSE><ns:DATE_SEND>20240130</ns:DATE_SEND><ns:DATE_SEND_BY>20240130</ns:DATE_SEND_BY><ns:DATE_SEND_FR>20231110</ns:DATE_SEND_FR><ns:DATE_WU>123</ns:DATE_WU><ns:DRIVER>123</ns:DRIVER><ns:DRIVER_LICENSE>123</ns:DRIVER_LICENSE><ns:DRIVER_PHONE>123</ns:DRIVER_PHONE><ns:Delivery><ns:DT_TrOrder_OutDelivDocumentDelivery><ns:ADDRESS_DESCR>РіРѕСЂРѕРґ РњРѕСЃРєРІР°, СѓР»РёС†Р° Р§РµСЂРµРјСѓС€РєРёРЅСЃРєР°СЏ РЅР°Р±РµСЂРµР¶РЅР°СЏ, РґРѕРј 18</ns:ADDRESS_DESCR><ns:BLDAT>123</ns:BLDAT><ns:DES_LOC>123</ns:DES_LOC><ns:DES_LOC_TEXT>РўРµСЃС‚РѕРІС‹Р№ РџРћ РњРѕСЃРєРІР° </ns:DES_LOC_TEXT><ns:DeliveryItem><ns:DT_TrOrder_OutDelivDocumentDeliveryDeliveryItem><ns:ARKTX>РњР°СЃР»Рѕ РјРѕС‚ Р› РђРІР°РЅРі РЈР»СЊС‚СЂР° PLUS SAE 10W-40 </ns:ARKTX><ns:BISMT>123456</ns:BISMT><ns:BRGEW>217.880</ns:BRGEW><ns:CHARG>123</ns:CHARG><ns:DENSITY>123</ns:DENSITY><ns:GEWEI>KG</ns:GEWEI><ns:LFIMG>123</ns:LFIMG><ns:LGMNG>217.650</ns:LGMNG><ns:LGORT>0001</ns:LGORT><ns:MATKL>3127</ns:MATKL><ns:MATNR>00000000000000022</ns:MATNR><ns:MEINS>KG</ns:MEINS><ns:NTGEW>0.080</ns:NTGEW><ns:POSNR>000020</ns:POSNR><ns:TEMPB>123</ns:TEMPB><ns:VISCOSITY>123</ns:VISCOSITY><ns:VRKME>KG</ns:VRKME><ns:WERKS>2420</ns:WERKS><ns:ZBP_TEXT>123</ns:ZBP_TEXT><ns:ZMT_TEXT>123</ns:ZMT_TEXT></ns:DT_TrOrder_OutDelivDocumentDeliveryDeliveryItem></ns:DeliveryItem><ns:INCO1>CPT</ns:INCO1><ns:INCO2>(РўРќРџ) Рђ/Рџ Р”РћРњРћР”Р•Р”РћР’Рћ</ns:INCO2><ns:KUNAG>147838</ns:KUNAG><ns:KUNAG_NAME>РћРћРћ Р Р�Рљ РїРѕРєСѓРїР°С‚РµР»СЏ</ns:KUNAG_NAME><ns:KUNNR/><ns:KUNNR_NAME>РћРћРћ Р Р�Рљ Р“СЂСѓР·РѕРїРѕР»СѓС‡Р°С‚РµР»СЊ</ns:KUNNR_NAME><ns:LADGR>123</ns:LADGR><ns:LADGR_TEXT>123</ns:LADGR_TEXT><ns:LFART>ZMLI</ns:LFART><ns:SRC_LOC>SP_2420</ns:SRC_LOC><ns:SRC_LOC_TXT>РџРћ 2420 Р›Р›Рљ РўРџРџ Р’РѕР»РіРѕРіСЂР°Рґ</ns:SRC_LOC_TXT><ns:STAGE_ROUTE>00001</ns:STAGE_ROUTE><ns:TRATY_STAGE>9018</ns:TRATY_STAGE><ns:VBELN>7000239609</ns:VBELN><ns:VBTYP>J</ns:VBTYP><ns:VKORG>2400</ns:VKORG><ns:VSTEL>2420</ns:VSTEL><ns:XABLN>123</ns:XABLN><ns:XPOS>55,720722</ns:XPOS><ns:YPOS>37.774463</ns:YPOS></ns:DT_TrOrder_OutDelivDocumentDelivery></ns:Delivery><ns:LICENSE>123</ns:LICENSE><ns:NET_DURATION>180</ns:NET_DURATION><ns:SEND_TO_SYSTEM>123</ns:SEND_TO_SYSTEM><ns:SIGN_DEL/><ns:STATUS>01</ns:STATUS><ns:STATUS_RECORD>123</ns:STATUS_RECORD><ns:TDLNR>147838</ns:TDLNR><ns:TDLNR_NAME>Р›Рљ РўСѓРґР°-РЎСЋРґР°</ns:TDLNR_NAME><ns:TIME_ARR>123</ns:TIME_ARR><ns:TIME_SEND>000000</ns:TIME_SEND><ns:TIME_SEND_BY>000000</ns:TIME_SEND_BY><ns:TIME_SEND_FR>000000</ns:TIME_SEND_FR><ns:TOR_ID>auto-f9c253b52cc6</ns:TOR_ID><ns:TRATY>123</ns:TRATY><ns:TRATY_TXT>123</ns:TRATY_TXT><ns:VEHICLE_CONTAINER>123</ns:VEHICLE_CONTAINER><ns:VEHICLE_NUMBER>123</ns:VEHICLE_NUMBER><ns:VSBED>123</ns:VSBED><ns:VSBED_TXT>123</ns:VSBED_TXT><ns:VSTEL_TOR>2420</ns:VSTEL_TOR><ns:VSTEL_TOR_TEXT>РђРґСЂРµСЃ РїСѓРЅРєС‚Р° РѕС‚РіСЂСѓР·РєРё РњРѕСЃРєРІР°</ns:VSTEL_TOR_TEXT></ns:DT_TrOrder_OutDelivDocument></ns:Document><ns:GuidMsgOutb>165A59AB7CA7RFDABBBf9c253b52cc6</ns:GuidMsgOutb><ns:SystemReceiver>123</ns:SystemReceiver><ns:SystemSender>123</ns:SystemSender></ns:DT_TrOrder_OutDeliv></tem:packages></tem:Load></SOAP-ENV:Body></SOAP-ENV:Envelope>

Select day: 1/31/2024
Select slot: 09:36
]]></system-out>
  </testcase>
  <testcase name="checkNotCancelAppointmentBeforeChangeStatus03" classname="tests.TestAppointments" time="44.912">
    <system-out><![CDATA[auto-0ec20895ed12
Request SOAP Message:
<SOAP-ENV:Envelope xmlns:SOAP-ENV="http://schemas.xmlsoap.org/soap/envelope/" xmlns:ns="http://schemas.datacontract.org/2004/07/" xmlns:tem="http://tempuri.org/"><SOAP-ENV:Header/><SOAP-ENV:Body><tem:Load><tem:packages><ns:DT_TrOrder_OutDeliv><ns:Document><ns:DT_TrOrder_OutDelivDocument><ns:COMMENT_TXT>123</ns:COMMENT_TXT><ns:COST>500</ns:COST><ns:DATE_ARR>123</ns:DATE_ARR><ns:DATE_LICENSE>123</ns:DATE_LICENSE><ns:DATE_SEND>20240130</ns:DATE_SEND><ns:DATE_SEND_BY>20240130</ns:DATE_SEND_BY><ns:DATE_SEND_FR>20231110</ns:DATE_SEND_FR><ns:DATE_WU>123</ns:DATE_WU><ns:DRIVER>123</ns:DRIVER><ns:DRIVER_LICENSE>123</ns:DRIVER_LICENSE><ns:DRIVER_PHONE>123</ns:DRIVER_PHONE><ns:Delivery><ns:DT_TrOrder_OutDelivDocumentDelivery><ns:ADDRESS_DESCR>РіРѕСЂРѕРґ РњРѕСЃРєРІР°, СѓР»РёС†Р° Р§РµСЂРµРјСѓС€РєРёРЅСЃРєР°СЏ РЅР°Р±РµСЂРµР¶РЅР°СЏ, РґРѕРј 18</ns:ADDRESS_DESCR><ns:BLDAT>123</ns:BLDAT><ns:DES_LOC>123</ns:DES_LOC><ns:DES_LOC_TEXT>РўРµСЃС‚РѕРІС‹Р№ РџРћ РњРѕСЃРєРІР° </ns:DES_LOC_TEXT><ns:DeliveryItem><ns:DT_TrOrder_OutDelivDocumentDeliveryDeliveryItem><ns:ARKTX>РњР°СЃР»Рѕ РјРѕС‚ Р› РђРІР°РЅРі РЈР»СЊС‚СЂР° PLUS SAE 10W-40 </ns:ARKTX><ns:BISMT>123456</ns:BISMT><ns:BRGEW>217.880</ns:BRGEW><ns:CHARG>123</ns:CHARG><ns:DENSITY>123</ns:DENSITY><ns:GEWEI>KG</ns:GEWEI><ns:LFIMG>123</ns:LFIMG><ns:LGMNG>217.650</ns:LGMNG><ns:LGORT>0001</ns:LGORT><ns:MATKL>3127</ns:MATKL><ns:MATNR>00000000000000022</ns:MATNR><ns:MEINS>KG</ns:MEINS><ns:NTGEW>0.080</ns:NTGEW><ns:POSNR>000020</ns:POSNR><ns:TEMPB>123</ns:TEMPB><ns:VISCOSITY>123</ns:VISCOSITY><ns:VRKME>KG</ns:VRKME><ns:WERKS>2420</ns:WERKS><ns:ZBP_TEXT>123</ns:ZBP_TEXT><ns:ZMT_TEXT>123</ns:ZMT_TEXT></ns:DT_TrOrder_OutDelivDocumentDeliveryDeliveryItem></ns:DeliveryItem><ns:INCO1>CPT</ns:INCO1><ns:INCO2>(РўРќРџ) Рђ/Рџ Р”РћРњРћР”Р•Р”РћР’Рћ</ns:INCO2><ns:KUNAG>147838</ns:KUNAG><ns:KUNAG_NAME>РћРћРћ Р Р�Рљ РїРѕРєСѓРїР°С‚РµР»СЏ</ns:KUNAG_NAME><ns:KUNNR/><ns:KUNNR_NAME>РћРћРћ Р Р�Рљ Р“СЂСѓР·РѕРїРѕР»СѓС‡Р°С‚РµР»СЊ</ns:KUNNR_NAME><ns:LADGR>123</ns:LADGR><ns:LADGR_TEXT>123</ns:LADGR_TEXT><ns:LFART>ZMLI</ns:LFART><ns:SRC_LOC>SP_2420</ns:SRC_LOC><ns:SRC_LOC_TXT>РџРћ 2420 Р›Р›Рљ РўРџРџ Р’РѕР»РіРѕРіСЂР°Рґ</ns:SRC_LOC_TXT><ns:STAGE_ROUTE>00001</ns:STAGE_ROUTE><ns:TRATY_STAGE>9018</ns:TRATY_STAGE><ns:VBELN>7000239609</ns:VBELN><ns:VBTYP>J</ns:VBTYP><ns:VKORG>2400</ns:VKORG><ns:VSTEL>2420</ns:VSTEL><ns:XABLN>123</ns:XABLN><ns:XPOS>55,720722</ns:XPOS><ns:YPOS>37.774463</ns:YPOS></ns:DT_TrOrder_OutDelivDocumentDelivery></ns:Delivery><ns:LICENSE>123</ns:LICENSE><ns:NET_DURATION>180</ns:NET_DURATION><ns:SEND_TO_SYSTEM>123</ns:SEND_TO_SYSTEM><ns:SIGN_DEL/><ns:STATUS>01</ns:STATUS><ns:STATUS_RECORD>123</ns:STATUS_RECORD><ns:TDLNR>147838</ns:TDLNR><ns:TDLNR_NAME>Р›Рљ РўСѓРґР°-РЎСЋРґР°</ns:TDLNR_NAME><ns:TIME_ARR>123</ns:TIME_ARR><ns:TIME_SEND>000000</ns:TIME_SEND><ns:TIME_SEND_BY>000000</ns:TIME_SEND_BY><ns:TIME_SEND_FR>000000</ns:TIME_SEND_FR><ns:TOR_ID>auto-0ec20895ed12</ns:TOR_ID><ns:TRATY>123</ns:TRATY><ns:TRATY_TXT>123</ns:TRATY_TXT><ns:VEHICLE_CONTAINER>123</ns:VEHICLE_CONTAINER><ns:VEHICLE_NUMBER>123</ns:VEHICLE_NUMBER><ns:VSBED>123</ns:VSBED><ns:VSBED_TXT>123</ns:VSBED_TXT><ns:VSTEL_TOR>2420</ns:VSTEL_TOR><ns:VSTEL_TOR_TEXT>РђРґСЂРµСЃ РїСѓРЅРєС‚Р° РѕС‚РіСЂСѓР·РєРё РњРѕСЃРєРІР°</ns:VSTEL_TOR_TEXT></ns:DT_TrOrder_OutDelivDocument></ns:Document><ns:GuidMsgOutb>165A59AB7CA7RFDABBB0ec20895ed12</ns:GuidMsgOutb><ns:SystemReceiver>123</ns:SystemReceiver><ns:SystemSender>123</ns:SystemSender></ns:DT_TrOrder_OutDeliv></tem:packages></tem:Load></SOAP-ENV:Body></SOAP-ENV:Envelope>

Select day: 1/31/2024
Select slot: 09:36
auto-0ec20895ed12
Request SOAP Message:
<SOAP-ENV:Envelope xmlns:SOAP-ENV="http://schemas.xmlsoap.org/soap/envelope/" xmlns:ns="http://schemas.datacontract.org/2004/07/" xmlns:tem="http://tempuri.org/"><SOAP-ENV:Header/><SOAP-ENV:Body><tem:Load><tem:packages><ns:DT_TrOrder_OutDeliv><ns:Document><ns:DT_TrOrder_OutDelivDocument><ns:COMMENT_TXT>123</ns:COMMENT_TXT><ns:COST>500</ns:COST><ns:DATE_ARR>123</ns:DATE_ARR><ns:DATE_LICENSE>123</ns:DATE_LICENSE><ns:DATE_SEND>20240130</ns:DATE_SEND><ns:DATE_SEND_BY>20240130</ns:DATE_SEND_BY><ns:DATE_SEND_FR>20231110</ns:DATE_SEND_FR><ns:DATE_WU>123</ns:DATE_WU><ns:DRIVER>123</ns:DRIVER><ns:DRIVER_LICENSE>123</ns:DRIVER_LICENSE><ns:DRIVER_PHONE>123</ns:DRIVER_PHONE><ns:Delivery><ns:DT_TrOrder_OutDelivDocumentDelivery><ns:ADDRESS_DESCR>РіРѕСЂРѕРґ РњРѕСЃРєРІР°, СѓР»РёС†Р° Р§РµСЂРµРјСѓС€РєРёРЅСЃРєР°СЏ РЅР°Р±РµСЂРµР¶РЅР°СЏ, РґРѕРј 18</ns:ADDRESS_DESCR><ns:BLDAT>123</ns:BLDAT><ns:DES_LOC>123</ns:DES_LOC><ns:DES_LOC_TEXT>РўРµСЃС‚РѕРІС‹Р№ РџРћ РњРѕСЃРєРІР° </ns:DES_LOC_TEXT><ns:DeliveryItem><ns:DT_TrOrder_OutDelivDocumentDeliveryDeliveryItem><ns:ARKTX>РњР°СЃР»Рѕ РјРѕС‚ Р› РђРІР°РЅРі РЈР»СЊС‚СЂР° PLUS SAE 10W-40 </ns:ARKTX><ns:BISMT>123456</ns:BISMT><ns:BRGEW>217.880</ns:BRGEW><ns:CHARG>123</ns:CHARG><ns:DENSITY>123</ns:DENSITY><ns:GEWEI>KG</ns:GEWEI><ns:LFIMG>123</ns:LFIMG><ns:LGMNG>217.650</ns:LGMNG><ns:LGORT>0001</ns:LGORT><ns:MATKL>3127</ns:MATKL><ns:MATNR>00000000000000022</ns:MATNR><ns:MEINS>KG</ns:MEINS><ns:NTGEW>0.080</ns:NTGEW><ns:POSNR>000020</ns:POSNR><ns:TEMPB>123</ns:TEMPB><ns:VISCOSITY>123</ns:VISCOSITY><ns:VRKME>KG</ns:VRKME><ns:WERKS>2420</ns:WERKS><ns:ZBP_TEXT>123</ns:ZBP_TEXT><ns:ZMT_TEXT>123</ns:ZMT_TEXT></ns:DT_TrOrder_OutDelivDocumentDeliveryDeliveryItem></ns:DeliveryItem><ns:INCO1>CPT</ns:INCO1><ns:INCO2>(РўРќРџ) Рђ/Рџ Р”РћРњРћР”Р•Р”РћР’Рћ</ns:INCO2><ns:KUNAG>147838</ns:KUNAG><ns:KUNAG_NAME>РћРћРћ Р Р�Рљ РїРѕРєСѓРїР°С‚РµР»СЏ</ns:KUNAG_NAME><ns:KUNNR/><ns:KUNNR_NAME>РћРћРћ Р Р�Рљ Р“СЂСѓР·РѕРїРѕР»СѓС‡Р°С‚РµР»СЊ</ns:KUNNR_NAME><ns:LADGR>123</ns:LADGR><ns:LADGR_TEXT>123</ns:LADGR_TEXT><ns:LFART>ZMLI</ns:LFART><ns:SRC_LOC>SP_2420</ns:SRC_LOC><ns:SRC_LOC_TXT>РџРћ 2420 Р›Р›Рљ РўРџРџ Р’РѕР»РіРѕРіСЂР°Рґ</ns:SRC_LOC_TXT><ns:STAGE_ROUTE>00001</ns:STAGE_ROUTE><ns:TRATY_STAGE>9018</ns:TRATY_STAGE><ns:VBELN>7000239609</ns:VBELN><ns:VBTYP>J</ns:VBTYP><ns:VKORG>2400</ns:VKORG><ns:VSTEL>2420</ns:VSTEL><ns:XABLN>123</ns:XABLN><ns:XPOS>55,720722</ns:XPOS><ns:YPOS>37.774463</ns:YPOS></ns:DT_TrOrder_OutDelivDocumentDelivery></ns:Delivery><ns:LICENSE>123</ns:LICENSE><ns:NET_DURATION>180</ns:NET_DURATION><ns:SEND_TO_SYSTEM>123</ns:SEND_TO_SYSTEM><ns:SIGN_DEL/><ns:STATUS>03</ns:STATUS><ns:STATUS_RECORD>123</ns:STATUS_RECORD><ns:TDLNR>147838</ns:TDLNR><ns:TDLNR_NAME>Р›Рљ РўСѓРґР°-РЎСЋРґР°</ns:TDLNR_NAME><ns:TIME_ARR>123</ns:TIME_ARR><ns:TIME_SEND>000000</ns:TIME_SEND><ns:TIME_SEND_BY>000000</ns:TIME_SEND_BY><ns:TIME_SEND_FR>000000</ns:TIME_SEND_FR><ns:TOR_ID>auto-0ec20895ed12</ns:TOR_ID><ns:TRATY>123</ns:TRATY><ns:TRATY_TXT>123</ns:TRATY_TXT><ns:VEHICLE_CONTAINER>123</ns:VEHICLE_CONTAINER><ns:VEHICLE_NUMBER>123</ns:VEHICLE_NUMBER><ns:VSBED>123</ns:VSBED><ns:VSBED_TXT>123</ns:VSBED_TXT><ns:VSTEL_TOR>2420</ns:VSTEL_TOR><ns:VSTEL_TOR_TEXT>РђРґСЂРµСЃ РїСѓРЅРєС‚Р° РѕС‚РіСЂСѓР·РєРё РњРѕСЃРєРІР°</ns:VSTEL_TOR_TEXT></ns:DT_TrOrder_OutDelivDocument></ns:Document><ns:GuidMsgOutb>165A59AB7CA7RFDABBBbaa6e116e389</ns:GuidMsgOutb><ns:SystemReceiver>123</ns:SystemReceiver><ns:SystemSender>123</ns:SystemSender></ns:DT_TrOrder_OutDeliv></tem:packages></tem:Load></SOAP-ENV:Body></SOAP-ENV:Envelope>

]]></system-out>
  </testcase>
  <testcase name="checkNotCancelAppointmentBeforeChangeStatus04" classname="tests.TestAppointments" time="44.29">
    <system-out><![CDATA[auto-635e48c0b210
Request SOAP Message:
[...]
>РћРћРћ Р Р�Рљ РїРѕРєСѓРїР°С‚РµР»СЏ</ns:KUNAG_NAME><ns:KUNNR/><ns:KUNNR_NAME>РћРћРћ Р Р�Рљ Р“СЂСѓР·РѕРїРѕР»СѓС‡Р°С‚РµР»СЊ0</ns:KUNNR_NAME><ns:LADGR>123</ns:LADGR><ns:LADGR_TEXT>123</ns:LADGR_TEXT><ns:LFART>ZMLI</ns:LFART><ns:SRC_LOC>SP_2420</ns:SRC_LOC><ns:SRC_LOC_TXT>РџРћ 2420 Р›Р›Рљ РўРџРџ Р’РѕР»РіРѕРіСЂР°Рґ</ns:SRC_LOC_TXT><ns:STAGE_ROUTE>000010</ns:STAGE_ROUTE><ns:TRATY_STAGE>9018</ns:TRATY_STAGE><ns:VBELN>7000239609</ns:VBELN><ns:VBTYP>J</ns:VBTYP><ns:VKORG>2400</ns:VKORG><ns:VSTEL>2420</ns:VSTEL><ns:XABLN>123</ns:XABLN><ns:XPOS>55,720722</ns:XPOS><ns:YPOS>37.774463</ns:YPOS></ns:DT_TrOrder_OutDelivDocumentDelivery><ns:DT_TrOrder_OutDelivDocumentDelivery><ns:ADDRESS_DESCR>РіРѕСЂРѕРґ РњРѕСЃРєРІР°, СѓР»РёС†Р° Р§РµСЂРµРјСѓС€РєРёРЅСЃРєР°СЏ РЅР°Р±РµСЂРµР¶РЅР°СЏ, РґРѕРј 181</ns:ADDRESS_DESCR><ns:BLDAT>123</ns:BLDAT><ns:DES_LOC>1123</ns:DES_LOC><ns:DES_LOC_TEXT>РўРµСЃС‚РѕРІС‹Р№ РџРћ РњРѕСЃРєРІР° 1</ns:DES_LOC_TEXT><ns:DeliveryItem><ns:DT_TrOrder_OutDelivDocumentDeliveryDeliveryItem><ns:ARKTX>РњР°СЃР»Рѕ РјРѕС‚ Р› РђРІР°РЅРі РЈР»СЊС‚СЂР° PLUS SAE 10W-40 </ns:ARKTX><ns:BISMT>123456</ns:BISMT><ns:BRGEW>217.880</ns:BRGEW><ns:CHARG>123</ns:CHARG><ns:DENSITY>123</ns:DENSITY><ns:GEWEI>KG</ns:GEWEI><ns:LFIMG>123</ns:LFIMG><ns:LGMNG>217.650</ns:LGMNG><ns:LGORT>0001</ns:LGORT><ns:MATKL>3127</ns:MATKL><ns:MATNR>00000000000000022</ns:MATNR><ns:MEINS>KG</ns:MEINS><ns:NTGEW>0.080</ns:NTGEW><ns:POSNR>000020</ns:POSNR><ns:TEMPB>123</ns:TEMPB><ns:VISCOSITY>123</ns:VISCOSITY><ns:VRKME>KG</ns:VRKME><ns:WERKS>2420</ns:WERKS><ns:ZBP_TEXT>123</ns:ZBP_TEXT><ns:ZMT_TEXT>123</ns:ZMT_TEXT></ns:DT_TrOrder_OutDelivDocumentDeliveryDeliveryItem></ns:DeliveryItem><ns:INCO1>CPT</ns:INCO1><ns:INCO2>(РўРќРџ) Рђ/Рџ Р”РћРњРћР”Р•Р”РћР’Рћ</ns:INCO2><ns:KUNAG>147838</ns:KUNAG><ns:KUNAG_NAME>РћРћРћ Р Р�Рљ РїРѕРєСѓРїР°С‚РµР»СЏ</ns:KUNAG_NAME><ns:KUNNR/><ns:KUNNR_NAME>РћРћРћ Р Р�Рљ Р“СЂСѓР·РѕРїРѕР»СѓС‡Р°С‚РµР»СЊ1</ns:KUNNR_NAME><ns:LADGR>123</ns:LADGR><ns:LADGR_TEXT>123</ns:LADGR_TEXT><ns:LFART>ZMLI</ns:LFART><ns:SRC_LOC>SP_2420</ns:SRC_LOC><ns:SRC_LOC_TXT>РџРћ 2420 Р›Р›Рљ РўРџРџ Р’РѕР»РіРѕРіСЂР°Рґ</ns:SRC_LOC_TXT><ns:STAGE_ROUTE>000011</ns:STAGE_ROUTE><ns:TRATY_STAGE>9018</ns:TRATY_STAGE><ns:VBELN>7000239609</ns:VBELN><ns:VBTYP>J</ns:VBTYP><ns:VKORG>2400</ns:VKORG><ns:VSTEL>2420</ns:VSTEL><ns:XABLN>123</ns:XABLN><ns:XPOS>55,720722</ns:XPOS><ns:YPOS>37.774463</ns:YPOS></ns:DT_TrOrder_OutDelivDocumentDelivery><ns:DT_TrOrder_OutDelivDocumentDelivery><ns:ADDRESS_DESCR>РіРѕСЂРѕРґ РњРѕСЃРєРІР°, СѓР»РёС†Р° Р§РµСЂРµРјСѓС€РєРёРЅСЃРєР°СЏ РЅР°Р±РµСЂРµР¶РЅР°СЏ, РґРѕРј 182</ns:ADDRESS_DESCR><ns:BLDAT>123</ns:BLDAT><ns:DES_LOC>2123</ns:DES_LOC><ns:DES_LOC_TEXT>РўРµСЃС‚РѕРІС‹Р№ РџРћ РњРѕСЃРєРІР° 2</ns:DES_LOC_TEXT><ns:DeliveryItem><ns:DT_TrOrder_OutDelivDocumentDeliveryDeliveryItem><ns:ARKTX>РњР°СЃР»Рѕ РјРѕС‚ Р› РђРІР°РЅРі РЈР»СЊС‚СЂР° PLUS SAE 10W-40 </ns:ARKTX><ns:BISMT>123456</ns:BISMT><ns:BRGEW>217.880</ns:BRGEW><ns:CHARG>123</ns:CHARG><ns:DENSITY>123</ns:DENSITY><ns:GEWEI>KG</ns:GEWEI><ns:LFIMG>123</ns:LFIMG><ns:LGMNG>217.650</ns:LGMNG><ns:LGORT>0001</ns:LGORT><ns:MATKL>3127</ns:MATKL><ns:MATNR>00000000000000022</ns:MATNR><ns:MEINS>KG</ns:MEINS><ns:NTGEW>0.080</ns:NTGEW><ns:POSNR>000020</ns:POSNR><ns:TEMPB>123</ns:TEMPB><ns:VISCOSITY>123</ns:VISCOSITY><ns:VRKME>KG</ns:VRKME><ns:WERKS>2420</ns:WERKS><ns:ZBP_TEXT>123</ns:ZBP_TEXT><ns:ZMT_TEXT>123</ns:ZMT_TEXT></ns:DT_TrOrder_OutDelivDocumentDeliveryDeliveryItem></ns:DeliveryItem><ns:INCO1>CPT</ns:INCO1><ns:INCO2>(РўРќРџ) Рђ/Рџ Р”РћРњРћР”Р•Р”РћР’Рћ</ns:INCO2><ns:KUNAG>147838</ns:KUNAG><ns:KUNAG_NAME>РћРћРћ Р Р�Рљ РїРѕРєСѓРїР°С‚РµР»СЏ</ns:KUNAG_NAME><ns:KUNNR/><ns:KUNNR_NAME>РћРћРћ Р Р�Рљ Р“СЂСѓР·РѕРїРѕР»СѓС‡Р°С‚РµР»СЊ2</ns:KUNNR_NAME><ns:LADGR>123</ns:LADGR><ns:LADGR_TEXT>123</ns:LADGR_TEXT><ns:LFART>ZMLI</ns:LFART><ns:SRC_LOC>SP_2420</ns:SRC_LOC><ns:SRC_LOC_TXT>РџРћ 2420 Р›Р›Рљ РўРџРџ Р’РѕР»РіРѕРіСЂР°Рґ</ns:SRC_LOC_TXT><ns:STAGE_ROUTE>000012</ns:STAGE_ROUTE><ns:TRATY_STAGE>9018</ns:TRATY_STAGE><ns:VBELN>7000239609</ns:VBELN><ns:VBTYP>J</ns:VBTYP><ns:VKORG>2400</ns:VKORG><ns:VSTEL>2420</ns:VSTEL><ns:XABLN>123</ns:XABLN><ns:XPOS>55,720722</ns:XPOS><ns:YPOS>37.774463</ns:YPOS></ns:DT_TrOrder_OutDelivDocumentDelivery></ns:Delivery><ns:LICENSE>123</ns:LICENSE><ns:NET_DURATION>180</ns:NET_DURATION><ns:SEND_TO_SYSTEM>123</ns:SEND_TO_SYSTEM><ns:SIGN_DEL/><ns:STATUS>01</ns:STATUS><ns:STATUS_RECORD>123</ns:STATUS_RECORD><ns:TDLNR>147838</ns:TDLNR><ns:TDLNR_NAME>Р›Рљ РўСѓРґР°-РЎСЋРґР°</ns:TDLNR_NAME><ns:TIME_ARR>123</ns:TIME_ARR><ns:TIME_SEND>000000</ns:TIME_SEND><ns:TIME_SEND_BY>000000</ns:TIME_SEND_BY><ns:TIME_SEND_FR>000000</ns:TIME_SEND_FR><ns:TOR_ID>auto-224be9d4b1c0</ns:TOR_ID><ns:TRATY>123</ns:TRATY><ns:TRATY_TXT>123</ns:TRATY_TXT><ns:VEHICLE_CONTAINER>123</ns:VEHICLE_CONTAINER><ns:VEHICLE_NUMBER>123</ns:VEHICLE_NUMBER><ns:VSBED>123</ns:VSBED><ns:VSBED_TXT>123</ns:VSBED_TXT><ns:VSTEL_TOR>2420</ns:VSTEL_TOR><ns:VSTEL_TOR_TEXT>РђРґСЂРµСЃ РїСѓРЅРєС‚Р° РѕС‚РіСЂСѓР·РєРё РњРѕСЃРєРІР°</ns:VSTEL_TOR_TEXT></ns:DT_TrOrder_OutDelivDocument></ns:Document><ns:GuidMsgOutb>165A59AB7CA7RFDABBB48f9e533cf09</ns:GuidMsgOutb><ns:SystemReceiver>123</ns:SystemReceiver><ns:SystemSender>123</ns:SystemSender></ns:DT_TrOrder_OutDeliv></tem:packages></tem:Load></SOAP-ENV:Body></SOAP-ENV:Envelope>

]]></system-out>
  </testcase>
  <testcase name="checkCancelAppointmentChangeTO" classname="tests.TestAppointments" time="43.699">
    <system-out><![CDATA[auto-fd480aba9cf7
Request SOAP Message:
<SOAP-ENV:Envelope xmlns:SOAP-ENV="http://schemas.xmlsoap.org/soap/envelope/" xmlns:ns="http://schemas.datacontract.org/2004/07/" xmlns:tem="http://tempuri.org/"><SOAP-ENV:Header/><SOAP-ENV:Body><tem:Load><tem:packages><ns:DT_TrOrder_OutDeliv><ns:Document><ns:DT_TrOrder_OutDelivDocument><ns:COMMENT_TXT>123</ns:COMMENT_TXT><ns:COST>500</ns:COST><ns:DATE_ARR>123</ns:DATE_ARR><ns:DATE_LICENSE>123</ns:DATE_LICENSE><ns:DATE_SEND>20240130</ns:DATE_SEND><ns:DATE_SEND_BY>20240130</ns:DATE_SEND_BY><ns:DATE_SEND_FR>20231110</ns:DATE_SEND_FR><ns:DATE_WU>123</ns:DATE_WU><ns:DRIVER>123</ns:DRIVER><ns:DRIVER_LICENSE>123</ns:DRIVER_LICENSE><ns:DRIVER_PHONE>123</ns:DRIVER_PHONE><ns:Delivery><ns:DT_TrOrder_OutDelivDocumentDelivery><ns:ADDRESS_DESCR>РіРѕСЂРѕРґ РњРѕСЃРєРІР°, СѓР»РёС†Р° Р§РµСЂРµРјСѓС€РєРёРЅСЃРєР°СЏ РЅР°Р±РµСЂРµР¶РЅР°СЏ, РґРѕРј 18</ns:ADDRESS_DESCR><ns:BLDAT>123</ns:BLDAT><ns:DES_LOC>123</ns:DES_LOC><ns:DES_LOC_TEXT>РўРµСЃС‚РѕРІС‹Р№ РџРћ РњРѕСЃРєРІР° </ns:DES_LOC_TEXT><ns:DeliveryItem><ns:DT_TrOrder_OutDelivDocumentDeliveryDeliveryItem><ns:ARKTX>РњР°СЃР»Рѕ РјРѕС‚ Р› РђРІР°РЅРі РЈР»СЊС‚СЂР° PLUS SAE 10W-40 </ns:ARKTX><ns:BISMT>123456</ns:BISMT><ns:BRGEW>217.880</ns:BRGEW><ns:CHARG>123</ns:CHARG><ns:DENSITY>123</ns:DENSITY><ns:GEWEI>KG</ns:GEWEI><ns:LFIMG>123</ns:LFIMG><ns:LGMNG>217.650</ns:LGMNG><ns:LGORT>0001</ns:LGORT><ns:MATKL>3127</ns:MATKL><ns:MATNR>00000000000000022</ns:MATNR><ns:MEINS>KG</ns:MEINS><ns:NTGEW>0.080</ns:NTGEW><ns:POSNR>000020</ns:POSNR><ns:TEMPB>123</ns:TEMPB><ns:VISCOSITY>123</ns:VISCOSITY><ns:VRKME>KG</ns:VRKME><ns:WERKS>2420</ns:WERKS><ns:ZBP_TEXT>123</ns:ZBP_TEXT><ns:ZMT_TEXT>123</ns:ZMT_TEXT></ns:DT_TrOrder_OutDelivDocumentDeliveryDeliveryItem></ns:DeliveryItem><ns:INCO1>CPT</ns:INCO1><ns:INCO2>(РўРќРџ) Рђ/Рџ Р”РћРњРћР”Р•Р”РћР’Рћ</ns:INCO2><ns:KUNAG>147838</ns:KUNAG><ns:KUNAG_NAME>РћРћРћ Р Р�Рљ РїРѕРєСѓРїР°С‚РµР»СЏ</ns:KUNAG_NAME><ns:KUNNR/><ns:KUNNR_NAME>РћРћРћ Р Р�Рљ Р“СЂСѓР·РѕРїРѕР»СѓС‡Р°С‚РµР»СЊ</ns:KUNNR_NAME><ns:LADGR>123</ns:LADGR><ns:LADGR_TEXT>123</ns:LADGR_TEXT><ns:LFART>ZMLI</ns:LFART><ns:SRC_LOC>SP_2420</ns:SRC_LOC><ns:SRC_LOC_TXT>РџРћ 2420 Р›Р›Рљ РўРџРџ Р’РѕР»РіРѕРіСЂР°Рґ</ns:SRC_LOC_TXT><ns:STAGE_ROUTE>00001</ns:STAGE_ROUTE><ns:TRATY_STAGE>9018</ns:TRATY_STAGE><ns:VBELN>7000239609</ns:VBELN><ns:VBTYP>J</ns:VBTYP><ns:VKORG>2400</ns:VKORG><ns:VSTEL>2420</ns:VSTEL><ns:XABLN>123</ns:XABLN><ns:XPOS>55,720722</ns:XPOS><ns:YPOS>37.774463</ns:YPOS></ns:DT_TrOrder_OutDelivDocumentDelivery></ns:Delivery><ns:LICENSE>123</ns:LICENSE><ns:NET_DURATION>180</ns:NET_DURATION><ns:SEND_TO_SYSTEM>123</ns:SEND_TO_SYSTEM><ns:SIGN_DEL/><ns:STATUS>01</ns:STATUS><ns:STATUS_RECORD>123</ns:STATUS_RECORD><ns:TDLNR>147838</ns:TDLNR><ns:TDLNR_NAME>Р›Рљ РўСѓРґР°-РЎСЋРґР°</ns:TDLNR_NAME><ns:TIME_ARR>123</ns:TIME_ARR><ns:TIME_SEND>000000</ns:TIME_SEND><ns:TIME_SEND_BY>000000</ns:TIME_SEND_BY><ns:TIME_SEND_FR>000000</ns:TIME_SEND_FR><ns:TOR_ID>auto-fd480aba9cf7</ns:TOR_ID><ns:TRATY>123</ns:TRATY><ns:TRATY_TXT>123</ns:TRATY_TXT><ns:VEHICLE_CONTAINER>123</ns:VEHICLE_CONTAINER><ns:VEHICLE_NUMBER>123</ns:VEHICLE_NUMBER><ns:VSBED>123</ns:VSBED><ns:VSBED_TXT>123</ns:VSBED_TXT><ns:VSTEL_TOR>2420</ns:VSTEL_TOR><ns:VSTEL_TOR_TEXT>РђРґСЂРµСЃ РїСѓРЅРєС‚Р° РѕС‚РіСЂСѓР·РєРё РњРѕСЃРєРІР°</ns:VSTEL_TOR_TEXT></ns:DT_TrOrder_OutDelivDocument></ns:Document><ns:GuidMsgOutb>165A59AB7CA7RFDABBBfd480aba9cf7</ns:GuidMsgOutb><ns:SystemReceiver>123</ns:SystemReceiver><ns:SystemSender>123</ns:SystemSender></ns:DT_TrOrder_OutDeliv></tem:packages></tem:Load></SOAP-ENV:Body></SOAP-ENV:Envelope>

Select day: 1/31/2024
Select slot: 10:12
auto-fd480aba9cf7
Request SOAP Message:
<SOAP-ENV:Envelope xmlns:SOAP-ENV="http://schemas.xmlsoap.org/soap/envelope/" xmlns:ns="http://schemas.datacontract.org/2004/07/" xmlns:tem="http://tempuri.org/"><SOAP-ENV:Header/><SOAP-ENV:Body><tem:Load><tem:packages><ns:DT_TrOrder_OutDeliv><ns:Document><ns:DT_TrOrder_OutDelivDocument><ns:COMMENT_TXT>123</ns:COMMENT_TXT><ns:COST>777</ns:COST><ns:DATE_ARR>123</ns:DATE_ARR><ns:DATE_LICENSE>123</ns:DATE_LICENSE><ns:DATE_SEND>20240130</ns:DATE_SEND><ns:DATE_SEND_BY>20240130</ns:DATE_SEND_BY><ns:DATE_SEND_FR>20231110</ns:DATE_SEND_FR><ns:DATE_WU>123</ns:DATE_WU><ns:DRIVER>123</ns:DRIVER><ns:DRIVER_LICENSE>123</ns:DRIVER_LICENSE><ns:DRIVER_PHONE>123</ns:DRIVER_PHONE><ns:Delivery><ns:DT_TrOrder_OutDelivDocumentDelivery><ns:ADDRESS_DESCR>РіРѕСЂРѕРґ РњРѕСЃРєРІР°, СѓР»РёС†Р° Р§РµСЂРµРјСѓС€РєРёРЅСЃРєР°СЏ РЅР°Р±РµСЂРµР¶РЅР°СЏ, РґРѕРј 18</ns:ADDRESS_DESCR><ns:BLDAT>123</ns:BLDAT><ns:DES_LOC>123</ns:DES_LOC><ns:DES_LOC_TEXT>РўРµСЃС‚РѕРІС‹Р№ РџРћ РњРѕСЃРєРІР° </ns:DES_LOC_TEXT><ns:DeliveryItem><ns:DT_TrOrder_OutDelivDocumentDeliveryDeliveryItem><ns:ARKTX>РњР°СЃР»Рѕ РјРѕС‚ Р› РђРІР°РЅРі РЈР»СЊС‚СЂР° PLUS SAE 10W-40 </ns:ARKTX><ns:BISMT>123456</ns:BISMT><ns:BRGEW>217.880</ns:BRGEW><ns:CHARG>123</ns:CHARG><ns:DENSITY>123</ns:DENSITY><ns:GEWEI>KG</ns:GEWEI><ns:LFIMG>123</ns:LFIMG><ns:LGMNG>217.650</ns:LGMNG><ns:LGORT>0001</ns:LGORT><ns:MATKL>3127</ns:MATKL><ns:MATNR>00000000000000022</ns:MATNR><ns:MEINS>KG</ns:MEINS><ns:NTGEW>0.080</ns:NTGEW><ns:POSNR>000020</ns:POSNR><ns:TEMPB>123</ns:TEMPB><ns:VISCOSITY>123</ns:VISCOSITY><ns:VRKME>KG</ns:VRKME><ns:WERKS>2420</ns:WERKS><ns:ZBP_TEXT>123</ns:ZBP_TEXT><ns:ZMT_TEXT>123</ns:ZMT_TEXT></ns:DT_TrOrder_OutDelivDocumentDeliveryDeliveryItem></ns:DeliveryItem><ns:INCO1>CPT</ns:INCO1><ns:INCO2>(РўРќРџ) Рђ/Рџ Р”РћРњРћР”Р•Р”РћР’Рћ</ns:INCO2><ns:KUNAG>147838</ns:KUNAG><ns:KUNAG_NAME>РћРћРћ Р Р�Рљ РїРѕРєСѓРїР°С‚РµР»СЏ</ns:KUNAG_NAME><ns:KUNNR/><ns:KUNNR_NAME>РћРћРћ Р Р�Рљ Р“СЂСѓР·РѕРїРѕР»СѓС‡Р°С‚РµР»СЊ</ns:KUNNR_NAME><ns:LADGR>123</ns:LADGR><ns:LADGR_TEXT>123</ns:LADGR_TEXT><ns:LFART>ZMLI</ns:LFART><ns:SRC_LOC>SP_2420</ns:SRC_LOC><ns:SRC_LOC_TXT>РџРћ 2420 Р›Р›Рљ РўРџРџ Р’РѕР»РіРѕРіСЂР°Рґ</ns:SRC_LOC_TXT><ns:STAGE_ROUTE>00001</ns:STAGE_ROUTE><ns:TRATY_STAGE>9018</ns:TRATY_STAGE><ns:VBELN>7000239609</ns:VBELN><ns:VBTYP>J</ns:VBTYP><ns:VKORG>2400</ns:VKORG><ns:VSTEL>2420</ns:VSTEL><ns:XABLN>123</ns:XABLN><ns:XPOS>55,720722</ns:XPOS><ns:YPOS>37.774463</ns:YPOS></ns:DT_TrOrder_OutDelivDocumentDelivery></ns:Delivery><ns:LICENSE>123</ns:LICENSE><ns:NET_DURATION>180</ns:NET_DURATION><ns:SEND_TO_SYSTEM>123</ns:SEND_TO_SYSTEM><ns:SIGN_DEL/><ns:STATUS>01</ns:STATUS><ns:STATUS_RECORD>123</ns:STATUS_RECORD><ns:TDLNR>147838</ns:TDLNR><ns:TDLNR_NAME>Р›Рљ РўСѓРґР°-РЎСЋРґР°</ns:TDLNR_NAME><ns:TIME_ARR>123</ns:TIME_ARR><ns:TIME_SEND>000000</ns:TIME_SEND><ns:TIME_SEND_BY>000000</ns:TIME_SEND_BY><ns:TIME_SEND_FR>000000</ns:TIME_SEND_FR><ns:TOR_ID>auto-fd480aba9cf7</ns:TOR_ID><ns:TRATY>123</ns:TRATY><ns:TRATY_TXT>123</ns:TRATY_TXT><ns:VEHICLE_CONTAINER>123</ns:VEHICLE_CONTAINER><ns:VEHICLE_NUMBER>123</ns:VEHICLE_NUMBER><ns:VSBED>123</ns:VSBED><ns:VSBED_TXT>123</ns:VSBED_TXT><ns:VSTEL_TOR>2420</ns:VSTEL_TOR><ns:VSTEL_TOR_TEXT>РђРґСЂРµСЃ РїСѓРЅРєС‚Р° РѕС‚РіСЂСѓР·РєРё РњРѕСЃРєРІР°</ns:VSTEL_TOR_TEXT></ns:DT_TrOrder_OutDelivDocument></ns:Document><ns:GuidMsgOutb>165A59AB7CA7RFDABBB4a81ceba4095</ns:GuidMsgOutb><ns:SystemReceiver>123</ns:SystemReceiver><ns:SystemSender>123</ns:SystemSender></ns:DT_TrOrder_OutDeliv></tem:packages></tem:Load></SOAP-ENV:Body></SOAP-ENV:Envelope>

]]></system-out>
  </testcase>
  <testcase name="checkCancelAppointmentAfterChangeDES_LOC" classname="tests.TestAppointments" time="42.165">
    <system-out><![CDATA[auto-71d395bb19b3
Request SOAP Message:
<SOAP-ENV:Envelope xmlns:SOAP-ENV="http://schemas.xmlsoap.org/soap/envelope/" xmlns:ns="http://schemas.datacontract.org/2004/07/" xmlns:tem="http://tempuri.org/"><SOAP-ENV:Header/><SOAP-ENV:Body><tem:Load><tem:packages><ns:DT_TrOrder_OutDeliv><ns:Document><ns:DT_TrOrder_OutDelivDocument><ns:COMMENT_TXT>123</ns:COMMENT_TXT><ns:COST>500</ns:COST><ns:DATE_ARR>123</ns:DATE_ARR><ns:DATE_LICENSE>123</ns:DATE_LICENSE><ns:DATE_SEND>20240130</ns:DATE_SEND><ns:DATE_SEND_BY>20240130</ns:DATE_SEND_BY><ns:DATE_SEND_FR>20231110</ns:DATE_SEND_FR><ns:DATE_WU>123</ns:DATE_WU><ns:DRIVER>123</ns:DRIVER><ns:DRIVER_LICENSE>123</ns:DRIVER_LICENSE><ns:DRIVER_PHONE>123</ns:DRIVER_PHONE><ns:Delivery><ns:DT_TrOrder_OutDelivDocumentDelivery><ns:ADDRESS_DESCR>РіРѕСЂРѕРґ РњРѕСЃРєРІР°, СѓР»РёС†Р° Р§РµСЂРµРјСѓС€РєРёРЅСЃРєР°СЏ РЅР°Р±РµСЂРµР¶РЅР°СЏ, РґРѕРј 18</ns:ADDRESS_DESCR><ns:BLDAT>123</ns:BLDAT><ns:DES_LOC>123</ns:DES_LOC><ns:DES_LOC_TEXT>РўРµСЃС‚РѕРІС‹Р№ РџРћ РњРѕСЃРєРІР° </ns:DES_LOC_TEXT><ns:DeliveryItem><ns:DT_TrOrder_OutDelivDocumentDeliveryDeliveryItem><ns:ARKTX>РњР°СЃР»Рѕ РјРѕС‚ Р› РђРІР°РЅРі РЈР»СЊС‚СЂР° PLUS SAE 10W-40 </ns:ARKTX><ns:BISMT>123456</ns:BISMT><ns:BRGEW>217.880</ns:BRGEW><ns:CHARG>123</ns:CHARG><ns:DENSITY>123</ns:DENSITY><ns:GEWEI>KG</ns:GEWEI><ns:LFIMG>123</ns:LFIMG><ns:LGMNG>217.650</ns:LGMNG><ns:LGORT>0001</ns:LGORT><ns:MATKL>3127</ns:MATKL><ns:MATNR>00000000000000022</ns:MATNR><ns:MEINS>KG</ns:MEINS><ns:NTGEW>0.080</ns:NTGEW><ns:POSNR>000020</ns:POSNR><ns:TEMPB>123</ns:TEMPB><ns:VISCOSITY>123</ns:VISCOSITY><ns:VRKME>KG</ns:VRKME><ns:WERKS>2420</ns:WERKS><ns:ZBP_TEXT>123</ns:ZBP_TEXT><ns:ZMT_TEXT>123</ns:ZMT_TEXT></ns:DT_TrOrder_OutDelivDocumentDeliveryDeliveryItem></ns:DeliveryItem><ns:INCO1>CPT</ns:INCO1><ns:INCO2>(РўРќРџ) Рђ/Рџ Р”РћРњРћР”Р•Р”РћР’Рћ</ns:INCO2><ns:KUNAG>147838</ns:KUNAG><ns:KUNAG_NAME>РћРћРћ Р Р�Рљ РїРѕРєСѓРїР°С‚РµР»СЏ</ns:KUNAG_NAME><ns:KUNNR/><ns:KUNNR_NAME>РћРћРћ Р Р�Рљ Р“СЂСѓР·РѕРїРѕР»СѓС‡Р°С‚РµР»СЊ</ns:KUNNR_NAME><ns:LADGR>123</ns:LADGR><ns:LADGR_TEXT>123</ns:LADGR_TEXT><ns:LFART>ZMLI</ns:LFART><ns:SRC_LOC>SP_2420</ns:SRC_LOC><ns:SRC_LOC_TXT>РџРћ 2420 Р›Р›Рљ РўРџРџ Р’РѕР»РіРѕРіСЂР°Рґ</ns:SRC_LOC_TXT><ns:STAGE_ROUTE>00001</ns:STAGE_ROUTE><ns:TRATY_STAGE>9018</ns:TRATY_STAGE><ns:VBELN>7000239609</ns:VBELN><ns:VBTYP>J</ns:VBTYP><ns:VKORG>2400</ns:VKORG><ns:VSTEL>2420</ns:VSTEL><ns:XABLN>123</ns:XABLN><ns:XPOS>55,720722</ns:XPOS><ns:YPOS>37.774463</ns:YPOS></ns:DT_TrOrder_OutDelivDocumentDelivery></ns:Delivery><ns:LICENSE>123</ns:LICENSE><ns:NET_DURATION>180</ns:NET_DURATION><ns:SEND_TO_SYSTEM>123</ns:SEND_TO_SYSTEM><ns:SIGN_DEL/><ns:STATUS>01</ns:STATUS><ns:STATUS_RECORD>123</ns:STATUS_RECORD><ns:TDLNR>147838</ns:TDLNR><ns:TDLNR_NAME>Р›Рљ РўСѓРґР°-РЎСЋРґР°</ns:TDLNR_NAME><ns:TIME_ARR>123</ns:TIME_ARR><ns:TIME_SEND>000000</ns:TIME_SEND><ns:TIME_SEND_BY>000000</ns:TIME_SEND_BY><ns:TIME_SEND_FR>000000</ns:TIME_SEND_FR><ns:TOR_ID>auto-71d395bb19b3</ns:TOR_ID><ns:TRATY>123</ns:TRATY><ns:TRATY_TXT>123</ns:TRATY_TXT><ns:VEHICLE_CONTAINER>123</ns:VEHICLE_CONTAINER><ns:VEHICLE_NUMBER>123</ns:VEHICLE_NUMBER><ns:VSBED>123</ns:VSBED><ns:VSBED_TXT>123</ns:VSBED_TXT><ns:VSTEL_TOR>2420</ns:VSTEL_TOR><ns:VSTEL_TOR_TEXT>РђРґСЂРµСЃ РїСѓРЅРєС‚Р° РѕС‚РіСЂСѓР·РєРё РњРѕСЃРєРІР°</ns:VSTEL_TOR_TEXT></ns:DT_TrOrder_OutDelivDocument></ns:Document><ns:GuidMsgOutb>165A59AB7CA7RFDABBB71d395bb19b3</ns:GuidMsgOutb><ns:SystemReceiver>123</ns:SystemReceiver><ns:SystemSender>123</ns:SystemSender></ns:DT_TrOrder_OutDeliv></tem:packages></tem:Load></SOAP-ENV:Body></SOAP-ENV:Envelope>

Select day: 1/31/2024
Select slot: 10:24
auto-71d395bb19b3
Request SOAP Message:
<SOAP-ENV:Envelope xmlns:SOAP-ENV="http://schemas.xmlsoap.org/soap/envelope/" xmlns:ns="http://schemas.datacontract.org/2004/07/" xmlns:tem="http://tempuri.org/"><SOAP-ENV:Header/><SOAP-ENV:Body><tem:Load><tem:packages><ns:DT_TrOrder_OutDeliv><ns:Document><ns:DT_TrOrder_OutDelivDocument><ns:COMMENT_TXT>123</ns:COMMENT_TXT><ns:COST>500</ns:COST><ns:DATE_ARR>123</ns:DATE_ARR><ns:DATE_LICENSE>123</ns:DATE_LICENSE><ns:DATE_SEND>20240130</ns:DATE_SEND><ns:DATE_SEND_BY>20240130</ns:DATE_SEND_BY><ns:DATE_SEND_FR>20231110</ns:DATE_SEND_FR><ns:DATE_WU>123</ns:DATE_WU><ns:DRIVER>123</ns:DRIVER><ns:DRIVER_LICENSE>123</ns:DRIVER_LICENSE><ns:DRIVER_PHONE>123</ns:DRIVER_PHONE><ns:Delivery><ns:DT_TrOrder_OutDelivDocumentDelivery><ns:ADDRESS_DESCR>РіРѕСЂРѕРґ РњРѕСЃРєРІР°, СѓР»РёС†Р° Р§РµСЂРµРјСѓС€РєРёРЅСЃРєР°СЏ РЅР°Р±РµСЂРµР¶РЅР°СЏ, РґРѕРј 18</ns:ADDRESS_DESCR><ns:BLDAT>123</ns:BLDAT><ns:DES_LOC>423</ns:DES_LOC><ns:DES_LOC_TEXT>РўРµСЃС‚РѕРІС‹Р№ РџРћ РњРѕСЃРєРІР° </ns:DES_LOC_TEXT><ns:DeliveryItem><ns:DT_TrOrder_OutDelivDocumentDeliveryDeliveryItem><ns:ARKTX>РњР°СЃР»Рѕ РјРѕС‚ Р› РђРІР°РЅРі РЈР»СЊС‚СЂР° PLUS SAE 10W-40 </ns:ARKTX><ns:BISMT>123456</ns:BISMT><ns:BRGEW>217.880</ns:BRGEW><ns:CHARG>123</ns:CHARG><ns:DENSITY>123</ns:DENSITY><ns:GEWEI>KG</ns:GEWEI><ns:LFIMG>123</ns:LFIMG><ns:LGMNG>217.650</ns:LGMNG><ns:LGORT>0001</ns:LGORT><ns:MATKL>3127</ns:MATKL><ns:MATNR>00000000000000022</ns:MATNR><ns:MEINS>KG</ns:MEINS><ns:NTGEW>0.080</ns:NTGEW><ns:POSNR>000020</ns:POSNR><ns:TEMPB>123</ns:TEMPB><ns:VISCOSITY>123</ns:VISCOSITY><ns:VRKME>KG</ns:VRKME><ns:WERKS>2420</ns:WERKS><ns:ZBP_TEXT>123</ns:ZBP_TEXT><ns:ZMT_TEXT>123</ns:ZMT_TEXT></ns:DT_TrOrder_OutDelivDocumentDeliveryDeliveryItem></ns:DeliveryItem><ns:INCO1>CPT</ns:INCO1><ns:INCO2>(РўРќРџ) Рђ/Рџ Р”РћРњРћР”Р•Р”РћР’Рћ</ns:INCO2><ns:KUNAG>147838</ns:KUNAG><ns:KUNAG_NAME>РћРћРћ Р Р�Рљ РїРѕРєСѓРїР°С‚РµР»СЏ</ns:KUNAG_NAME><ns:KUNNR/><ns:KUNNR_NAME>РћРћРћ Р Р�Рљ Р“СЂСѓР·РѕРїРѕР»СѓС‡Р°С‚РµР»СЊ</ns:KUNNR_NAME><ns:LADGR>123</ns:LADGR><ns:LADGR_TEXT>123</ns:LADGR_TEXT><ns:LFART>ZMLI</ns:LFART><ns:SRC_LOC>SP_2420</ns:SRC_LOC><ns:SRC_LOC_TXT>РџРћ 2420 Р›Р›Рљ РўРџРџ Р’РѕР»РіРѕРіСЂР°Рґ</ns:SRC_LOC_TXT><ns:STAGE_ROUTE>00001</ns:STAGE_ROUTE><ns:TRATY_STAGE>9018</ns:TRATY_STAGE><ns:VBELN>7000239609</ns:VBELN><ns:VBTYP>J</ns:VBTYP><ns:VKORG>2400</ns:VKORG><ns:VSTEL>2420</ns:VSTEL><ns:XABLN>123</ns:XABLN><ns:XPOS>55,720722</ns:XPOS><ns:YPOS>37.774463</ns:YPOS></ns:DT_TrOrder_OutDelivDocumentDelivery></ns:Delivery><ns:LICENSE>123</ns:LICENSE><ns:NET_DURATION>180</ns:NET_DURATION><ns:SEND_TO_SYSTEM>123</ns:SEND_TO_SYSTEM><ns:SIGN_DEL/><ns:STATUS>01</ns:STATUS><ns:STATUS_RECORD>123</ns:STATUS_RECORD><ns:TDLNR>147838</ns:TDLNR><ns:TDLNR_NAME>Р›Рљ РўСѓРґР°-РЎСЋРґР°</ns:TDLNR_NAME><ns:TIME_ARR>123</ns:TIME_ARR><ns:TIME_SEND>000000</ns:TIME_SEND><ns:TIME_SEND_BY>000000</ns:TIME_SEND_BY><ns:TIME_SEND_FR>000000</ns:TIME_SEND_FR><ns:TOR_ID>auto-71d395bb19b3</ns:TOR_ID><ns:TRATY>123</ns:TRATY><ns:TRATY_TXT>123</ns:TRATY_TXT><ns:VEHICLE_CONTAINER>123</ns:VEHICLE_CONTAINER><ns:VEHICLE_NUMBER>123</ns:VEHICLE_NUMBER><ns:VSBED>123</ns:VSBED><ns:VSBED_TXT>123</ns:VSBED_TXT><ns:VSTEL_TOR>2420</ns:VSTEL_TOR><ns:VSTEL_TOR_TEXT>РђРґСЂРµСЃ РїСѓРЅРєС‚Р° РѕС‚РіСЂСѓР·РєРё РњРѕСЃРєРІР°</ns:VSTEL_TOR_TEXT></ns:DT_TrOrder_OutDelivDocument></ns:Document><ns:GuidMsgOutb>165A59AB7CA7RFDABBB123dcd3c290f</ns:GuidMsgOutb><ns:SystemReceiver>123</ns:SystemReceiver><ns:SystemSender>123</ns:SystemSender></ns:DT_TrOrder_OutDeliv></tem:packages></tem:Load></SOAP-ENV:Body></SOAP-ENV:Envelope>

]]></system-out>
  </testcase>
</testsuite>