<?xml version="1.0" encoding="UTF-8"?>
<testsuite xmlns:xsi="http://www.w3.org/2001/XMLSchema-instance" xsi:noNamespaceSchemaLocation="https://maven.apache.org/surefire/maven-surefire-plugin/xsd/surefire-test-report-3.0.xsd" version="3.0" name="tests.TestControlValidDataTransportOrder" time="49.47" tests="9" errors="0" skipped="0" failures="0">
  <properties>
[...]
</properties>
  <testcase name="checkNoDES_LOC" classname="tests.TestControlValidDataTransportOrder" time="5.696">
    <system-out><![CDATA[auto-6cafa4d7c53e
Request SOAP Message:
<SOAP-ENV:Envelope xmlns:SOAP-ENV="http://schemas.xmlsoap.org/soap/envelope/" xmlns:ns="http://schemas.datacontract.org/2004/07/" xmlns:tem="http://tempuri.org/"><SOAP-ENV:Header/><SOAP-ENV:Body><tem:Load><tem:packages><ns:DT_TrOrder_OutDeliv><ns:Document><ns:DT_TrOrder_OutDelivDocument><ns:COMMENT_TXT>123</ns:COMMENT_TXT><ns:COST>500</ns:COST><ns:DATE_ARR>123</ns:DATE_ARR><ns:DATE_LICENSE>123</ns:DATE_LICENSE><ns:DATE_SEND>20240130</ns:DATE_SEND><ns:DATE_SEND_BY>20240130</ns:DATE_SEND_BY><ns:DATE_SEND_FR>20231110</ns:DATE_SEND_FR><ns:DATE_WU>123</ns:DATE_WU><ns:DRIVER>123</ns:DRIVER><ns:DRIVER_LICENSE>123</ns:DRIVER_LICENSE><ns:DRIVER_PHONE>123</ns:DRIVER_PHONE><ns:Delivery><ns:DT_TrOrder_OutDelivDocumentDelivery><ns:ADDRESS_DESCR>РіРѕСЂРѕРґ РњРѕСЃРєРІР°, СѓР»РёС†Р° Р§РµСЂРµРјСѓС€РєРёРЅСЃРєР°СЏ РЅР°Р±РµСЂРµР¶РЅР°СЏ, РґРѕРј 18</ns:ADDRESS_DESCR><ns:BLDAT>123</ns:BLDAT><ns:DES_LOC/><ns:DES_LOC_TEXT>РўРµСЃС‚РѕРІС‹Р№ РџРћ РњРѕСЃРєРІР° </ns:DES_LOC_TEXT><ns:DeliveryItem><ns:DT_TrOrder_OutDelivDocumentDeliveryDeliveryItem><ns:ARKTX>РњР°СЃР»Рѕ РјРѕС‚ Р› РђРІР°РЅРі РЈР»СЊС‚СЂР° PLUS SAE 10W-40 </ns:ARKTX><ns:BISMT>123456</ns:BISMT><ns:BRGEW>217.880</ns:BRGEW><ns:CHARG>123</ns:CHARG><ns:DENSITY>123</ns:DENSITY><ns:GEWEI>KG</ns:GEWEI><ns:LFIMG>123</ns:LFIMG><ns:LGMNG>217.650</ns:LGMNG><ns:LGORT>0001</ns:LGORT><ns:MATKL>3127</ns:MATKL><ns:MATNR>00000000000000022</ns:MATNR><ns:MEINS>KG</ns:MEINS><ns:NTGEW>0.080</ns:NTGEW><ns:POSNR>000020</ns:POSNR><ns:TEMPB>123</ns:TEMPB><ns:VISCOSITY>123</ns:VISCOSITY><ns:VRKME>KG</ns:VRKME><ns:WERKS>2420</ns:WERKS><ns:ZBP_TEXT>123</ns:ZBP_TEXT><ns:ZMT_TEXT>123</ns:ZMT_TEXT></ns:DT_TrOrder_OutDelivDocumentDeliveryDeliveryItem></ns:DeliveryItem><ns:INCO1>CPT</ns:INCO1><ns:INCO2>(РўРќРџ) Рђ/Рџ Р”РћРњРћР”Р•Р”РћР’Рћ</ns:INCO2><ns:KUNAG>147838</ns:KUNAG><ns:KUNAG_NAME>РћРћРћ Р Р�Рљ РїРѕРєСѓРїР°С‚РµР»СЏ</ns:KUNAG_NAME><ns:KUNNR/><ns:KUNNR_NAME>РћРћРћ Р Р�Рљ Р“СЂСѓР·РѕРїРѕР»СѓС‡Р°С‚РµР»СЊ</ns:KUNNR_NAME><ns:LADGR>123</ns:LADGR><ns:LADGR_TEXT>123</ns:LADGR_TEXT><ns:LFART>ZMLI</ns:LFART><ns:SRC_LOC>SP_2420</ns:SRC_LOC><ns:SRC_LOC_TXT>РџРћ 2420 Р›Р›Рљ РўРџРџ Р’РѕР»РіРѕРіСЂР°Рґ</ns:SRC_LOC_TXT><ns:STAGE_ROUTE>00001</ns:STAGE_ROUTE><ns:TRATY_STAGE>9018</ns:TRATY_STAGE><ns:VBELN>7000239609</ns:VBELN><ns:VBTYP>J</ns:VBTYP><ns:VKORG>2400</ns:VKORG><ns:VSTEL>2420</ns:VSTEL><ns:XABLN>123</ns:XABLN><ns:XPOS>55,720722</ns:XPOS><ns:YPOS>37.774463</ns:YPOS></ns:DT_TrOrder_OutDelivDocumentDelivery></ns:Delivery><ns:LICENSE>123</ns:LICENSE><ns:NET_DURATION>180</ns:NET_DURATION><ns:SEND_TO_SYSTEM>123</ns:SEND_TO_SYSTEM><ns:SIGN_DEL/><ns:STATUS>01</ns:STATUS><ns:STATUS_RECORD>123</ns:STATUS_RECORD><ns:TDLNR>147838</ns:TDLNR><ns:TDLNR_NAME>Р›Рљ РўСѓРґР°-РЎСЋРґР°</ns:TDLNR_NAME><ns:TIME_ARR>123</ns:TIME_ARR><ns:TIME_SEND>000000</ns:TIME_SEND><ns:TIME_SEND_BY>000000</ns:TIME_SEND_BY><ns:TIME_SEND_FR>000000</ns:TIME_SEND_FR><ns:TOR_ID>auto-6cafa4d7c53e</ns:TOR_ID><ns:TRATY>123</ns:TRATY><ns:TRATY_TXT>123</ns:TRATY_TXT><ns:VEHICLE_CONTAINER>123</ns:VEHICLE_CONTAINER><ns:VEHICLE_NUMBER>123</ns:VEHICLE_NUMBER><ns:VSBED>123</ns:VSBED><ns:VSBED_TXT>123</ns:VSBED_TXT><ns:VSTEL_TOR>2420</ns:VSTEL_TOR><ns:VSTEL_TOR_TEXT>РђРґСЂРµСЃ РїСѓРЅРєС‚Р° РѕС‚РіСЂСѓР·РєРё РњРѕСЃРєРІР°</ns:VSTEL_TOR_TEXT></ns:DT_TrOrder_OutDelivDocument></ns:Document><ns:GuidMsgOutb>165A59AB7CA7RFDABBB6cafa4d7c53e</ns:GuidMsgOutb><ns:SystemReceiver>123</ns:SystemReceiver><ns:SystemSender>123</ns:SystemSender></ns:DT_TrOrder_OutDeliv></tem:packages></tem:Load></SOAP-ENV:Body></SOAP-ENV:Envelope>

]]></system-out>
  </testcase>
  <testcase name="checkNoTOR_ID" classname="tests.TestControlValidDataTransportOrder" time="3.592">
    <system-out><![CDATA[
Request SOAP Message:
<SOAP-ENV:Envelope xmlns:SOAP-ENV="http://schemas.xmlsoap.org/soap/envelope/" xmlns:ns="http://schemas.datacontract.org/2004/07/" xmlns:tem="http://tempuri.org/"><SOAP-ENV:Header/><SOAP-ENV:Body><tem:Load><tem:packages><ns:DT_TrOrder_OutDeliv><ns:Document><ns:DT_TrOrder_OutDelivDocument><ns:COMMENT_TXT>123</ns:COMMENT_TXT><ns:COST>500</ns:COST><ns:DATE_ARR>123</ns:DATE_ARR><ns:DATE_LICENSE>123</ns:DATE_LICENSE><ns:DATE_SEND>20240130</ns:DATE_SEND><ns:DATE_SEND_BY>20240130</ns:DATE_SEND_BY><ns:DATE_SEND_FR>20231110</ns:DATE_SEND_FR><ns:DATE_WU>123</ns:DATE_WU><ns:DRIVER>123</ns:DRIVER><ns:DRIVER_LICENSE>123</ns:DRIVER_LICENSE><ns:DRIVER_PHONE>123</ns:DRIVER_PHONE><ns:Delivery><ns:DT_TrOrder_OutDelivDocumentDelivery><ns:ADDRESS_DESCR>РіРѕСЂРѕРґ РњРѕСЃРєРІР°, СѓР»РёС†Р° Р§РµСЂРµРјСѓС€РєРёРЅСЃРєР°СЏ РЅР°Р±РµСЂРµР¶РЅР°СЏ, РґРѕРј 18</ns:ADDRESS_DESCR><ns:BLDAT>123</ns:BLDAT><ns:DES_LOC>123</ns:DES_LOC><ns:DES_LOC_TEXT>РўРµСЃС‚РѕРІС‹Р№ РџРћ РњРѕСЃРєРІР° </ns:DES_LOC_TEXT><ns:DeliveryItem><ns:DT_TrOrder_OutDelivDocumentDeliveryDeliveryItem><ns:ARKTX>РњР°СЃР»Рѕ РјРѕС‚ Р› РђРІР°РЅРі РЈР»СЊС‚СЂР° PLUS SAE 10W-40 </ns:ARKTX><ns:BISMT>123456</ns:BISMT><ns:BRGEW>217.880</ns:BRGEW><ns:CHARG>123</ns:CHARG><ns:DENSITY>123</ns:DENSITY><ns:GEWEI>KG</ns:GEWEI><ns:LFIMG>123</ns:LFIMG><ns:LGMNG>217.650</ns:LGMNG><ns:LGORT>0001</ns:LGORT><ns:MATKL>3127</ns:MATKL><ns:MATNR>00000000000000022</ns:MATNR><ns:MEINS>KG</ns:MEINS><ns:NTGEW>0.080</ns:NTGEW><ns:POSNR>000020</ns:POSNR><ns:TEMPB>123</ns:TEMPB><ns:VISCOSITY>123</ns:VISCOSITY><ns:VRKME>KG</ns:VRKME><ns:WERKS>2420</ns:WERKS><ns:ZBP_TEXT>123</ns:ZBP_TEXT><ns:ZMT_TEXT>123</ns:ZMT_TEXT></ns:DT_TrOrder_OutDelivDocumentDeliveryDeliveryItem></ns:DeliveryItem><ns:INCO1>CPT</ns:INCO1><ns:INCO2>(РўРќРџ) Рђ/Рџ Р”РћРњРћР”Р•Р”РћР’Рћ</ns:INCO2><ns:KUNAG>147838</ns:KUNAG><ns:KUNAG_NAME>РћРћРћ Р Р�Рљ РїРѕРєСѓРїР°С‚РµР»СЏ</ns:KUNAG_NAME><ns:KUNNR/><ns:KUNNR_NAME>РћРћРћ Р Р�Рљ Р“СЂСѓР·РѕРїРѕР»СѓС‡Р°С‚РµР»СЊ</ns:KUNNR_NAME><ns:LADGR>123</ns:LADGR><ns:LADGR_TEXT>123</ns:LADGR_TEXT><ns:LFART>ZMLI</ns:LFART><ns:SRC_LOC>SP_2420</ns:SRC_LOC><ns:SRC_LOC_TXT>РџРћ 2420 Р›Р›Рљ РўРџРџ Р’РѕР»РіРѕРіСЂР°Рґ</ns:SRC_LOC_TXT><ns:STAGE_ROUTE>00001</ns:STAGE_ROUTE><ns:TRATY_STAGE>9018</ns:TRATY_STAGE><ns:VBELN>7000239609</ns:VBELN><ns:VBTYP>J</ns:VBTYP><ns:VKORG>2400</ns:VKORG><ns:VSTEL>2420</ns:VSTEL><ns:XABLN>123</ns:XABLN><ns:XPOS>55,720722</ns:XPOS><ns:YPOS>37.774463</ns:YPOS></ns:DT_TrOrder_OutDelivDocumentDelivery></ns:Delivery><ns:LICENSE>123</ns:LICENSE><ns:NET_DURATION>180</ns:NET_DURATION><ns:SEND_TO_SYSTEM>123</ns:SEND_TO_SYSTEM><ns:SIGN_DEL/><ns:STATUS>01</ns:STATUS><ns:STATUS_RECORD>123</ns:STATUS_RECORD><ns:TDLNR>147838</ns:TDLNR><ns:TDLNR_NAME>Р›Рљ РўСѓРґР°-РЎСЋРґР°</ns:TDLNR_NAME><ns:TIME_ARR>123</ns:TIME_ARR><ns:TIME_SEND>000000</ns:TIME_SEND><ns:TIME_SEND_BY>000000</ns:TIME_SEND_BY><ns:TIME_SEND_FR>000000</ns:TIME_SEND_FR><ns:TOR_ID/><ns:TRATY>123</ns:TRATY><ns:TRATY_TXT>123</ns:TRATY_TXT><ns:VEHICLE_CONTAINER>123</ns:VEHICLE_CONTAINER><ns:VEHICLE_NUMBER>123</ns:VEHICLE_NUMBER><ns:VSBED>123</ns:VSBED><ns:VSBED_TXT>123</ns:VSBED_TXT><ns:VSTEL_TOR>2420</ns:VSTEL_TOR><ns:VSTEL_TOR_TEXT>РђРґСЂРµСЃ РїСѓРЅРєС‚Р° РѕС‚РіСЂСѓР·РєРё РњРѕСЃРєРІР°</ns:VSTEL_TOR_TEXT></ns:DT_TrOrder_OutDelivDocument></ns:Document><ns:GuidMsgOutb>165A59AB7CA7RFDABBBaef71e53cc98</ns:GuidMsgOutb><ns:SystemReceiver>123</ns:SystemReceiver><ns:SystemSender>123</ns:SystemSender></ns:DT_TrOrder_OutDeliv></tem:packages></tem:Load></SOAP-ENV:Body></SOAP-ENV:Envelope>

]]></system-out>
  </testcase>
  <testcase name="checkNoSTAGE_ROUTE" classname="tests.TestControlValidDataTransportOrder" time="5.576">
    <system-out><![CDATA[auto-6288f5191952
Request SOAP Message:
<SOAP-ENV:Envelope xmlns:SOAP-ENV="http://schemas.xmlsoap.org/soap/envelope/" xmlns:ns="http://schemas.datacontract.org/2004/07/" xmlns:tem="http://tempuri.org/"><SOAP-ENV:Header/><SOAP-ENV:Body><tem:Load><tem:packages><ns:DT_TrOrder_OutDeliv><ns:Document><ns:DT_TrOrder_OutDelivDocument><ns:COMMENT_TXT>123</ns:COMMENT_TXT><ns:COST>500</ns:COST><ns:DATE_ARR>123</ns:DATE_ARR><ns:DATE_LICENSE>123</ns:DATE_LICENSE><ns:DATE_SEND>20240130</ns:DATE_SEND><ns:DATE_SEND_BY>20240130</ns:DATE_SEND_BY><ns:DATE_SEND_FR>20231110</ns:DATE_SEND_FR><ns:DATE_WU>123</ns:DATE_WU><ns:DRIVER>123</ns:DRIVER><ns:DRIVER_LICENSE>123</ns:DRIVER_LICENSE><ns:DRIVER_PHONE>123</ns:DRIVER_PHONE><ns:Delivery><ns:DT_TrOrder_OutDelivDocumentDelivery><ns:ADDRESS_DESCR>РіРѕСЂРѕРґ РњРѕСЃРєРІР°, СѓР»РёС†Р° Р§РµСЂРµРјСѓС€РєРёРЅСЃРєР°СЏ РЅР°Р±РµСЂРµР¶РЅР°СЏ, РґРѕРј 18</ns:ADDRESS_DESCR><ns:BLDAT>123</ns:BLDAT><ns:DES_LOC>123</ns:DES_LOC><ns:DES_LOC_TEXT>РўРµСЃС‚РѕРІС‹Р№ РџРћ РњРѕСЃРєРІР° </ns:DES_LOC_TEXT><ns:DeliveryItem><ns:DT_TrOrder_OutDelivDocumentDeliveryDeliveryItem><ns:ARKTX>РњР°СЃР»Рѕ РјРѕС‚ Р› РђРІР°РЅРі РЈР»СЊС‚СЂР° PLUS SAE 10W-40 </ns:ARKTX><ns:BISMT>123456</ns:BISMT><ns:BRGEW>217.880</ns:BRGEW><ns:CHARG>123</ns:CHARG><ns:DENSITY>123</ns:DENSITY><ns:GEWEI>KG</ns:GEWEI><ns:LFIMG>123</ns:LFIMG><ns:LGMNG>217.650</ns:LGMNG><ns:LGORT>0001</ns:LGORT><ns:MATKL>3127</ns:MATKL><ns:MATNR>00000000000000022</ns:MATNR><ns:MEINS>KG</ns:MEINS><ns:NTGEW>0.080</ns:NTGEW><ns:POSNR>000020</ns:POSNR><ns:TEMPB>123</ns:TEMPB><ns:VISCOSITY>123</ns:VISCOSITY><ns:VRKME>KG</ns:VRKME><ns:WERKS>2420</ns:WERKS><ns:ZBP_TEXT>123</ns:ZBP_TEXT><ns:ZMT_TEXT>123</ns:ZMT_TEXT></ns:DT_TrOrder_OutDelivDocumentDeliveryDeliveryItem></ns:DeliveryItem><ns:INCO1>CPT</ns:INCO1><ns:INCO2>(РўРќРџ) Рђ/Рџ Р”РћРњРћР”Р•Р”РћР’Рћ</ns:INCO2><ns:KUNAG>147838</ns:KUNAG><ns:KUNAG_NAME>РћРћРћ Р Р�Рљ РїРѕРєСѓРїР°С‚РµР»СЏ</ns:KUNAG_NAME><ns:KUNNR/><ns:KUNNR_NAME>РћРћРћ Р Р�Рљ Р“СЂСѓР·РѕРїРѕР»СѓС‡Р°С‚РµР»СЊ</ns:KUNNR_NAME><ns:LADGR>123</ns:LADGR><ns:LADGR_TEXT>123</ns:LADGR_TEXT><ns:LFART>ZMLI</ns:LFART><ns:SRC_LOC>SP_2420</ns:SRC_LOC><ns:SRC_LOC_TXT>РџРћ 2420 Р›Р›Рљ РўРџРџ Р’РѕР»РіРѕРіСЂР°Рґ</ns:SRC_LOC_TXT><ns:STAGE_ROUTE/><ns:TRATY_STAGE>9018</ns:TRATY_STAGE><ns:VBELN>7000239609</ns:VBELN><ns:VBTYP>J</ns:VBTYP><ns:VKORG>2400</ns:VKORG><ns:VSTEL>2420</ns:VSTEL><ns:XABLN>123</ns:XABLN><ns:XPOS>55,720722</ns:XPOS><ns:YPOS>37.774463</ns:YPOS></ns:DT_TrOrder_OutDelivDocumentDelivery></ns:Delivery><ns:LICENSE>123</ns:LICENSE><ns:NET_DURATION>180</ns:NET_DURATION><ns:SEND_TO_SYSTEM>123</ns:SEND_TO_SYSTEM><ns:SIGN_DEL/><ns:STATUS>01</ns:STATUS><ns:STATUS_RECORD>123</ns:STATUS_RECORD><ns:TDLNR>147838</ns:TDLNR><ns:TDLNR_NAME>Р›Рљ РўСѓРґР°-РЎСЋРґР°</ns:TDLNR_NAME><ns:TIME_ARR>123</ns:TIME_ARR><ns:TIME_SEND>000000</ns:TIME_SEND><ns:TIME_SEND_BY>000000</ns:TIME_SEND_BY><ns:TIME_SEND_FR>000000</ns:TIME_SEND_FR><ns:TOR_ID>auto-6288f5191952</ns:TOR_ID><ns:TRATY>123</ns:TRATY><ns:TRATY_TXT>123</ns:TRATY_TXT><ns:VEHICLE_CONTAINER>123</ns:VEHICLE_CONTAINER><ns:VEHICLE_NUMBER>123</ns:VEHICLE_NUMBER><ns:VSBED>123</ns:VSBED><ns:VSBED_TXT>123</ns:VSBED_TXT><ns:VSTEL_TOR>2420</ns:VSTEL_TOR><ns:VSTEL_TOR_TEXT>РђРґСЂРµСЃ РїСѓРЅРєС‚Р° РѕС‚РіСЂСѓР·РєРё РњРѕСЃРєРІР°</ns:VSTEL_TOR_TEXT></ns:DT_TrOrder_OutDelivDocument></ns:Document><ns:GuidMsgOutb>165A59AB7CA7RFDABBB6288f5191952</ns:GuidMsgOutb><ns:SystemReceiver>123</ns:SystemReceiver><ns:SystemSender>123</ns:SystemSender></ns:DT_TrOrder_OutDeliv></tem:packages></tem:Load></SOAP-ENV:Body></SOAP-ENV:Envelope>

]]></system-out>
  </testcase>
  <testcase name="checkNormalTO" classname="tests.TestControlValidDataTransportOrder" time="5.55">
    <system-out><![CDATA[auto-38b72c3d8e19
Request SOAP Message:
<SOAP-ENV:Envelope xmlns:SOAP-ENV="http://schemas.xmlsoap.org/soap/envelope/" xmlns:ns="http://schemas.datacontract.org/2004/07/" xmlns:tem="http://tempuri.org/"><SOAP-ENV:Header/><SOAP-ENV:Body><tem:Load><tem:packages><ns:DT_TrOrder_OutDeliv><ns:Document><ns:DT_TrOrder_OutDelivDocument><ns:COMMENT_TXT>123</ns:COMMENT_TXT><ns:COST>500</ns:COST><ns:DATE_ARR>123</ns:DATE_ARR><ns:DATE_LICENSE>123</ns:DATE_LICENSE><ns:DATE_SEND>20240130</ns:DATE_SEND><ns:DATE_SEND_BY>20240130</ns:DATE_SEND_BY><ns:DATE_SEND_FR>20231110</ns:DATE_SEND_FR><ns:DATE_WU>123</ns:DATE_WU><ns:DRIVER>123</ns:DRIVER><ns:DRIVER_LICENSE>123</ns:DRIVER_LICENSE><ns:DRIVER_PHONE>123</ns:DRIVER_PHONE><ns:Delivery><ns:DT_TrOrder_OutDelivDocumentDelivery><ns:ADDRESS_DESCR>РіРѕСЂРѕРґ РњРѕСЃРєРІР°, СѓР»РёС†Р° Р§РµСЂРµРјСѓС€РєРёРЅСЃРєР°СЏ РЅР°Р±РµСЂРµР¶РЅР°СЏ, РґРѕРј 18</ns:ADDRESS_DESCR><ns:BLDAT>123</ns:BLDAT><ns:DES_LOC>123</ns:DES_LOC><ns:DES_LOC_TEXT>РўРµСЃС‚РѕРІС‹Р№ РџРћ РњРѕСЃРєРІР° </ns:DES_LOC_TEXT><ns:DeliveryItem><ns:DT_TrOrder_OutDelivDocumentDeliveryDeliveryItem><ns:ARKTX>РњР°СЃР»Рѕ РјРѕС‚ Р› РђРІР°РЅРі РЈР»СЊС‚СЂР° PLUS SAE 10W-40 </ns:ARKTX><ns:BISMT>123456</ns:BISMT><ns:BRGEW>217.880</ns:BRGEW><ns:CHARG>123</ns:CHARG><ns:DENSITY>123</ns:DENSITY><ns:GEWEI>KG</ns:GEWEI><ns:LFIMG>123</ns:LFIMG><ns:LGMNG>217.650</ns:LGMNG><ns:LGORT>0001</ns:LGORT><ns:MATKL>3127</ns:MATKL><ns:MATNR>00000000000000022</ns:MATNR><ns:MEINS>KG</ns:MEINS><ns:NTGEW>0.080</ns:NTGEW><ns:POSNR>000020</ns:POSNR><ns:TEMPB>123</ns:TEMPB><ns:VISCOSITY>123</ns:VISCOSITY><ns:VRKME>KG</ns:VRKME><ns:WERKS>2420</ns:WERKS><ns:ZBP_TEXT>123</ns:ZBP_TEXT><ns:ZMT_TEXT>123</ns:ZMT_TEXT></ns:DT_TrOrder_OutDelivDocumentDeliveryDeliveryItem></ns:DeliveryItem><ns:INCO1>CPT</ns:INCO1><ns:INCO2>(РўРќРџ) Рђ/Рџ Р”РћРњРћР”Р•Р”РћР’Рћ</ns:INCO2><ns:KUNAG>147838</ns:KUNAG><ns:KUNAG_NAME>РћРћРћ Р Р�Рљ РїРѕРєСѓРїР°С‚РµР»СЏ</ns:KUNAG_NAME><ns:KUNNR/><ns:KUNNR_NAME>РћРћРћ Р Р�Рљ Р“СЂСѓР·РѕРїРѕР»СѓС‡Р°С‚РµР»СЊ</ns:KUNNR_NAME><ns:LADGR>123</ns:LADGR><ns:LADGR_TEXT>123</ns:LADGR_TEXT><ns:LFART>ZMLI</ns:LFART><ns:SRC_LOC>SP_2420</ns:SRC_LOC><ns:SRC_LOC_TXT>РџРћ 2420 Р›Р›Рљ РўРџРџ Р’РѕР»РіРѕРіСЂР°Рґ</ns:SRC_LOC_TXT><ns:STAGE_ROUTE>00001</ns:STAGE_ROUTE><ns:TRATY_STAGE>9018</ns:TRATY_STAGE><ns:VBELN>7000239609</ns:VBELN><ns:VBTYP>J</ns:VBTYP><ns:VKORG>2400</ns:VKORG><ns:VSTEL>2420</ns:VSTEL><ns:XABLN>123</ns:XABLN><ns:XPOS>55,720722</ns:XPOS><ns:YPOS>37.774463</ns:YPOS></ns:DT_TrOrder_OutDelivDocumentDelivery></ns:Delivery><ns:LICENSE>123</ns:LICENSE><ns:NET_DURATION>180</ns:NET_DURATION><ns:SEND_TO_SYSTEM>123</ns:SEND_TO_SYSTEM><ns:SIGN_DEL/><ns:STATUS>01</ns:STATUS><ns:STATUS_RECORD>123</ns:STATUS_RECORD><ns:TDLNR>147838</ns:TDLNR><ns:TDLNR_NAME>Р›Рљ РўСѓРґР°-РЎСЋРґР°</ns:TDLNR_NAME><ns:TIME_ARR>123</ns:TIME_ARR><ns:TIME_SEND>000000</ns:TIME_SEND><ns:TIME_SEND_BY>000000</ns:TIME_SEND_BY><ns:TIME_SEND_FR>000000</ns:TIME_SEND_FR><ns:TOR_ID>auto-38b72c3d8e19</ns:TOR_ID><ns:TRATY>123</ns:TRATY><ns:TRATY_TXT>123</ns:TRATY_TXT><ns:VEHICLE_CONTAINER>123</ns:VEHICLE_CONTAINER><ns:VEHICLE_NUMBER>123</ns:VEHICLE_NUMBER><ns:VSBED>123</ns:VSBED><ns:VSBED_TXT>123</ns:VSBED_TXT><ns:VSTEL_TOR>2420</ns:VSTEL_TOR><ns:VSTEL_TOR_TEXT>РђРґСЂРµСЃ РїСѓРЅРєС‚Р° РѕС‚РіСЂСѓР·РєРё РњРѕСЃРєРІР°</ns:VSTEL_TOR_TEXT></ns:DT_TrOrder_OutDelivDocument></ns:Document><ns:GuidMsgOutb>165A59AB7CA7RFDABBB38b72c3d8e19</ns:GuidMsgOutb><ns:SystemReceiver>123</ns:SystemReceiver><ns:SystemSender>123</ns:SystemSender></ns:DT_TrOrder_OutDeliv></tem:packages></tem:Load></SOAP-ENV:Body></SOAP-ENV:Envelope>

]]></system-out>
  </testcase>
  <testcase name="checkDuplicateMessageUid" classname="tests.TestControlValidDataTransportOrder" time="5.558">
    <system-out><![CDATA[auto-06ec9958cb32
Request SOAP Message:
<SOAP-ENV:Envelope xmlns:SOAP-ENV="http://schemas.xmlsoap.org/soap/envelope/" xmlns:ns="http://schemas.datacontract.org/2004/07/" xmlns:tem="http://tempuri.org/"><SOAP-ENV:Header/><SOAP-ENV:Body><tem:Load><tem:packages><ns:DT_TrOrder_OutDeliv><ns:Document><ns:DT_TrOrder_OutDelivDocument><ns:COMMENT_TXT>123</ns:COMMENT_TXT><ns:COST>500</ns:COST><ns:DATE_ARR>123</ns:DATE_ARR><ns:DATE_LICENSE>123</ns:DATE_LICENSE><ns:DATE_SEND>20240130</ns:DATE_SEND><ns:DATE_SEND_BY>20240130</ns:DATE_SEND_BY><ns:DATE_SEND_FR>20231110</ns:DATE_SEND_FR><ns:DATE_WU>123</ns:DATE_WU><ns:DRIVER>123</ns:DRIVER><ns:DRIVER_LICENSE>123</ns:DRIVER_LICENSE><ns:DRIVER_PHONE>123</ns:DRIVER_PHONE><ns:Delivery><ns:DT_TrOrder_OutDelivDocumentDelivery><ns:ADDRESS_DESCR>РіРѕСЂРѕРґ РњРѕСЃРєРІР°, СѓР»РёС†Р° Р§РµСЂРµРјСѓС€РєРёРЅСЃРєР°СЏ РЅР°Р±РµСЂРµР¶РЅР°СЏ, РґРѕРј 18</ns:ADDRESS_DESCR><ns:BLDAT>123</ns:BLDAT><ns:DES_LOC>123</ns:DES_LOC><ns:DES_LOC_TEXT>РўРµСЃС‚РѕРІС‹Р№ РџРћ РњРѕСЃРєРІР° </ns:DES_LOC_TEXT><ns:DeliveryItem><ns:DT_TrOrder_OutDelivDocumentDeliveryDeliveryItem><ns:ARKTX>РњР°СЃР»Рѕ РјРѕС‚ Р› РђРІР°РЅРі РЈР»СЊС‚СЂР° PLUS SAE 10W-40 </ns:ARKTX><ns:BISMT>123456</ns:BISMT><ns:BRGEW>217.880</ns:BRGEW><ns:CHARG>123</ns:CHARG><ns:DENSITY>123</ns:DENSITY><ns:GEWEI>KG</ns:GEWEI><ns:LFIMG>123</ns:LFIMG><ns:LGMNG>217.650</ns:LGMNG><ns:LGORT>0001</ns:LGORT><ns:MATKL>3127</ns:MATKL><ns:MATNR>00000000000000022</ns:MATNR><ns:MEINS>KG</ns:MEINS><ns:NTGEW>0.080</ns:NTGEW><ns:POSNR>000020</ns:POSNR><ns:TEMPB>123</ns:TEMPB><ns:VISCOSITY>123</ns:VISCOSITY><ns:VRKME>KG</ns:VRKME><ns:WERKS>2420</ns:WERKS><ns:ZBP_TEXT>123</ns:ZBP_TEXT><ns:ZMT_TEXT>123</ns:ZMT_TEXT></ns:DT_TrOrder_OutDelivDocumentDeliveryDeliveryItem></ns:DeliveryItem><ns:INCO1>CPT</ns:INCO1><ns:INCO2>(РўРќРџ) Рђ/Рџ Р”РћРњРћР”Р•Р”РћР’Рћ</ns:INCO2><ns:KUNAG>147838</ns:KUNAG><ns:KUNAG_NAME>РћРћРћ Р Р�Рљ РїРѕРєСѓРїР°С‚РµР»СЏ</ns:KUNAG_NAME><ns:KUNNR/><ns:KUNNR_NAME>РћРћРћ Р Р�Рљ Р“СЂСѓР·РѕРїРѕР»СѓС‡Р°С‚РµР»СЊ</ns:KUNNR_NAME><ns:LADGR>123</ns:LADGR><ns:LADGR_TEXT>123</ns:LADGR_TEXT><ns:LFART>ZMLI</ns:LFART><ns:SRC_LOC>SP_2420</ns:SRC_LOC><ns:SRC_LOC_TXT>РџРћ 2420 Р›Р›Рљ РўРџРџ Р’РѕР»РіРѕРіСЂР°Рґ</ns:SRC_LOC_TXT><ns:STAGE_ROUTE>00001</ns:STAGE_ROUTE><ns:TRATY_STAGE>9018</ns:TRATY_STAGE><ns:VBELN>7000239609</ns:VBELN><ns:VBTYP>J</ns:VBTYP><ns:VKORG>2400</ns:VKORG><ns:VSTEL>2420</ns:VSTEL><ns:XABLN>123</ns:XABLN><ns:XPOS>55,720722</ns:XPOS><ns:YPOS>37.774463</ns:YPOS></ns:DT_TrOrder_OutDelivDocumentDelivery></ns:Delivery><ns:LICENSE>123</ns:LICENSE><ns:NET_DURATION>180</ns:NET_DURATION><ns:SEND_TO_SYSTEM>123</ns:SEND_TO_SYSTEM><ns:SIGN_DEL/><ns:STATUS>01</ns:STATUS><ns:STATUS_RECORD>123</ns:STATUS_RECORD><ns:TDLNR>147838</ns:TDLNR><ns:TDLNR_NAME>Р›Рљ РўСѓРґР°-РЎСЋРґР°</ns:TDLNR_NAME><ns:TIME_ARR>123</ns:TIME_ARR><ns:TIME_SEND>000000</ns:TIME_SEND><ns:TIME_SEND_BY>000000</ns:TIME_SEND_BY><ns:TIME_SEND_FR>000000</ns:TIME_SEND_FR><ns:TOR_ID>auto-06ec9958cb32</ns:TOR_ID><ns:TRATY>123</ns:TRATY><ns:TRATY_TXT>123</ns:TRATY_TXT><ns:VEHICLE_CONTAINER>123</ns:VEHICLE_CONTAINER><ns:VEHICLE_NUMBER>123</ns:VEHICLE_NUMBER><ns:VSBED>123</ns:VSBED><ns:VSBED_TXT>123</ns:VSBED_TXT><ns:VSTEL_TOR>2420</ns:VSTEL_TOR><ns:VSTEL_TOR_TEXT>РђРґСЂРµСЃ РїСѓРЅРєС‚Р° РѕС‚РіСЂСѓР·РєРё РњРѕСЃРєРІР°</ns:VSTEL_TOR_TEXT></ns:DT_TrOrder_OutDelivDocument></ns:Document><ns:GuidMsgOutb>165A59AB7CA7RFDABBB06ec9958cb32</ns:GuidMsgOutb><ns:SystemReceiver>123</ns:SystemReceiver><ns:SystemSender>123</ns:SystemSender></ns:DT_TrOrder_OutDeliv></tem:packages></tem:Load></SOAP-ENV:Body></SOAP-ENV:Envelope>

auto-f4867e207e44
Request SOAP Message:
<SOAP-ENV:Envelope xmlns:SOAP-ENV="http://schemas.xmlsoap.org/soap/envelope/" xmlns:ns="http://schemas.datacontract.org/2004/07/" xmlns:tem="http://tempuri.org/"><SOAP-ENV:Header/><SOAP-ENV:Body><tem:Load><tem:packages><ns:DT_TrOrder_OutDeliv><ns:Document><ns:DT_TrOrder_OutDelivDocument><ns:COMMENT_TXT>123</ns:COMMENT_TXT><ns:COST>500</ns:COST><ns:DATE_ARR>123</ns:DATE_ARR><ns:DATE_LICENSE>123</ns:DATE_LICENSE><ns:DATE_SEND>20240130</ns:DATE_SEND><ns:DATE_SEND_BY>20240130</ns:DATE_SEND_BY><ns:DATE_SEND_FR>20231110</ns:DATE_SEND_FR><ns:DATE_WU>123</ns:DATE_WU><ns:DRIVER>123</ns:DRIVER><ns:DRIVER_LICENSE>123</ns:DRIVER_LICENSE><ns:DRIVER_PHONE>123</ns:DRIVER_PHONE><ns:Delivery><ns:DT_TrOrder_OutDelivDocumentDelivery><ns:ADDRESS_DESCR>РіРѕСЂРѕРґ РњРѕСЃРєРІР°, СѓР»РёС†Р° Р§РµСЂРµРјСѓС€РєРёРЅСЃРєР°СЏ РЅР°Р±РµСЂРµР¶РЅР°СЏ, РґРѕРј 18</ns:ADDRESS_DESCR><ns:BLDAT>123</ns:BLDAT><ns:DES_LOC>123</ns:DES_LOC><ns:DES_LOC_TEXT>РўРµСЃС‚РѕРІС‹Р№ РџРћ РњРѕСЃРєРІР° </ns:DES_LOC_TEXT><ns:DeliveryItem><ns:DT_TrOrder_OutDelivDocumentDeliveryDeliveryItem><ns:ARKTX>РњР°СЃР»Рѕ РјРѕС‚ Р› РђРІР°РЅРі РЈР»СЊС‚СЂР° PLUS SAE 10W-40 </ns:ARKTX><ns:BISMT>123456</ns:BISMT><ns:BRGEW>217.880</ns:BRGEW><ns:CHARG>123</ns:CHARG><ns:DENSITY>123</ns:DENSITY><ns:GEWEI>KG</ns:GEWEI><ns:LFIMG>123</ns:LFIMG><ns:LGMNG>217.650</ns:LGMNG><ns:LGORT>0001</ns:LGORT><ns:MATKL>3127</ns:MATKL><ns:MATNR>00000000000000022</ns:MATNR><ns:MEINS>KG</ns:MEINS><ns:NTGEW>0.080</ns:NTGEW><ns:POSNR>000020</ns:POSNR><ns:TEMPB>123</ns:TEMPB><ns:VISCOSITY>123</ns:VISCOSITY><ns:VRKME>KG</ns:VRKME><ns:WERKS>2420</ns:WERKS><ns:ZBP_TEXT>123</ns:ZBP_TEXT><ns:ZMT_TEXT>123</ns:ZMT_TEXT></ns:DT_TrOrder_OutDelivDocumentDeliveryDeliveryItem></ns:DeliveryItem><ns:INCO1>CPT</ns:INCO1><ns:INCO2>(РўРќРџ) Рђ/Рџ Р”РћРњРћР”Р•Р”РћР’Рћ</ns:INCO2><ns:KUNAG>147838</ns:KUNAG><ns:KUNAG_NAME>РћРћРћ Р Р�Рљ РїРѕРєСѓРїР°С‚РµР»СЏ</ns:KUNAG_NAME><ns:KUNNR/><ns:KUNNR_NAME>РћРћРћ Р Р�Рљ Р“СЂСѓР·РѕРїРѕР»СѓС‡Р°С‚РµР»СЊ</ns:KUNNR_NAME><ns:LADGR>123</ns:LADGR><ns:LADGR_TEXT>123</ns:LADGR_TEXT><ns:LFART>ZMLI</ns:LFART><ns:SRC_LOC>SP_2420</ns:SRC_LOC><ns:SRC_LOC_TXT>РџРћ 2420 Р›Р›Рљ РўРџРџ Р’РѕР»РіРѕРіСЂР°Рґ</ns:SRC_LOC_TXT><ns:STAGE_ROUTE>00001</ns:STAGE_ROUTE><ns:TRATY_STAGE>9018</ns:TRATY_STAGE><ns:VBELN>7000239609</ns:VBELN><ns:VBTYP>J</ns:VBTYP><ns:VKORG>2400</ns:VKORG><ns:VSTEL>2420</ns:VSTEL><ns:XABLN>123</ns:XABLN><ns:XPOS>55,720722</ns:XPOS><ns:YPOS>37.774463</ns:YPOS></ns:DT_TrOrder_OutDelivDocumentDelivery></ns:Delivery><ns:LICENSE>123</ns:LICENSE><ns:NET_DURATION>180</ns:NET_DURATION><ns:SEND_TO_SYSTEM>123</ns:SEND_TO_SYSTEM><ns:SIGN_DEL/><ns:STATUS>01</ns:STATUS><ns:STATUS_RECORD>123</ns:STATUS_RECORD><ns:TDLNR>147838</ns:TDLNR><ns:TDLNR_NAME>Р›Рљ РўСѓРґР°-РЎСЋРґР°</ns:TDLNR_NAME><ns:TIME_ARR>123</ns:TIME_ARR><ns:TIME_SEND>000000</ns:TIME_SEND><ns:TIME_SEND_BY>000000</ns:TIME_SEND_BY><ns:TIME_SEND_FR>000000</ns:TIME_SEND_FR><ns:TOR_ID>auto-f4867e207e44</ns:TOR_ID><ns:TRATY>123</ns:TRATY><ns:TRATY_TXT>123</ns:TRATY_TXT><ns:VEHICLE_CONTAINER>123</ns:VEHICLE_CONTAINER><ns:VEHICLE_NUMBER>123</ns:VEHICLE_NUMBER><ns:VSBED>123</ns:VSBED><ns:VSBED_TXT>123</ns:VSBED_TXT><ns:VSTEL_TOR>2420</ns:VSTEL_TOR><ns:VSTEL_TOR_TEXT>РђРґСЂРµСЃ РїСѓРЅРєС‚Р° РѕС‚РіСЂСѓР·РєРё РњРѕСЃРєРІР°</ns:VSTEL_TOR_TEXT></ns:DT_TrOrder_OutDelivDocument></ns:Document><ns:GuidMsgOutb>165A59AB7CA7RFDABBB06ec9958cb32</ns:GuidMsgOutb><ns:SystemReceiver>123</ns:SystemReceiver><ns:SystemSender>123</ns:SystemSender></ns:DT_TrOrder_OutDeliv></tem:packages></tem:Load></SOAP-ENV:Body></SOAP-ENV:Envelope>

]]></system-out>
  </testcase>
  <testcase name="checkNoKUNAGandTDLNR" classname="tests.TestControlValidDataTransportOrder" time="6.006">
    <system-out><![CDATA[auto-5a23a1381672
Request SOAP Message:
<SOAP-ENV:Envelope xmlns:SOAP-ENV="http://schemas.xmlsoap.org/soap/envelope/" xmlns:ns="http://schemas.datacontract.org/2004/07/" xmlns:tem="http://tempuri.org/"><SOAP-ENV:Header/><SOAP-ENV:Body><tem:Load><tem:packages><ns:DT_TrOrder_OutDeliv><ns:Document><ns:DT_TrOrder_OutDelivDocument><ns:COMMENT_TXT>123</ns:COMMENT_TXT><ns:COST>500</ns:COST><ns:DATE_ARR>123</ns:DATE_ARR><ns:DATE_LICENSE>123</ns:DATE_LICENSE><ns:DATE_SEND>20240130</ns:DATE_SEND><ns:DATE_SEND_BY>20240130</ns:DATE_SEND_BY><ns:DATE_SEND_FR>20231110</ns:DATE_SEND_FR><ns:DATE_WU>123</ns:DATE_WU><ns:DRIVER>123</ns:DRIVER><ns:DRIVER_LICENSE>123</ns:DRIVER_LICENSE><ns:DRIVER_PHONE>123</ns:DRIVER_PHONE><ns:Delivery><ns:DT_TrOrder_OutDelivDocumentDelivery><ns:ADDRESS_DESCR>РіРѕСЂРѕРґ РњРѕСЃРєРІР°, СѓР»РёС†Р° Р§РµСЂРµРјСѓС€РєРёРЅСЃРєР°СЏ РЅР°Р±РµСЂРµР¶РЅР°СЏ, РґРѕРј 18</ns:ADDRESS_DESCR><ns:BLDAT>123</ns:BLDAT><ns:DES_LOC>123</ns:DES_LOC><ns:DES_LOC_TEXT>РўРµСЃС‚РѕРІС‹Р№ РџРћ РњРѕСЃРєРІР° </ns:DES_LOC_TEXT><ns:DeliveryItem><ns:DT_TrOrder_OutDelivDocumentDeliveryDeliveryItem><ns:ARKTX>РњР°СЃР»Рѕ РјРѕС‚ Р› РђРІР°РЅРі РЈР»СЊС‚СЂР° PLUS SAE 10W-40 </ns:ARKTX><ns:BISMT>123456</ns:BISMT><ns:BRGEW>217.880</ns:BRGEW><ns:CHARG>123</ns:CHARG><ns:DENSITY>123</ns:DENSITY><ns:GEWEI>KG</ns:GEWEI><ns:LFIMG>123</ns:LFIMG><ns:LGMNG>217.650</ns:LGMNG><ns:LGORT>0001</ns:LGORT><ns:MATKL>3127</ns:MATKL><ns:MATNR>00000000000000022</ns:MATNR><ns:MEINS>KG</ns:MEINS><ns:NTGEW>0.080</ns:NTGEW><ns:POSNR>000020</ns:POSNR><ns:TEMPB>123</ns:TEMPB><ns:VISCOSITY>123</ns:VISCOSITY><ns:VRKME>KG</ns:VRKME><ns:WERKS>2420</ns:WERKS><ns:ZBP_TEXT>123</ns:ZBP_TEXT><ns:ZMT_TEXT>123</ns:ZMT_TEXT></ns:DT_TrOrder_OutDelivDocumentDeliveryDeliveryItem></ns:DeliveryItem><ns:INCO1>CPT</ns:INCO1><ns:INCO2>(РўРќРџ) Рђ/Рџ Р”РћРњРћР”Р•Р”РћР’Рћ</ns:INCO2><ns:KUNAG/><ns:KUNAG_NAME>РћРћРћ Р Р�Рљ РїРѕРєСѓРїР°С‚РµР»СЏ</ns:KUNAG_NAME><ns:KUNNR/><ns:KUNNR_NAME>РћРћРћ Р Р�Рљ Р“СЂСѓР·РѕРїРѕР»СѓС‡Р°С‚РµР»СЊ</ns:KUNNR_NAME><ns:LADGR>123</ns:LADGR><ns:LADGR_TEXT>123</ns:LADGR_TEXT><ns:LFART>ZMLI</ns:LFART><ns:SRC_LOC>SP_2420</ns:SRC_LOC><ns:SRC_LOC_TXT>РџРћ 2420 Р›Р›Рљ РўРџРџ Р’РѕР»РіРѕРіСЂР°Рґ</ns:SRC_LOC_TXT><ns:STAGE_ROUTE>00001</ns:STAGE_ROUTE><ns:TRATY_STAGE>9018</ns:TRATY_STAGE><ns:VBELN>7000239609</ns:VBELN><ns:VBTYP>J</ns:VBTYP><ns:VKORG>2400</ns:VKORG><ns:VSTEL>2420</ns:VSTEL><ns:XABLN>123</ns:XABLN><ns:XPOS>55,720722</ns:XPOS><ns:YPOS>37.774463</ns:YPOS></ns:DT_TrOrder_OutDelivDocumentDelivery></ns:Delivery><ns:LICENSE>123</ns:LICENSE><ns:NET_DURATION>180</ns:NET_DURATION><ns:SEND_TO_SYSTEM>123</ns:SEND_TO_SYSTEM><ns:SIGN_DEL/><ns:STATUS>01</ns:STATUS><ns:STATUS_RECORD>123</ns:STATUS_RECORD><ns:TDLNR/><ns:TDLNR_NAME>Р›Рљ РўСѓРґР°-РЎСЋРґР°</ns:TDLNR_NAME><ns:TIME_ARR>123</ns:TIME_ARR><ns:TIME_SEND>000000</ns:TIME_SEND><ns:TIME_SEND_BY>000000</ns:TIME_SEND_BY><ns:TIME_SEND_FR>000000</ns:TIME_SEND_FR><ns:TOR_ID>auto-5a23a1381672</ns:TOR_ID><ns:TRATY>123</ns:TRATY><ns:TRATY_TXT>123</ns:TRATY_TXT><ns:VEHICLE_CONTAINER>123</ns:VEHICLE_CONTAINER><ns:VEHICLE_NUMBER>123</ns:VEHICLE_NUMBER><ns:VSBED>123</ns:VSBED><ns:VSBED_TXT>123</ns:VSBED_TXT><ns:VSTEL_TOR>2420</ns:VSTEL_TOR><ns:VSTEL_TOR_TEXT>РђРґСЂРµСЃ РїСѓРЅРєС‚Р° РѕС‚РіСЂСѓР·РєРё РњРѕСЃРєРІР°</ns:VSTEL_TOR_TEXT></ns:DT_TrOrder_OutDelivDocument></ns:Document><ns:GuidMsgOutb>165A59AB7CA7RFDABBB5a23a1381672</ns:GuidMsgOutb><ns:SystemReceiver>123</ns:SystemReceiver><ns:SystemSender>123</ns:SystemSender></ns:DT_TrOrder_OutDeliv></tem:packages></tem:Load></SOAP-ENV:Body></SOAP-ENV:Envelope>

]]></system-out>
  </testcase>
  <testcase name="checkNoDES_LOC_TEXT" classname="tests.TestControlValidDataTransportOrder" time="5.72">
    <system-out><![CDATA[auto-cac08d9b51b0
Request SOAP Message:
<SOAP-ENV:Envelope xmlns:SOAP-ENV="http://schemas.xmlsoap.org/soap/envelope/" xmlns:ns="http://schemas.datacontract.org/2004/07/" xmlns:tem="http://tempuri.org/"><SOAP-ENV:Header/><SOAP-ENV:Body><tem:Load><tem:packages><ns:DT_TrOrder_OutDeliv><ns:Document><ns:DT_TrOrder_OutDelivDocument><ns:COMMENT_TXT>123</ns:COMMENT_TXT><ns:COST>500</ns:COST><ns:DATE_ARR>123</ns:DATE_ARR><ns:DATE_LICENSE>123</ns:DATE_LICENSE><ns:DATE_SEND>20240130</ns:DATE_SEND><ns:DATE_SEND_BY>20240130</ns:DATE_SEND_BY><ns:DATE_SEND_FR>20231110</ns:DATE_SEND_FR><ns:DATE_WU>123</ns:DATE_WU><ns:DRIVER>123</ns:DRIVER><ns:DRIVER_LICENSE>123</ns:DRIVER_LICENSE><ns:DRIVER_PHONE>123</ns:DRIVER_PHONE><ns:Delivery><ns:DT_TrOrder_OutDelivDocumentDelivery><ns:ADDRESS_DESCR>РіРѕСЂРѕРґ РњРѕСЃРєРІР°, СѓР»РёС†Р° Р§РµСЂРµРјСѓС€РєРёРЅСЃРєР°СЏ РЅР°Р±РµСЂРµР¶РЅР°СЏ, РґРѕРј 18</ns:ADDRESS_DESCR><ns:BLDAT>123</ns:BLDAT><ns:DES_LOC>123</ns:DES_LOC><ns:DES_LOC_TEXT/><ns:DeliveryItem><ns:DT_TrOrder_OutDelivDocumentDeliveryDeliveryItem><ns:ARKTX>РњР°СЃР»Рѕ РјРѕС‚ Р› РђРІР°РЅРі РЈР»СЊС‚СЂР° PLUS SAE 10W-40 </ns:ARKTX><ns:BISMT>123456</ns:BISMT><ns:BRGEW>217.880</ns:BRGEW><ns:CHARG>123</ns:CHARG><ns:DENSITY>123</ns:DENSITY><ns:GEWEI>KG</ns:GEWEI><ns:LFIMG>123</ns:LFIMG><ns:LGMNG>217.650</ns:LGMNG><ns:LGORT>0001</ns:LGORT><ns:MATKL>3127</ns:MATKL><ns:MATNR>00000000000000022</ns:MATNR><ns:MEINS>KG</ns:MEINS><ns:NTGEW>0.080</ns:NTGEW><ns:POSNR>000020</ns:POSNR><ns:TEMPB>123</ns:TEMPB><ns:VISCOSITY>123</ns:VISCOSITY><ns:VRKME>KG</ns:VRKME><ns:WERKS>2420</ns:WERKS><ns:ZBP_TEXT>123</ns:ZBP_TEXT><ns:ZMT_TEXT>123</ns:ZMT_TEXT></ns:DT_TrOrder_OutDelivDocumentDeliveryDeliveryItem></ns:DeliveryItem><ns:INCO1>CPT</ns:INCO1><ns:INCO2>(РўРќРџ) Рђ/Рџ Р”РћРњРћР”Р•Р”РћР’Рћ</ns:INCO2><ns:KUNAG>147838</ns:KUNAG><ns:KUNAG_NAME>РћРћРћ Р Р�Рљ РїРѕРєСѓРїР°С‚РµР»СЏ</ns:KUNAG_NAME><ns:KUNNR/><ns:KUNNR_NAME>РћРћРћ Р Р�Рљ Р“СЂСѓР·РѕРїРѕР»СѓС‡Р°С‚РµР»СЊ</ns:KUNNR_NAME><ns:LADGR>123</ns:LADGR><ns:LADGR_TEXT>123</ns:LADGR_TEXT><ns:LFART>ZMLI</ns:LFART><ns:SRC_LOC>SP_2420</ns:SRC_LOC><ns:SRC_LOC_TXT>РџРћ 2420 Р›Р›Рљ РўРџРџ Р’РѕР»РіРѕРіСЂР°Рґ</ns:SRC_LOC_TXT><ns:STAGE_ROUTE>00001</ns:STAGE_ROUTE><ns:TRATY_STAGE>9018</ns:TRATY_STAGE><ns:VBELN>7000239609</ns:VBELN><ns:VBTYP>J</ns:VBTYP><ns:VKORG>2400</ns:VKORG><ns:VSTEL>2420</ns:VSTEL><ns:XABLN>123</ns:XABLN><ns:XPOS>55,720722</ns:XPOS><ns:YPOS>37.774463</ns:YPOS></ns:DT_TrOrder_OutDelivDocumentDelivery></ns:Delivery><ns:LICENSE>123</ns:LICENSE><ns:NET_DURATION>180</ns:NET_DURATION><ns:SEND_TO_SYSTEM>123</ns:SEND_TO_SYSTEM><ns:SIGN_DEL/><ns:STATUS>01</ns:STATUS><ns:STATUS_RECORD>123</ns:STATUS_RECORD><ns:TDLNR>147838</ns:TDLNR><ns:TDLNR_NAME>Р›Рљ РўСѓРґР°-РЎСЋРґР°</ns:TDLNR_NAME><ns:TIME_ARR>123</ns:TIME_ARR><ns:TIME_SEND>000000</ns:TIME_SEND><ns:TIME_SEND_BY>000000</ns:TIME_SEND_BY><ns:TIME_SEND_FR>000000</ns:TIME_SEND_FR><ns:TOR_ID>auto-cac08d9b51b0</ns:TOR_ID><ns:TRATY>123</ns:TRATY><ns:TRATY_TXT>123</ns:TRATY_TXT><ns:VEHICLE_CONTAINER>123</ns:VEHICLE_CONTAINER><ns:VEHICLE_NUMBER>123</ns:VEHICLE_NUMBER><ns:VSBED>123</ns:VSBED><ns:VSBED_TXT>123</ns:VSBED_TXT><ns:VSTEL_TOR>2420</ns:VSTEL_TOR><ns:VSTEL_TOR_TEXT>РђРґСЂРµСЃ РїСѓРЅРєС‚Р° РѕС‚РіСЂСѓР·РєРё РњРѕСЃРєРІР°</ns:VSTEL_TOR_TEXT></ns:DT_TrOrder_OutDelivDocument></ns:Document><ns:GuidMsgOutb>165A59AB7CA7RFDABBBcac08d9b51b0</ns:GuidMsgOutb><ns:SystemReceiver>123</ns:SystemReceiver><ns:SystemSender>123</ns:SystemSender></ns:DT_TrOrder_OutDeliv></tem:packages></tem:Load></SOAP-ENV:Body></SOAP-ENV:Envelope>

]]></system-out>
  </testcase>
  <testcase name="checkNoMATNR" classname="tests.TestControlValidDataTransportOrder" time="5.871">
    <system-out><![CDATA[auto-34b113745099
Request SOAP Message:
<SOAP-ENV:Envelope xmlns:SOAP-ENV="http://schemas.xmlsoap.org/soap/envelope/" xmlns:ns="http://schemas.datacontract.org/2004/07/" xmlns:tem="http://tempuri.org/"><SOAP-ENV:Header/><SOAP-ENV:Body><tem:Load><tem:packages><ns:DT_TrOrder_OutDeliv><ns:Document><ns:DT_TrOrder_OutDelivDocument><ns:COMMENT_TXT>123</ns:COMMENT_TXT><ns:COST>500</ns:COST><ns:DATE_ARR>123</ns:DATE_ARR><ns:DATE_LICENSE>123</ns:DATE_LICENSE><ns:DATE_SEND>20240130</ns:DATE_SEND><ns:DATE_SEND_BY>20240130</ns:DATE_SEND_BY><ns:DATE_SEND_FR>20231110</ns:DATE_SEND_FR><ns:DATE_WU>123</ns:DATE_WU><ns:DRIVER>123</ns:DRIVER><ns:DRIVER_LICENSE>123</ns:DRIVER_LICENSE><ns:DRIVER_PHONE>123</ns:DRIVER_PHONE><ns:Delivery><ns:DT_TrOrder_OutDelivDocumentDelivery><ns:ADDRESS_DESCR>РіРѕСЂРѕРґ РњРѕСЃРєРІР°, СѓР»РёС†Р° Р§РµСЂРµРјСѓС€РєРёРЅСЃРєР°СЏ РЅР°Р±РµСЂРµР¶РЅР°СЏ, РґРѕРј 18</ns:ADDRESS_DESCR><ns:BLDAT>123</ns:BLDAT><ns:DES_LOC>123</ns:DES_LOC><ns:DES_LOC_TEXT>РўРµСЃС‚РѕРІС‹Р№ РџРћ РњРѕСЃРєРІР° </ns:DES_LOC_TEXT><ns:DeliveryItem><ns:DT_TrOrder_OutDelivDocumentDeliveryDeliveryItem><ns:ARKTX>РњР°СЃР»Рѕ РјРѕС‚ Р› РђРІР°РЅРі РЈР»СЊС‚СЂР° PLUS SAE 10W-40 </ns:ARKTX><ns:BISMT>123456</ns:BISMT><ns:BRGEW>217.880</ns:BRGEW><ns:CHARG>123</ns:CHARG><ns:DENSITY>123</ns:DENSITY><ns:GEWEI>KG</ns:GEWEI><ns:LFIMG>123</ns:LFIMG><ns:LGMNG>217.650</ns:LGMNG><ns:LGORT>0001</ns:LGORT><ns:MATKL>3127</ns:MATKL><ns:MATNR/><ns:MEINS>KG</ns:MEINS><ns:NTGEW>0.080</ns:NTGEW><ns:POSNR>000020</ns:POSNR><ns:TEMPB>123</ns:TEMPB><ns:VISCOSITY>123</ns:VISCOSITY><ns:VRKME>KG</ns:VRKME><ns:WERKS>2420</ns:WERKS><ns:ZBP_TEXT>123</ns:ZBP_TEXT><ns:ZMT_TEXT>123</ns:ZMT_TEXT></ns:DT_TrOrder_OutDelivDocumentDeliveryDeliveryItem></ns:DeliveryItem><ns:INCO1>CPT</ns:INCO1><ns:INCO2>(РўРќРџ) Рђ/Рџ Р”РћРњРћР”Р•Р”РћР’Рћ</ns:INCO2><ns:KUNAG>147838</ns:KUNAG><ns:KUNAG_NAME>РћРћРћ Р Р�Рљ РїРѕРєСѓРїР°С‚РµР»СЏ</ns:KUNAG_NAME><ns:KUNNR/><ns:KUNNR_NAME>РћРћРћ Р Р�Рљ Р“СЂСѓР·РѕРїРѕР»СѓС‡Р°С‚РµР»СЊ</ns:KUNNR_NAME><ns:LADGR>123</ns:LADGR><ns:LADGR_TEXT>123</ns:LADGR_TEXT><ns:LFART>ZMLI</ns:LFART><ns:SRC_LOC>SP_2420</ns:SRC_LOC><ns:SRC_LOC_TXT>РџРћ 2420 Р›Р›Рљ РўРџРџ Р’РѕР»РіРѕРіСЂР°Рґ</ns:SRC_LOC_TXT><ns:STAGE_ROUTE>00001</ns:STAGE_ROUTE><ns:TRATY_STAGE>9018</ns:TRATY_STAGE><ns:VBELN>7000239609</ns:VBELN><ns:VBTYP>J</ns:VBTYP><ns:VKORG>2400</ns:VKORG><ns:VSTEL>2420</ns:VSTEL><ns:XABLN>123</ns:XABLN><ns:XPOS>55,720722</ns:XPOS><ns:YPOS>37.774463</ns:YPOS></ns:DT_TrOrder_OutDelivDocumentDelivery></ns:Delivery><ns:LICENSE>123</ns:LICENSE><ns:NET_DURATION>180</ns:NET_DURATION><ns:SEND_TO_SYSTEM>123</ns:SEND_TO_SYSTEM><ns:SIGN_DEL/><ns:STATUS>01</ns:STATUS><ns:STATUS_RECORD>123</ns:STATUS_RECORD><ns:TDLNR>147838</ns:TDLNR><ns:TDLNR_NAME>Р›Рљ РўСѓРґР°-РЎСЋРґР°</ns:TDLNR_NAME><ns:TIME_ARR>123</ns:TIME_ARR><ns:TIME_SEND>000000</ns:TIME_SEND><ns:TIME_SEND_BY>000000</ns:TIME_SEND_BY><ns:TIME_SEND_FR>000000</ns:TIME_SEND_FR><ns:TOR_ID>auto-34b113745099</ns:TOR_ID><ns:TRATY>123</ns:TRATY><ns:TRATY_TXT>123</ns:TRATY_TXT><ns:VEHICLE_CONTAINER>123</ns:VEHICLE_CONTAINER><ns:VEHICLE_NUMBER>123</ns:VEHICLE_NUMBER><ns:VSBED>123</ns:VSBED><ns:VSBED_TXT>123</ns:VSBED_TXT><ns:VSTEL_TOR>2420</ns:VSTEL_TOR><ns:VSTEL_TOR_TEXT>РђРґСЂРµСЃ РїСѓРЅРєС‚Р° РѕС‚РіСЂСѓР·РєРё РњРѕСЃРєРІР°</ns:VSTEL_TOR_TEXT></ns:DT_TrOrder_OutDelivDocument></ns:Document><ns:GuidMsgOutb>165A59AB7CA7RFDABBB34b113745099</ns:GuidMsgOutb><ns:SystemReceiver>123</ns:SystemReceiver><ns:SystemSender>123</ns:SystemSender></ns:DT_TrOrder_OutDeliv></tem:packages></tem:Load></SOAP-ENV:Body></SOAP-ENV:Envelope>

]]></system-out>
  </testcase>
  <testcase name="checkNoVSTEL" classname="tests.TestControlValidDataTransportOrder" time="5.893">
    <system-out><![CDATA[auto-c641d7a46fea
Request SOAP Message:
<SOAP-ENV:Envelope xmlns:SOAP-ENV="http://schemas.xmlsoap.org/soap/envelope/" xmlns:ns="http://schemas.datacontract.org/2004/07/" xmlns:tem="http://tempuri.org/"><SOAP-ENV:Header/><SOAP-ENV:Body><tem:Load><tem:packages><ns:DT_TrOrder_OutDeliv><ns:Document><ns:DT_TrOrder_OutDelivDocument><ns:COMMENT_TXT>123</ns:COMMENT_TXT><ns:COST>500</ns:COST><ns:DATE_ARR>123</ns:DATE_ARR><ns:DATE_LICENSE>123</ns:DATE_LICENSE><ns:DATE_SEND>20240130</ns:DATE_SEND><ns:DATE_SEND_BY>20240130</ns:DATE_SEND_BY><ns:DATE_SEND_FR>20231110</ns:DATE_SEND_FR><ns:DATE_WU>123</ns:DATE_WU><ns:DRIVER>123</ns:DRIVER><ns:DRIVER_LICENSE>123</ns:DRIVER_LICENSE><ns:DRIVER_PHONE>123</ns:DRIVER_PHONE><ns:Delivery><ns:DT_TrOrder_OutDelivDocumentDelivery><ns:ADDRESS_DESCR>РіРѕСЂРѕРґ РњРѕСЃРєРІР°, СѓР»РёС†Р° Р§РµСЂРµРјСѓС€РєРёРЅСЃРєР°СЏ РЅР°Р±РµСЂРµР¶РЅР°СЏ, РґРѕРј 18</ns:ADDRESS_DESCR><ns:BLDAT>123</ns:BLDAT><ns:DES_LOC>123</ns:DES_LOC><ns:DES_LOC_TEXT>РўРµСЃС‚РѕРІС‹Р№ РџРћ РњРѕСЃРєРІР° </ns:DES_LOC_TEXT><ns:DeliveryItem><ns:DT_TrOrder_OutDelivDocumentDeliveryDeliveryItem><ns:ARKTX>РњР°СЃР»Рѕ РјРѕС‚ Р› РђРІР°РЅРі РЈР»СЊС‚СЂР° PLUS SAE 10W-40 </ns:ARKTX><ns:BISMT>123456</ns:BISMT><ns:BRGEW>217.880</ns:BRGEW><ns:CHARG>123</ns:CHARG><ns:DENSITY>123</ns:DENSITY><ns:GEWEI>KG</ns:GEWEI><ns:LFIMG>123</ns:LFIMG><ns:LGMNG>217.650</ns:LGMNG><ns:LGORT>0001</ns:LGORT><ns:MATKL>3127</ns:MATKL><ns:MATNR>00000000000000022</ns:MATNR><ns:MEINS>KG</ns:MEINS><ns:NTGEW>0.080</ns:NTGEW><ns:POSNR>000020</ns:POSNR><ns:TEMPB>123</ns:TEMPB><ns:VISCOSITY>123</ns:VISCOSITY><ns:VRKME>KG</ns:VRKME><ns:WERKS>2420</ns:WERKS><ns:ZBP_TEXT>123</ns:ZBP_TEXT><ns:ZMT_TEXT>123</ns:ZMT_TEXT></ns:DT_TrOrder_OutDelivDocumentDeliveryDeliveryItem></ns:DeliveryItem><ns:INCO1>CPT</ns:INCO1><ns:INCO2>(РўРќРџ) Рђ/Рџ Р”РћРњРћР”Р•Р”РћР’Рћ</ns:INCO2><ns:KUNAG>147838</ns:KUNAG><ns:KUNAG_NAME>РћРћРћ Р Р�Рљ РїРѕРєСѓРїР°С‚РµР»СЏ</ns:KUNAG_NAME><ns:KUNNR/><ns:KUNNR_NAME>РћРћРћ Р Р�Рљ Р“СЂСѓР·РѕРїРѕР»СѓС‡Р°С‚РµР»СЊ</ns:KUNNR_NAME><ns:LADGR>123</ns:LADGR><ns:LADGR_TEXT>123</ns:LADGR_TEXT><ns:LFART>ZMLI</ns:LFART><ns:SRC_LOC>SP_2420</ns:SRC_LOC><ns:SRC_LOC_TXT>РџРћ 2420 Р›Р›Рљ РўРџРџ Р’РѕР»РіРѕРіСЂР°Рґ</ns:SRC_LOC_TXT><ns:STAGE_ROUTE>00001</ns:STAGE_ROUTE><ns:TRATY_STAGE>9018</ns:TRATY_STAGE><ns:VBELN>7000239609</ns:VBELN><ns:VBTYP>J</ns:VBTYP><ns:VKORG>2400</ns:VKORG><ns:VSTEL/><ns:XABLN>123</ns:XABLN><ns:XPOS>55,720722</ns:XPOS><ns:YPOS>37.774463</ns:YPOS></ns:DT_TrOrder_OutDelivDocumentDelivery></ns:Delivery><ns:LICENSE>123</ns:LICENSE><ns:NET_DURATION>180</ns:NET_DURATION><ns:SEND_TO_SYSTEM>123</ns:SEND_TO_SYSTEM><ns:SIGN_DEL/><ns:STATUS>01</ns:STATUS><ns:STATUS_RECORD>123</ns:STATUS_RECORD><ns:TDLNR>147838</ns:TDLNR><ns:TDLNR_NAME>Р›Рљ РўСѓРґР°-РЎСЋРґР°</ns:TDLNR_NAME><ns:TIME_ARR>123</ns:TIME_ARR><ns:TIME_SEND>000000</ns:TIME_SEND><ns:TIME_SEND_BY>000000</ns:TIME_SEND_BY><ns:TIME_SEND_FR>000000</ns:TIME_SEND_FR><ns:TOR_ID>auto-c641d7a46fea</ns:TOR_ID><ns:TRATY>123</ns:TRATY><ns:TRATY_TXT>123</ns:TRATY_TXT><ns:VEHICLE_CONTAINER>123</ns:VEHICLE_CONTAINER><ns:VEHICLE_NUMBER>123</ns:VEHICLE_NUMBER><ns:VSBED>123</ns:VSBED><ns:VSBED_TXT>123</ns:VSBED_TXT><ns:VSTEL_TOR>2420</ns:VSTEL_TOR><ns:VSTEL_TOR_TEXT>РђРґСЂРµСЃ РїСѓРЅРєС‚Р° РѕС‚РіСЂСѓР·РєРё РњРѕСЃРєРІР°</ns:VSTEL_TOR_TEXT></ns:DT_TrOrder_OutDelivDocument></ns:Document><ns:GuidMsgOutb>165A59AB7CA7RFDABBBc641d7a46fea</ns:GuidMsgOutb><ns:SystemReceiver>123</ns:SystemReceiver><ns:SystemSender>123</ns:SystemSender></ns:DT_TrOrder_OutDeliv></tem:packages></tem:Load></SOAP-ENV:Body></SOAP-ENV:Envelope>

]]></system-out>
  </testcase>
</testsuite>